myHadoop: Using HADOOP_HOME=/expanse/lustre/projects/uot182/fegaras/hadoop-3.2.2
myHadoop: Using MH_SCRATCH_DIR=/scratch/pjethwa/job_17375502
myHadoop: Using JAVA_HOME=/cm/shared/apps/spack/cpu/opt/spack/linux-centos8-zen2/gcc-10.2.0/openjdk-11.0.2-ysua3xn34v6hnko3reiffhlg2r2q7fol
myHadoop: Generating Hadoop configuration in directory in /home/pjethwa/expansecluster...
myHadoop: Backing up old config dir to /home/pjethwa/expansecluster.10...
renamed '/home/pjethwa/expansecluster' -> '/home/pjethwa/expansecluster.10'
myHadoop: Designating exp-6-03 as master node (namenode, secondary namenode, and jobtracker)
myHadoop: The following nodes will be slaves (datanode, tasktracer):
exp-6-03
WARNING: /scratch/pjethwa/job_17375502/pids does not exist. Creating.
WARNING: /scratch/pjethwa/job_17375502/logs does not exist. Creating.
2022-11-08 16:46:51,728 INFO namenode.NameNode: STARTUP_MSG: 
/************************************************************
STARTUP_MSG: Starting NameNode
STARTUP_MSG:   host = exp-6-03/198.202.102.208
STARTUP_MSG:   args = [-format, -nonInteractive, -force]
STARTUP_MSG:   version = 3.2.2
STARTUP_MSG:   classpath = /home/pjethwa/expansecluster:/expanse/lustre/projects/uot182/fegaras/hadoop-3.2.2/share/hadoop/common/lib/jackson-databind-2.9.10.4.jar:/expanse/lustre/projects/uot182/fegaras/hadoop-3.2.2/share/hadoop/common/lib/jsp-api-2.1.jar:/expanse/lustre/projects/uot182/fegaras/hadoop-3.2.2/share/hadoop/common/lib/jackson-jaxrs-1.9.13.jar:/expanse/lustre/projects/uot182/fegaras/hadoop-3.2.2/share/hadoop/common/lib/kerb-identity-1.0.1.jar:/expanse/lustre/projects/uot182/fegaras/hadoop-3.2.2/share/hadoop/common/lib/snappy-java-1.0.5.jar:/expanse/lustre/projects/uot182/fegaras/hadoop-3.2.2/share/hadoop/common/lib/failureaccess-1.0.jar:/expanse/lustre/projects/uot182/fegaras/hadoop-3.2.2/share/hadoop/common/lib/error_prone_annotations-2.2.0.jar:/expanse/lustre/projects/uot182/fegaras/hadoop-3.2.2/share/hadoop/common/lib/protobuf-java-2.5.0.jar:/expanse/lustre/projects/uot182/fegaras/hadoop-3.2.2/share/hadoop/common/lib/jaxb-api-2.2.11.jar:/expanse/lustre/projects/uot182/fegaras/hadoop-3.2.2/share/hadoop/common/lib/commons-beanutils-1.9.4.jar:/expanse/lustre/projects/uot182/fegaras/hadoop-3.2.2/share/hadoop/common/lib/kerb-client-1.0.1.jar:/expanse/lustre/projects/uot182/fegaras/hadoop-3.2.2/share/hadoop/common/lib/jul-to-slf4j-1.7.25.jar:/expanse/lustre/projects/uot182/fegaras/hadoop-3.2.2/share/hadoop/common/lib/commons-logging-1.1.3.jar:/expanse/lustre/projects/uot182/fegaras/hadoop-3.2.2/share/hadoop/common/lib/hadoop-annotations-3.2.2.jar:/expanse/lustre/projects/uot182/fegaras/hadoop-3.2.2/share/hadoop/common/lib/kerb-common-1.0.1.jar:/expanse/lustre/projects/uot182/fegaras/hadoop-3.2.2/share/hadoop/common/lib/kerb-simplekdc-1.0.1.jar:/expanse/lustre/projects/uot182/fegaras/hadoop-3.2.2/share/hadoop/common/lib/woodstox-core-5.0.3.jar:/expanse/lustre/projects/uot182/fegaras/hadoop-3.2.2/share/hadoop/common/lib/metrics-core-3.2.4.jar:/expanse/lustre/projects/uot182/fegaras/hadoop-3.2.2/share/hadoop/common/lib/stax2-api-3.1.4.jar:/expanse/lustre/projects/uot182/fegaras/hadoop-3.2.2/share/hadoop/common/lib/jetty-security-9.4.20.v20190813.jar:/expanse/lustre/projects/uot182/fegaras/hadoop-3.2.2/share/hadoop/common/lib/avro-1.7.7.jar:/expanse/lustre/projects/uot182/fegaras/hadoop-3.2.2/share/hadoop/common/lib/accessors-smart-1.2.jar:/expanse/lustre/projects/uot182/fegaras/hadoop-3.2.2/share/hadoop/common/lib/jersey-servlet-1.19.jar:/expanse/lustre/projects/uot182/fegaras/hadoop-3.2.2/share/hadoop/common/lib/kerb-server-1.0.1.jar:/expanse/lustre/projects/uot182/fegaras/hadoop-3.2.2/share/hadoop/common/lib/jackson-core-asl-1.9.13.jar:/expanse/lustre/projects/uot182/fegaras/hadoop-3.2.2/share/hadoop/common/lib/kerb-crypto-1.0.1.jar:/expanse/lustre/projects/uot182/fegaras/hadoop-3.2.2/share/hadoop/common/lib/jcip-annotations-1.0-1.jar:/expanse/lustre/projects/uot182/fegaras/hadoop-3.2.2/share/hadoop/common/lib/kerby-util-1.0.1.jar:/expanse/lustre/projects/uot182/fegaras/hadoop-3.2.2/share/hadoop/common/lib/jetty-io-9.4.20.v20190813.jar:/expanse/lustre/projects/uot182/fegaras/hadoop-3.2.2/share/hadoop/common/lib/commons-cli-1.2.jar:/expanse/lustre/projects/uot182/fegaras/hadoop-3.2.2/share/hadoop/common/lib/re2j-1.1.jar:/expanse/lustre/projects/uot182/fegaras/hadoop-3.2.2/share/hadoop/common/lib/j2objc-annotations-1.1.jar:/expanse/lustre/projects/uot182/fegaras/hadoop-3.2.2/share/hadoop/common/lib/jsr305-3.0.2.jar:/expanse/lustre/projects/uot182/fegaras/hadoop-3.2.2/share/hadoop/common/lib/nimbus-jose-jwt-7.9.jar:/expanse/lustre/projects/uot182/fegaras/hadoop-3.2.2/share/hadoop/common/lib/commons-lang3-3.7.jar:/expanse/lustre/projects/uot182/fegaras/hadoop-3.2.2/share/hadoop/common/lib/gson-2.2.4.jar:/expanse/lustre/projects/uot182/fegaras/hadoop-3.2.2/share/hadoop/common/lib/token-provider-1.0.1.jar:/expanse/lustre/projects/uot182/fegaras/hadoop-3.2.2/share/hadoop/common/lib/jackson-xc-1.9.13.jar:/expanse/lustre/projects/uot182/fegaras/hadoop-3.2.2/share/hadoop/common/lib/jersey-server-1.19.jar:/expanse/lustre/projects/uot182/fegaras/hadoop-3.2.2/share/hadoop/common/lib/kerb-util-1.0.1.jar:/expanse/lustre/projects/uot182/fegaras/hadoop-3.2.2/share/hadoop/common/lib/kerby-xdr-1.0.1.jar:/expanse/lustre/projects/uot182/fegaras/hadoop-3.2.2/share/hadoop/common/lib/jettison-1.1.jar:/expanse/lustre/projects/uot182/fegaras/hadoop-3.2.2/share/hadoop/common/lib/kerby-asn1-1.0.1.jar:/expanse/lustre/projects/uot182/fegaras/hadoop-3.2.2/share/hadoop/common/lib/hadoop-auth-3.2.2.jar:/expanse/lustre/projects/uot182/fegaras/hadoop-3.2.2/share/hadoop/common/lib/curator-recipes-2.13.0.jar:/expanse/lustre/projects/uot182/fegaras/hadoop-3.2.2/share/hadoop/common/lib/kerby-pkix-1.0.1.jar:/expanse/lustre/projects/uot182/fegaras/hadoop-3.2.2/share/hadoop/common/lib/jersey-core-1.19.jar:/expanse/lustre/projects/uot182/fegaras/hadoop-3.2.2/share/hadoop/common/lib/commons-compress-1.19.jar:/expanse/lustre/projects/uot182/fegaras/hadoop-3.2.2/share/hadoop/common/lib/commons-text-1.4.jar:/expanse/lustre/projects/uot182/fegaras/hadoop-3.2.2/share/hadoop/common/lib/httpcore-4.4.13.jar:/expanse/lustre/projects/uot182/fegaras/hadoop-3.2.2/share/hadoop/common/lib/jetty-server-9.4.20.v20190813.jar:/expanse/lustre/projects/uot182/fegaras/hadoop-3.2.2/share/hadoop/common/lib/json-smart-2.3.jar:/expanse/lustre/projects/uot182/fegaras/hadoop-3.2.2/share/hadoop/common/lib/jetty-webapp-9.4.20.v20190813.jar:/expanse/lustre/projects/uot182/fegaras/hadoop-3.2.2/share/hadoop/common/lib/dnsjava-2.1.7.jar:/expanse/lustre/projects/uot182/fegaras/hadoop-3.2.2/share/hadoop/common/lib/jetty-servlet-9.4.20.v20190813.jar:/expanse/lustre/projects/uot182/fegaras/hadoop-3.2.2/share/hadoop/common/lib/asm-5.0.4.jar:/expanse/lustre/projects/uot182/fegaras/hadoop-3.2.2/share/hadoop/common/lib/log4j-1.2.17.jar:/expanse/lustre/projects/uot182/fegaras/hadoop-3.2.2/share/hadoop/common/lib/jetty-xml-9.4.20.v20190813.jar:/expanse/lustre/projects/uot182/fegaras/hadoop-3.2.2/share/hadoop/common/lib/jackson-annotations-2.9.10.jar:/expanse/lustre/projects/uot182/fegaras/hadoop-3.2.2/share/hadoop/common/lib/htrace-core4-4.1.0-incubating.jar:/expanse/lustre/projects/uot182/fegaras/hadoop-3.2.2/share/hadoop/common/lib/kerb-admin-1.0.1.jar:/expanse/lustre/projects/uot182/fegaras/hadoop-3.2.2/share/hadoop/common/lib/audience-annotations-0.5.0.jar:/expanse/lustre/projects/uot182/fegaras/hadoop-3.2.2/share/hadoop/common/lib/commons-net-3.6.jar:/expanse/lustre/projects/uot182/fegaras/hadoop-3.2.2/share/hadoop/common/lib/javax.servlet-api-3.1.0.jar:/expanse/lustre/projects/uot182/fegaras/hadoop-3.2.2/share/hadoop/common/lib/guava-27.0-jre.jar:/expanse/lustre/projects/uot182/fegaras/hadoop-3.2.2/share/hadoop/common/lib/javax.activation-api-1.2.0.jar:/expanse/lustre/projects/uot182/fegaras/hadoop-3.2.2/share/hadoop/common/lib/kerb-core-1.0.1.jar:/expanse/lustre/projects/uot182/fegaras/hadoop-3.2.2/share/hadoop/common/lib/commons-math3-3.1.1.jar:/expanse/lustre/projects/uot182/fegaras/hadoop-3.2.2/share/hadoop/common/lib/commons-collections-3.2.2.jar:/expanse/lustre/projects/uot182/fegaras/hadoop-3.2.2/share/hadoop/common/lib/jetty-util-9.4.20.v20190813.jar:/expanse/lustre/projects/uot182/fegaras/hadoop-3.2.2/share/hadoop/common/lib/jaxb-impl-2.2.3-1.jar:/expanse/lustre/projects/uot182/fegaras/hadoop-3.2.2/share/hadoop/common/lib/jackson-core-2.9.10.jar:/expanse/lustre/projects/uot182/fegaras/hadoop-3.2.2/share/hadoop/common/lib/zookeeper-3.4.13.jar:/expanse/lustre/projects/uot182/fegaras/hadoop-3.2.2/share/hadoop/common/lib/slf4j-log4j12-1.7.25.jar:/expanse/lustre/projects/uot182/fegaras/hadoop-3.2.2/share/hadoop/common/lib/curator-client-2.13.0.jar:/expanse/lustre/projects/uot182/fegaras/hadoop-3.2.2/share/hadoop/common/lib/checker-qual-2.5.2.jar:/expanse/lustre/projects/uot182/fegaras/hadoop-3.2.2/share/hadoop/common/lib/commons-io-2.5.jar:/expanse/lustre/projects/uot182/fegaras/hadoop-3.2.2/share/hadoop/common/lib/jetty-http-9.4.20.v20190813.jar:/expanse/lustre/projects/uot182/fegaras/hadoop-3.2.2/share/hadoop/common/lib/jsch-0.1.55.jar:/expanse/lustre/projects/uot182/fegaras/hadoop-3.2.2/share/hadoop/common/lib/commons-codec-1.11.jar:/expanse/lustre/projects/uot182/fegaras/hadoop-3.2.2/share/hadoop/common/lib/httpclient-4.5.13.jar:/expanse/lustre/projects/uot182/fegaras/hadoop-3.2.2/share/hadoop/common/lib/commons-configuration2-2.1.1.jar:/expanse/lustre/projects/uot182/fegaras/hadoop-3.2.2/share/hadoop/common/lib/kerby-config-1.0.1.jar:/expanse/lustre/projects/uot182/fegaras/hadoop-3.2.2/share/hadoop/common/lib/animal-sniffer-annotations-1.17.jar:/expanse/lustre/projects/uot182/fegaras/hadoop-3.2.2/share/hadoop/common/lib/listenablefuture-9999.0-empty-to-avoid-conflict-with-guava.jar:/expanse/lustre/projects/uot182/fegaras/hadoop-3.2.2/share/hadoop/common/lib/curator-framework-2.13.0.jar:/expanse/lustre/projects/uot182/fegaras/hadoop-3.2.2/share/hadoop/common/lib/netty-3.10.6.Final.jar:/expanse/lustre/projects/uot182/fegaras/hadoop-3.2.2/share/hadoop/common/lib/paranamer-2.3.jar:/expanse/lustre/projects/uot182/fegaras/hadoop-3.2.2/share/hadoop/common/lib/jsr311-api-1.1.1.jar:/expanse/lustre/projects/uot182/fegaras/hadoop-3.2.2/share/hadoop/common/lib/slf4j-api-1.7.25.jar:/expanse/lustre/projects/uot182/fegaras/hadoop-3.2.2/share/hadoop/common/lib/jackson-mapper-asl-1.9.13.jar:/expanse/lustre/projects/uot182/fegaras/hadoop-3.2.2/share/hadoop/common/lib/jersey-json-1.19.jar:/expanse/lustre/projects/uot182/fegaras/hadoop-3.2.2/share/hadoop/common/hadoop-common-3.2.2.jar:/expanse/lustre/projects/uot182/fegaras/hadoop-3.2.2/share/hadoop/common/hadoop-kms-3.2.2.jar:/expanse/lustre/projects/uot182/fegaras/hadoop-3.2.2/share/hadoop/common/hadoop-common-3.2.2-tests.jar:/expanse/lustre/projects/uot182/fegaras/hadoop-3.2.2/share/hadoop/common/hadoop-nfs-3.2.2.jar:/expanse/lustre/projects/uot182/fegaras/hadoop-3.2.2/share/hadoop/hdfs:/expanse/lustre/projects/uot182/fegaras/hadoop-3.2.2/share/hadoop/hdfs/lib/kerb-identity-1.0.1.jar:/expanse/lustre/projects/uot182/fegaras/hadoop-3.2.2/share/hadoop/hdfs/lib/commons-io-2.5.jar:/expanse/lustre/projects/uot182/fegaras/hadoop-3.2.2/share/hadoop/hdfs/lib/commons-cli-1.2.jar:/expanse/lustre/projects/uot182/fegaras/hadoop-3.2.2/share/hadoop/hdfs/lib/kerby-pkix-1.0.1.jar:/expanse/lustre/projects/uot182/fegaras/hadoop-3.2.2/share/hadoop/hdfs/lib/kerb-util-1.0.1.jar:/expanse/lustre/projects/uot182/fegaras/hadoop-3.2.2/share/hadoop/hdfs/lib/okio-1.6.0.jar:/expanse/lustre/projects/uot182/fegaras/hadoop-3.2.2/share/hadoop/hdfs/lib/protobuf-java-2.5.0.jar:/expanse/lustre/projects/uot182/fegaras/hadoop-3.2.2/share/hadoop/hdfs/lib/kerby-asn1-1.0.1.jar:/expanse/lustre/projects/uot182/fegaras/hadoop-3.2.2/share/hadoop/hdfs/lib/kerby-xdr-1.0.1.jar:/expanse/lustre/projects/uot182/fegaras/hadoop-3.2.2/share/hadoop/hdfs/lib/jackson-mapper-asl-1.9.13.jar:/expanse/lustre/projects/uot182/fegaras/hadoop-3.2.2/share/hadoop/hdfs/lib/jersey-core-1.19.jar:/expanse/lustre/projects/uot182/fegaras/hadoop-3.2.2/share/hadoop/hdfs/lib/gson-2.2.4.jar:/expanse/lustre/projects/uot182/fegaras/hadoop-3.2.2/share/hadoop/hdfs/lib/httpclient-4.5.13.jar:/expanse/lustre/projects/uot182/fegaras/hadoop-3.2.2/share/hadoop/hdfs/lib/commons-configuration2-2.1.1.jar:/expanse/lustre/projects/uot182/fegaras/hadoop-3.2.2/share/hadoop/hdfs/lib/re2j-1.1.jar:/expanse/lustre/projects/uot182/fegaras/hadoop-3.2.2/share/hadoop/hdfs/lib/commons-text-1.4.jar:/expanse/lustre/projects/uot182/fegaras/hadoop-3.2.2/share/hadoop/hdfs/lib/curator-framework-2.13.0.jar:/expanse/lustre/projects/uot182/fegaras/hadoop-3.2.2/share/hadoop/hdfs/lib/jetty-server-9.4.20.v20190813.jar:/expanse/lustre/projects/uot182/fegaras/hadoop-3.2.2/share/hadoop/hdfs/lib/jetty-webapp-9.4.20.v20190813.jar:/expanse/lustre/projects/uot182/fegaras/hadoop-3.2.2/share/hadoop/hdfs/lib/woodstox-core-5.0.3.jar:/expanse/lustre/projects/uot182/fegaras/hadoop-3.2.2/share/hadoop/hdfs/lib/jersey-servlet-1.19.jar:/expanse/lustre/projects/uot182/fegaras/hadoop-3.2.2/share/hadoop/hdfs/lib/accessors-smart-1.2.jar:/expanse/lustre/projects/uot182/fegaras/hadoop-3.2.2/share/hadoop/hdfs/lib/jcip-annotations-1.0-1.jar:/expanse/lustre/projects/uot182/fegaras/hadoop-3.2.2/share/hadoop/hdfs/lib/asm-5.0.4.jar:/expanse/lustre/projects/uot182/fegaras/hadoop-3.2.2/share/hadoop/hdfs/lib/log4j-1.2.17.jar:/expanse/lustre/projects/uot182/fegaras/hadoop-3.2.2/share/hadoop/hdfs/lib/paranamer-2.3.jar:/expanse/lustre/projects/uot182/fegaras/hadoop-3.2.2/share/hadoop/hdfs/lib/httpcore-4.4.13.jar:/expanse/lustre/projects/uot182/fegaras/hadoop-3.2.2/share/hadoop/hdfs/lib/j2objc-annotations-1.1.jar:/expanse/lustre/projects/uot182/fegaras/hadoop-3.2.2/share/hadoop/hdfs/lib/error_prone_annotations-2.2.0.jar:/expanse/lustre/projects/uot182/fegaras/hadoop-3.2.2/share/hadoop/hdfs/lib/commons-codec-1.11.jar:/expanse/lustre/projects/uot182/fegaras/hadoop-3.2.2/share/hadoop/hdfs/lib/okhttp-2.7.5.jar:/expanse/lustre/projects/uot182/fegaras/hadoop-3.2.2/share/hadoop/hdfs/lib/kerby-util-1.0.1.jar:/expanse/lustre/projects/uot182/fegaras/hadoop-3.2.2/share/hadoop/hdfs/lib/kerby-config-1.0.1.jar:/expanse/lustre/projects/uot182/fegaras/hadoop-3.2.2/share/hadoop/hdfs/lib/json-simple-1.1.1.jar:/expanse/lustre/projects/uot182/fegaras/hadoop-3.2.2/share/hadoop/hdfs/lib/guava-27.0-jre.jar:/expanse/lustre/projects/uot182/fegaras/hadoop-3.2.2/share/hadoop/hdfs/lib/checker-qual-2.5.2.jar:/expanse/lustre/projects/uot182/fegaras/hadoop-3.2.2/share/hadoop/hdfs/lib/nimbus-jose-jwt-7.9.jar:/expanse/lustre/projects/uot182/fegaras/hadoop-3.2.2/share/hadoop/hdfs/lib/jaxb-api-2.2.11.jar:/expanse/lustre/projects/uot182/fegaras/hadoop-3.2.2/share/hadoop/hdfs/lib/leveldbjni-all-1.8.jar:/expanse/lustre/projects/uot182/fegaras/hadoop-3.2.2/share/hadoop/hdfs/lib/netty-all-4.1.48.Final.jar:/expanse/lustre/projects/uot182/fegaras/hadoop-3.2.2/share/hadoop/hdfs/lib/jetty-util-ajax-9.4.20.v20190813.jar:/expanse/lustre/projects/uot182/fegaras/hadoop-3.2.2/share/hadoop/hdfs/lib/curator-client-2.13.0.jar:/expanse/lustre/projects/uot182/fegaras/hadoop-3.2.2/share/hadoop/hdfs/lib/curator-recipes-2.13.0.jar:/expanse/lustre/projects/uot182/fegaras/hadoop-3.2.2/share/hadoop/hdfs/lib/jaxb-impl-2.2.3-1.jar:/expanse/lustre/projects/uot182/fegaras/hadoop-3.2.2/share/hadoop/hdfs/lib/javax.servlet-api-3.1.0.jar:/expanse/lustre/projects/uot182/fegaras/hadoop-3.2.2/share/hadoop/hdfs/lib/jetty-security-9.4.20.v20190813.jar:/expanse/lustre/projects/uot182/fegaras/hadoop-3.2.2/share/hadoop/hdfs/lib/netty-3.10.6.Final.jar:/expanse/lustre/projects/uot182/fegaras/hadoop-3.2.2/share/hadoop/hdfs/lib/commons-collections-3.2.2.jar:/expanse/lustre/projects/uot182/fegaras/hadoop-3.2.2/share/hadoop/hdfs/lib/avro-1.7.7.jar:/expanse/lustre/projects/uot182/fegaras/hadoop-3.2.2/share/hadoop/hdfs/lib/stax2-api-3.1.4.jar:/expanse/lustre/projects/uot182/fegaras/hadoop-3.2.2/share/hadoop/hdfs/lib/jetty-http-9.4.20.v20190813.jar:/expanse/lustre/projects/uot182/fegaras/hadoop-3.2.2/share/hadoop/hdfs/lib/jsr311-api-1.1.1.jar:/expanse/lustre/projects/uot182/fegaras/hadoop-3.2.2/share/hadoop/hdfs/lib/jersey-json-1.19.jar:/expanse/lustre/projects/uot182/fegaras/hadoop-3.2.2/share/hadoop/hdfs/lib/jackson-xc-1.9.13.jar:/expanse/lustre/projects/uot182/fegaras/hadoop-3.2.2/share/hadoop/hdfs/lib/commons-lang3-3.7.jar:/expanse/lustre/projects/uot182/fegaras/hadoop-3.2.2/share/hadoop/hdfs/lib/commons-math3-3.1.1.jar:/expanse/lustre/projects/uot182/fegaras/hadoop-3.2.2/share/hadoop/hdfs/lib/kerb-simplekdc-1.0.1.jar:/expanse/lustre/projects/uot182/fegaras/hadoop-3.2.2/share/hadoop/hdfs/lib/animal-sniffer-annotations-1.17.jar:/expanse/lustre/projects/uot182/fegaras/hadoop-3.2.2/share/hadoop/hdfs/lib/dnsjava-2.1.7.jar:/expanse/lustre/projects/uot182/fegaras/hadoop-3.2.2/share/hadoop/hdfs/lib/jackson-core-2.9.10.jar:/expanse/lustre/projects/uot182/fegaras/hadoop-3.2.2/share/hadoop/hdfs/lib/jsch-0.1.55.jar:/expanse/lustre/projects/uot182/fegaras/hadoop-3.2.2/share/hadoop/hdfs/lib/hadoop-auth-3.2.2.jar:/expanse/lustre/projects/uot182/fegaras/hadoop-3.2.2/share/hadoop/hdfs/lib/jackson-jaxrs-1.9.13.jar:/expanse/lustre/projects/uot182/fegaras/hadoop-3.2.2/share/hadoop/hdfs/lib/commons-daemon-1.0.13.jar:/expanse/lustre/projects/uot182/fegaras/hadoop-3.2.2/share/hadoop/hdfs/lib/commons-compress-1.19.jar:/expanse/lustre/projects/uot182/fegaras/hadoop-3.2.2/share/hadoop/hdfs/lib/json-smart-2.3.jar:/expanse/lustre/projects/uot182/fegaras/hadoop-3.2.2/share/hadoop/hdfs/lib/failureaccess-1.0.jar:/expanse/lustre/projects/uot182/fegaras/hadoop-3.2.2/share/hadoop/hdfs/lib/snappy-java-1.0.5.jar:/expanse/lustre/projects/uot182/fegaras/hadoop-3.2.2/share/hadoop/hdfs/lib/htrace-core4-4.1.0-incubating.jar:/expanse/lustre/projects/uot182/fegaras/hadoop-3.2.2/share/hadoop/hdfs/lib/jersey-server-1.19.jar:/expanse/lustre/projects/uot182/fegaras/hadoop-3.2.2/share/hadoop/hdfs/lib/jetty-servlet-9.4.20.v20190813.jar:/expanse/lustre/projects/uot182/fegaras/hadoop-3.2.2/share/hadoop/hdfs/lib/kerb-client-1.0.1.jar:/expanse/lustre/projects/uot182/fegaras/hadoop-3.2.2/share/hadoop/hdfs/lib/jackson-core-asl-1.9.13.jar:/expanse/lustre/projects/uot182/fegaras/hadoop-3.2.2/share/hadoop/hdfs/lib/hadoop-annotations-3.2.2.jar:/expanse/lustre/projects/uot182/fegaras/hadoop-3.2.2/share/hadoop/hdfs/lib/kerb-core-1.0.1.jar:/expanse/lustre/projects/uot182/fegaras/hadoop-3.2.2/share/hadoop/hdfs/lib/commons-net-3.6.jar:/expanse/lustre/projects/uot182/fegaras/hadoop-3.2.2/share/hadoop/hdfs/lib/jetty-io-9.4.20.v20190813.jar:/expanse/lustre/projects/uot182/fegaras/hadoop-3.2.2/share/hadoop/hdfs/lib/zookeeper-3.4.13.jar:/expanse/lustre/projects/uot182/fegaras/hadoop-3.2.2/share/hadoop/hdfs/lib/jetty-util-9.4.20.v20190813.jar:/expanse/lustre/projects/uot182/fegaras/hadoop-3.2.2/share/hadoop/hdfs/lib/jackson-databind-2.9.10.4.jar:/expanse/lustre/projects/uot182/fegaras/hadoop-3.2.2/share/hadoop/hdfs/lib/javax.activation-api-1.2.0.jar:/expanse/lustre/projects/uot182/fegaras/hadoop-3.2.2/share/hadoop/hdfs/lib/jettison-1.1.jar:/expanse/lustre/projects/uot182/fegaras/hadoop-3.2.2/share/hadoop/hdfs/lib/kerb-admin-1.0.1.jar:/expanse/lustre/projects/uot182/fegaras/hadoop-3.2.2/share/hadoop/hdfs/lib/audience-annotations-0.5.0.jar:/expanse/lustre/projects/uot182/fegaras/hadoop-3.2.2/share/hadoop/hdfs/lib/kerb-common-1.0.1.jar:/expanse/lustre/projects/uot182/fegaras/hadoop-3.2.2/share/hadoop/hdfs/lib/jetty-xml-9.4.20.v20190813.jar:/expanse/lustre/projects/uot182/fegaras/hadoop-3.2.2/share/hadoop/hdfs/lib/jackson-annotations-2.9.10.jar:/expanse/lustre/projects/uot182/fegaras/hadoop-3.2.2/share/hadoop/hdfs/lib/token-provider-1.0.1.jar:/expanse/lustre/projects/uot182/fegaras/hadoop-3.2.2/share/hadoop/hdfs/lib/jsr305-3.0.2.jar:/expanse/lustre/projects/uot182/fegaras/hadoop-3.2.2/share/hadoop/hdfs/lib/listenablefuture-9999.0-empty-to-avoid-conflict-with-guava.jar:/expanse/lustre/projects/uot182/fegaras/hadoop-3.2.2/share/hadoop/hdfs/lib/commons-beanutils-1.9.4.jar:/expanse/lustre/projects/uot182/fegaras/hadoop-3.2.2/share/hadoop/hdfs/lib/commons-logging-1.1.3.jar:/expanse/lustre/projects/uot182/fegaras/hadoop-3.2.2/share/hadoop/hdfs/lib/kerb-crypto-1.0.1.jar:/expanse/lustre/projects/uot182/fegaras/hadoop-3.2.2/share/hadoop/hdfs/lib/kerb-server-1.0.1.jar:/expanse/lustre/projects/uot182/fegaras/hadoop-3.2.2/share/hadoop/hdfs/hadoop-hdfs-httpfs-3.2.2.jar:/expanse/lustre/projects/uot182/fegaras/hadoop-3.2.2/share/hadoop/hdfs/hadoop-hdfs-native-client-3.2.2.jar:/expanse/lustre/projects/uot182/fegaras/hadoop-3.2.2/share/hadoop/hdfs/hadoop-hdfs-client-3.2.2-tests.jar:/expanse/lustre/projects/uot182/fegaras/hadoop-3.2.2/share/hadoop/hdfs/hadoop-hdfs-native-client-3.2.2-tests.jar:/expanse/lustre/projects/uot182/fegaras/hadoop-3.2.2/share/hadoop/hdfs/hadoop-hdfs-rbf-3.2.2-tests.jar:/expanse/lustre/projects/uot182/fegaras/hadoop-3.2.2/share/hadoop/hdfs/hadoop-hdfs-3.2.2-tests.jar:/expanse/lustre/projects/uot182/fegaras/hadoop-3.2.2/share/hadoop/hdfs/hadoop-hdfs-3.2.2.jar:/expanse/lustre/projects/uot182/fegaras/hadoop-3.2.2/share/hadoop/hdfs/hadoop-hdfs-nfs-3.2.2.jar:/expanse/lustre/projects/uot182/fegaras/hadoop-3.2.2/share/hadoop/hdfs/hadoop-hdfs-client-3.2.2.jar:/expanse/lustre/projects/uot182/fegaras/hadoop-3.2.2/share/hadoop/hdfs/hadoop-hdfs-rbf-3.2.2.jar:/expanse/lustre/projects/uot182/fegaras/hadoop-3.2.2/share/hadoop/mapreduce/lib/hamcrest-core-1.3.jar:/expanse/lustre/projects/uot182/fegaras/hadoop-3.2.2/share/hadoop/mapreduce/lib/junit-4.11.jar:/expanse/lustre/projects/uot182/fegaras/hadoop-3.2.2/share/hadoop/mapreduce/hadoop-mapreduce-client-core-3.2.2.jar:/expanse/lustre/projects/uot182/fegaras/hadoop-3.2.2/share/hadoop/mapreduce/hadoop-mapreduce-client-jobclient-3.2.2.jar:/expanse/lustre/projects/uot182/fegaras/hadoop-3.2.2/share/hadoop/mapreduce/hadoop-mapreduce-client-common-3.2.2.jar:/expanse/lustre/projects/uot182/fegaras/hadoop-3.2.2/share/hadoop/mapreduce/hadoop-mapreduce-client-hs-3.2.2.jar:/expanse/lustre/projects/uot182/fegaras/hadoop-3.2.2/share/hadoop/mapreduce/hadoop-mapreduce-client-jobclient-3.2.2-tests.jar:/expanse/lustre/projects/uot182/fegaras/hadoop-3.2.2/share/hadoop/mapreduce/hadoop-mapreduce-examples-3.2.2.jar:/expanse/lustre/projects/uot182/fegaras/hadoop-3.2.2/share/hadoop/mapreduce/hadoop-mapreduce-client-hs-plugins-3.2.2.jar:/expanse/lustre/projects/uot182/fegaras/hadoop-3.2.2/share/hadoop/mapreduce/hadoop-mapreduce-client-uploader-3.2.2.jar:/expanse/lustre/projects/uot182/fegaras/hadoop-3.2.2/share/hadoop/mapreduce/hadoop-mapreduce-client-nativetask-3.2.2.jar:/expanse/lustre/projects/uot182/fegaras/hadoop-3.2.2/share/hadoop/mapreduce/hadoop-mapreduce-client-shuffle-3.2.2.jar:/expanse/lustre/projects/uot182/fegaras/hadoop-3.2.2/share/hadoop/mapreduce/hadoop-mapreduce-client-app-3.2.2.jar:/expanse/lustre/projects/uot182/fegaras/hadoop-3.2.2/share/hadoop/yarn:/expanse/lustre/projects/uot182/fegaras/hadoop-3.2.2/share/hadoop/yarn/lib/java-util-1.9.0.jar:/expanse/lustre/projects/uot182/fegaras/hadoop-3.2.2/share/hadoop/yarn/lib/jackson-jaxrs-base-2.9.10.jar:/expanse/lustre/projects/uot182/fegaras/hadoop-3.2.2/share/hadoop/yarn/lib/mssql-jdbc-6.2.1.jre7.jar:/expanse/lustre/projects/uot182/fegaras/hadoop-3.2.2/share/hadoop/yarn/lib/json-io-2.5.1.jar:/expanse/lustre/projects/uot182/fegaras/hadoop-3.2.2/share/hadoop/yarn/lib/bcprov-jdk15on-1.60.jar:/expanse/lustre/projects/uot182/fegaras/hadoop-3.2.2/share/hadoop/yarn/lib/ehcache-3.3.1.jar:/expanse/lustre/projects/uot182/fegaras/hadoop-3.2.2/share/hadoop/yarn/lib/fst-2.50.jar:/expanse/lustre/projects/uot182/fegaras/hadoop-3.2.2/share/hadoop/yarn/lib/guice-4.0.jar:/expanse/lustre/projects/uot182/fegaras/hadoop-3.2.2/share/hadoop/yarn/lib/bcpkix-jdk15on-1.60.jar:/expanse/lustre/projects/uot182/fegaras/hadoop-3.2.2/share/hadoop/yarn/lib/objenesis-1.0.jar:/expanse/lustre/projects/uot182/fegaras/hadoop-3.2.2/share/hadoop/yarn/lib/jackson-module-jaxb-annotations-2.9.10.jar:/expanse/lustre/projects/uot182/fegaras/hadoop-3.2.2/share/hadoop/yarn/lib/aopalliance-1.0.jar:/expanse/lustre/projects/uot182/fegaras/hadoop-3.2.2/share/hadoop/yarn/lib/jersey-client-1.19.jar:/expanse/lustre/projects/uot182/fegaras/hadoop-3.2.2/share/hadoop/yarn/lib/snakeyaml-1.16.jar:/expanse/lustre/projects/uot182/fegaras/hadoop-3.2.2/share/hadoop/yarn/lib/jackson-jaxrs-json-provider-2.9.10.jar:/expanse/lustre/projects/uot182/fegaras/hadoop-3.2.2/share/hadoop/yarn/lib/javax.inject-1.jar:/expanse/lustre/projects/uot182/fegaras/hadoop-3.2.2/share/hadoop/yarn/lib/jersey-guice-1.19.jar:/expanse/lustre/projects/uot182/fegaras/hadoop-3.2.2/share/hadoop/yarn/lib/geronimo-jcache_1.0_spec-1.0-alpha-1.jar:/expanse/lustre/projects/uot182/fegaras/hadoop-3.2.2/share/hadoop/yarn/lib/swagger-annotations-1.5.4.jar:/expanse/lustre/projects/uot182/fegaras/hadoop-3.2.2/share/hadoop/yarn/lib/guice-servlet-4.0.jar:/expanse/lustre/projects/uot182/fegaras/hadoop-3.2.2/share/hadoop/yarn/lib/metrics-core-3.2.4.jar:/expanse/lustre/projects/uot182/fegaras/hadoop-3.2.2/share/hadoop/yarn/lib/HikariCP-java7-2.4.12.jar:/expanse/lustre/projects/uot182/fegaras/hadoop-3.2.2/share/hadoop/yarn/hadoop-yarn-applications-distributedshell-3.2.2.jar:/expanse/lustre/projects/uot182/fegaras/hadoop-3.2.2/share/hadoop/yarn/hadoop-yarn-server-web-proxy-3.2.2.jar:/expanse/lustre/projects/uot182/fegaras/hadoop-3.2.2/share/hadoop/yarn/hadoop-yarn-services-core-3.2.2.jar:/expanse/lustre/projects/uot182/fegaras/hadoop-3.2.2/share/hadoop/yarn/hadoop-yarn-server-common-3.2.2.jar:/expanse/lustre/projects/uot182/fegaras/hadoop-3.2.2/share/hadoop/yarn/hadoop-yarn-server-sharedcachemanager-3.2.2.jar:/expanse/lustre/projects/uot182/fegaras/hadoop-3.2.2/share/hadoop/yarn/hadoop-yarn-server-router-3.2.2.jar:/expanse/lustre/projects/uot182/fegaras/hadoop-3.2.2/share/hadoop/yarn/hadoop-yarn-api-3.2.2.jar:/expanse/lustre/projects/uot182/fegaras/hadoop-3.2.2/share/hadoop/yarn/hadoop-yarn-registry-3.2.2.jar:/expanse/lustre/projects/uot182/fegaras/hadoop-3.2.2/share/hadoop/yarn/hadoop-yarn-server-timeline-pluginstorage-3.2.2.jar:/expanse/lustre/projects/uot182/fegaras/hadoop-3.2.2/share/hadoop/yarn/hadoop-yarn-server-tests-3.2.2.jar:/expanse/lustre/projects/uot182/fegaras/hadoop-3.2.2/share/hadoop/yarn/hadoop-yarn-services-api-3.2.2.jar:/expanse/lustre/projects/uot182/fegaras/hadoop-3.2.2/share/hadoop/yarn/hadoop-yarn-server-nodemanager-3.2.2.jar:/expanse/lustre/projects/uot182/fegaras/hadoop-3.2.2/share/hadoop/yarn/hadoop-yarn-applications-unmanaged-am-launcher-3.2.2.jar:/expanse/lustre/projects/uot182/fegaras/hadoop-3.2.2/share/hadoop/yarn/hadoop-yarn-server-resourcemanager-3.2.2.jar:/expanse/lustre/projects/uot182/fegaras/hadoop-3.2.2/share/hadoop/yarn/hadoop-yarn-client-3.2.2.jar:/expanse/lustre/projects/uot182/fegaras/hadoop-3.2.2/share/hadoop/yarn/hadoop-yarn-server-applicationhistoryservice-3.2.2.jar:/expanse/lustre/projects/uot182/fegaras/hadoop-3.2.2/share/hadoop/yarn/hadoop-yarn-common-3.2.2.jar:/expanse/lustre/projects/uot182/fegaras/hadoop-3.2.2/share/hadoop/yarn/hadoop-yarn-submarine-3.2.2.jar
STARTUP_MSG:   build = Unknown -r 7a3bc90b05f257c8ace2f76d74264906f0f7a932; compiled by 'hexiaoqiao' on 2021-01-03T09:26Z
STARTUP_MSG:   java = 11.0.2
************************************************************/
2022-11-08 16:46:51,734 INFO namenode.NameNode: registered UNIX signal handlers for [TERM, HUP, INT]
2022-11-08 16:46:51,788 INFO namenode.NameNode: createNameNode [-format, -nonInteractive, -force]
2022-11-08 16:46:52,086 INFO common.Util: Assuming 'file' scheme for path /scratch/pjethwa/job_17375502/namenode_data in configuration.
2022-11-08 16:46:52,087 INFO common.Util: Assuming 'file' scheme for path /scratch/pjethwa/job_17375502/namenode_data in configuration.
Formatting using clusterid: CID-8c07f809-6769-4782-9dc4-7c90a3370221
2022-11-08 16:46:52,107 INFO namenode.FSEditLog: Edit logging is async:true
2022-11-08 16:46:52,126 INFO namenode.FSNamesystem: KeyProvider: null
2022-11-08 16:46:52,127 INFO namenode.FSNamesystem: fsLock is fair: true
2022-11-08 16:46:52,127 INFO namenode.FSNamesystem: Detailed lock hold time metrics enabled: false
2022-11-08 16:46:52,154 INFO namenode.FSNamesystem: fsOwner             = pjethwa (auth:SIMPLE)
2022-11-08 16:46:52,154 INFO namenode.FSNamesystem: supergroup          = supergroup
2022-11-08 16:46:52,154 INFO namenode.FSNamesystem: isPermissionEnabled = true
2022-11-08 16:46:52,155 INFO namenode.FSNamesystem: HA Enabled: false
2022-11-08 16:46:52,248 INFO common.Util: dfs.datanode.fileio.profiling.sampling.percentage set to 0. Disabling file IO profiling
2022-11-08 16:46:52,254 INFO blockmanagement.DatanodeManager: dfs.block.invalidate.limit: configured=1000, counted=60, effected=1000
2022-11-08 16:46:52,254 INFO blockmanagement.DatanodeManager: dfs.namenode.datanode.registration.ip-hostname-check=true
2022-11-08 16:46:52,257 INFO blockmanagement.BlockManager: dfs.namenode.startup.delay.block.deletion.sec is set to 000:00:00:00.000
2022-11-08 16:46:52,257 INFO blockmanagement.BlockManager: The block deletion will start around 2022 Nov 08 16:46:52
2022-11-08 16:46:52,258 INFO util.GSet: Computing capacity for map BlocksMap
2022-11-08 16:46:52,258 INFO util.GSet: VM type       = 64-bit
2022-11-08 16:46:52,259 INFO util.GSet: 2.0% max memory 30.0 GB = 613.8 MB
2022-11-08 16:46:52,259 INFO util.GSet: capacity      = 2^26 = 67108864 entries
2022-11-08 16:46:52,291 INFO blockmanagement.BlockManager: Storage policy satisfier is disabled
2022-11-08 16:46:52,291 INFO blockmanagement.BlockManager: dfs.block.access.token.enable = false
2022-11-08 16:46:52,295 INFO Configuration.deprecation: No unit for dfs.namenode.safemode.extension(30000) assuming MILLISECONDS
2022-11-08 16:46:52,295 INFO blockmanagement.BlockManagerSafeMode: dfs.namenode.safemode.threshold-pct = 0.9990000128746033
2022-11-08 16:46:52,295 INFO blockmanagement.BlockManagerSafeMode: dfs.namenode.safemode.min.datanodes = 0
2022-11-08 16:46:52,295 INFO blockmanagement.BlockManagerSafeMode: dfs.namenode.safemode.extension = 30000
2022-11-08 16:46:52,296 INFO blockmanagement.BlockManager: defaultReplication         = 3
2022-11-08 16:46:52,296 INFO blockmanagement.BlockManager: maxReplication             = 512
2022-11-08 16:46:52,296 INFO blockmanagement.BlockManager: minReplication             = 1
2022-11-08 16:46:52,296 INFO blockmanagement.BlockManager: maxReplicationStreams      = 2
2022-11-08 16:46:52,296 INFO blockmanagement.BlockManager: redundancyRecheckInterval  = 3000ms
2022-11-08 16:46:52,296 INFO blockmanagement.BlockManager: encryptDataTransfer        = false
2022-11-08 16:46:52,296 INFO blockmanagement.BlockManager: maxNumBlocksToLog          = 1000
2022-11-08 16:46:52,310 INFO namenode.FSDirectory: GLOBAL serial map: bits=29 maxEntries=536870911
2022-11-08 16:46:52,310 INFO namenode.FSDirectory: USER serial map: bits=24 maxEntries=16777215
2022-11-08 16:46:52,310 INFO namenode.FSDirectory: GROUP serial map: bits=24 maxEntries=16777215
2022-11-08 16:46:52,310 INFO namenode.FSDirectory: XATTR serial map: bits=24 maxEntries=16777215
2022-11-08 16:46:52,316 INFO util.GSet: Computing capacity for map INodeMap
2022-11-08 16:46:52,316 INFO util.GSet: VM type       = 64-bit
2022-11-08 16:46:52,316 INFO util.GSet: 1.0% max memory 30.0 GB = 306.9 MB
2022-11-08 16:46:52,316 INFO util.GSet: capacity      = 2^25 = 33554432 entries
2022-11-08 16:46:52,331 INFO namenode.FSDirectory: ACLs enabled? false
2022-11-08 16:46:52,331 INFO namenode.FSDirectory: POSIX ACL inheritance enabled? true
2022-11-08 16:46:52,331 INFO namenode.FSDirectory: XAttrs enabled? true
2022-11-08 16:46:52,331 INFO namenode.NameNode: Caching file names occurring more than 10 times
2022-11-08 16:46:52,335 INFO snapshot.SnapshotManager: Loaded config captureOpenFiles: false, skipCaptureAccessTimeOnlyChange: false, snapshotDiffAllowSnapRootDescendant: true, maxSnapshotLimit: 65536
2022-11-08 16:46:52,336 INFO snapshot.SnapshotManager: SkipList is disabled
2022-11-08 16:46:52,339 INFO util.GSet: Computing capacity for map cachedBlocks
2022-11-08 16:46:52,340 INFO util.GSet: VM type       = 64-bit
2022-11-08 16:46:52,340 INFO util.GSet: 0.25% max memory 30.0 GB = 76.7 MB
2022-11-08 16:46:52,340 INFO util.GSet: capacity      = 2^23 = 8388608 entries
2022-11-08 16:46:52,349 INFO metrics.TopMetrics: NNTop conf: dfs.namenode.top.window.num.buckets = 10
2022-11-08 16:46:52,350 INFO metrics.TopMetrics: NNTop conf: dfs.namenode.top.num.users = 10
2022-11-08 16:46:52,350 INFO metrics.TopMetrics: NNTop conf: dfs.namenode.top.windows.minutes = 1,5,25
2022-11-08 16:46:52,352 INFO namenode.FSNamesystem: Retry cache on namenode is enabled
2022-11-08 16:46:52,352 INFO namenode.FSNamesystem: Retry cache will use 0.03 of total heap and retry cache entry expiry time is 600000 millis
2022-11-08 16:46:52,353 INFO util.GSet: Computing capacity for map NameNodeRetryCache
2022-11-08 16:46:52,353 INFO util.GSet: VM type       = 64-bit
2022-11-08 16:46:52,353 INFO util.GSet: 0.029999999329447746% max memory 30.0 GB = 9.2 MB
2022-11-08 16:46:52,353 INFO util.GSet: capacity      = 2^20 = 1048576 entries
2022-11-08 16:46:52,369 INFO namenode.FSImage: Allocated new BlockPoolId: BP-1452481322-198.202.102.208-1667954812365
2022-11-08 16:46:52,381 INFO common.Storage: Storage directory /scratch/pjethwa/job_17375502/namenode_data has been successfully formatted.
2022-11-08 16:46:52,406 INFO namenode.FSImageFormatProtobuf: Saving image file /scratch/pjethwa/job_17375502/namenode_data/current/fsimage.ckpt_0000000000000000000 using no compression
2022-11-08 16:46:52,488 INFO namenode.FSImageFormatProtobuf: Image file /scratch/pjethwa/job_17375502/namenode_data/current/fsimage.ckpt_0000000000000000000 of size 399 bytes saved in 0 seconds .
2022-11-08 16:46:52,501 INFO namenode.NNStorageRetentionManager: Going to retain 1 images with txid >= 0
2022-11-08 16:46:52,505 INFO namenode.FSImage: FSImageSaver clean checkpoint: txid=0 when meet shutdown.
2022-11-08 16:46:52,505 INFO namenode.NameNode: SHUTDOWN_MSG: 
/************************************************************
SHUTDOWN_MSG: Shutting down NameNode at exp-6-03/198.202.102.208
************************************************************/
myHadoop:  
myHadoop: Enabling experimental Spark support
myHadoop: Using SPARK_CONF_DIR=/home/pjethwa/expansecluster/spark
myHadoop:  
To use Spark, you will want to type the following commands:"
  source /home/pjethwa/expansecluster/spark/spark-env.sh
  myspark start
Starting namenodes on [exp-6-03]
Starting datanodes
WARNING: HADOOP_SECURE_DN_PID_DIR has been replaced by HADOOP_SECURE_PID_DIR. Using value of HADOOP_SECURE_DN_PID_DIR.
localhost: @@@@@@@@@@@@@@@@@@@@@@@@@@@@@@@@@@@@@@@@@@@@@@@@@@@@@@@@@@@
localhost: @    WARNING: REMOTE HOST IDENTIFICATION HAS CHANGED!     @
localhost: @@@@@@@@@@@@@@@@@@@@@@@@@@@@@@@@@@@@@@@@@@@@@@@@@@@@@@@@@@@
localhost: IT IS POSSIBLE THAT SOMEONE IS DOING SOMETHING NASTY!
localhost: Someone could be eavesdropping on you right now (man-in-the-middle attack)!
localhost: It is also possible that a host key has just been changed.
localhost: The fingerprint for the ED25519 key sent by the remote host is
localhost: SHA256:s9OBCvzAJptskXvAXB/IMdOscOQ2A+p0OywrKnIyaeg.
localhost: Please contact your system administrator.
localhost: Add correct host key in /home/pjethwa/.ssh/known_hosts to get rid of this message.
localhost: Offending ED25519 key in /home/pjethwa/.ssh/known_hosts:1
localhost: Password authentication is disabled to avoid man-in-the-middle attacks.
localhost: Keyboard-interactive authentication is disabled to avoid man-in-the-middle attacks.
localhost: WARNING: HADOOP_SECURE_DN_PID_DIR has been replaced by HADOOP_SECURE_PID_DIR. Using value of HADOOP_SECURE_DN_PID_DIR.
Starting secondary namenodes [exp-6-03]
starting org.apache.spark.deploy.master.Master, logging to /scratch/pjethwa/job_17375502/logs/spark-pjethwa-org.apache.spark.deploy.master.Master-1-exp-6-03.out
exp-6-03: starting org.apache.spark.deploy.worker.Worker, logging to /expanse/lustre/projects/uot182/fegaras/spark-3.1.2-bin-hadoop3.2/logs/spark-pjethwa-org.apache.spark.deploy.worker.Worker-1-exp-6-03.out
WARNING: An illegal reflective access operation has occurred
WARNING: Illegal reflective access by org.apache.spark.unsafe.Platform (file:/expanse/lustre/projects/uot182/fegaras/spark-3.1.2-bin-hadoop3.2/jars/spark-unsafe_2.12-3.1.2.jar) to constructor java.nio.DirectByteBuffer(long,int)
WARNING: Please consider reporting this to the maintainers of org.apache.spark.unsafe.Platform
WARNING: Use --illegal-access=warn to enable warnings of further illegal reflective access operations
WARNING: All illegal access operations will be denied in a future release
2022-11-08 16:47:15,207 WARN util.NativeCodeLoader: Unable to load native-hadoop library for your platform... using builtin-java classes where applicable
2022-11-08 16:47:15,354 INFO spark.SparkContext: Running Spark version 3.1.2
2022-11-08 16:47:15,388 INFO resource.ResourceUtils: ==============================================================
2022-11-08 16:47:15,388 INFO resource.ResourceUtils: No custom resources configured for spark.driver.
2022-11-08 16:47:15,388 INFO resource.ResourceUtils: ==============================================================
2022-11-08 16:47:15,389 INFO spark.SparkContext: Submitted application: Graph
2022-11-08 16:47:15,404 INFO resource.ResourceProfile: Default ResourceProfile created, executor resources: Map(cores -> name: cores, amount: 1, script: , vendor: , memory -> name: memory, amount: 1024, script: , vendor: , offHeap -> name: offHeap, amount: 0, script: , vendor: ), task resources: Map(cpus -> name: cpus, amount: 1.0)
2022-11-08 16:47:15,421 INFO resource.ResourceProfile: Limiting resource is cpu
2022-11-08 16:47:15,421 INFO resource.ResourceProfileManager: Added ResourceProfile id: 0
2022-11-08 16:47:15,453 INFO spark.SecurityManager: Changing view acls to: pjethwa
2022-11-08 16:47:15,453 INFO spark.SecurityManager: Changing modify acls to: pjethwa
2022-11-08 16:47:15,453 INFO spark.SecurityManager: Changing view acls groups to: 
2022-11-08 16:47:15,453 INFO spark.SecurityManager: Changing modify acls groups to: 
2022-11-08 16:47:15,453 INFO spark.SecurityManager: SecurityManager: authentication disabled; ui acls disabled; users  with view permissions: Set(pjethwa); groups with view permissions: Set(); users  with modify permissions: Set(pjethwa); groups with modify permissions: Set()
2022-11-08 16:47:15,623 INFO util.Utils: Successfully started service 'sparkDriver' on port 34775.
2022-11-08 16:47:15,647 INFO spark.SparkEnv: Registering MapOutputTracker
2022-11-08 16:47:15,668 INFO spark.SparkEnv: Registering BlockManagerMaster
2022-11-08 16:47:15,681 INFO storage.BlockManagerMasterEndpoint: Using org.apache.spark.storage.DefaultTopologyMapper for getting topology information
2022-11-08 16:47:15,682 INFO storage.BlockManagerMasterEndpoint: BlockManagerMasterEndpoint up
2022-11-08 16:47:15,684 INFO spark.SparkEnv: Registering BlockManagerMasterHeartbeat
2022-11-08 16:47:15,694 INFO storage.DiskBlockManager: Created local directory at /tmp/blockmgr-c21cc25e-c9b5-4fad-b647-6e5405253b73
2022-11-08 16:47:15,718 INFO memory.MemoryStore: MemoryStore started with capacity 434.4 MiB
2022-11-08 16:47:15,730 INFO spark.SparkEnv: Registering OutputCommitCoordinator
2022-11-08 16:47:15,798 INFO util.log: Logging initialized @1654ms to org.sparkproject.jetty.util.log.Slf4jLog
2022-11-08 16:47:15,845 INFO server.Server: jetty-9.4.40.v20210413; built: 2021-04-13T20:42:42.668Z; git: b881a572662e1943a14ae12e7e1207989f218b74; jvm 11.0.2+9
2022-11-08 16:47:15,858 INFO server.Server: Started @1714ms
2022-11-08 16:47:15,884 INFO server.AbstractConnector: Started ServerConnector@4827ad89{HTTP/1.1, (http/1.1)}{exp-6-03:4040}
2022-11-08 16:47:15,884 INFO util.Utils: Successfully started service 'SparkUI' on port 4040.
2022-11-08 16:47:15,901 INFO handler.ContextHandler: Started o.s.j.s.ServletContextHandler@6d303498{/jobs,null,AVAILABLE,@Spark}
2022-11-08 16:47:15,903 INFO handler.ContextHandler: Started o.s.j.s.ServletContextHandler@65c86db8{/jobs/json,null,AVAILABLE,@Spark}
2022-11-08 16:47:15,903 INFO handler.ContextHandler: Started o.s.j.s.ServletContextHandler@ac20bb4{/jobs/job,null,AVAILABLE,@Spark}
2022-11-08 16:47:15,906 INFO handler.ContextHandler: Started o.s.j.s.ServletContextHandler@56380231{/jobs/job/json,null,AVAILABLE,@Spark}
2022-11-08 16:47:15,906 INFO handler.ContextHandler: Started o.s.j.s.ServletContextHandler@6b3f6585{/stages,null,AVAILABLE,@Spark}
2022-11-08 16:47:15,907 INFO handler.ContextHandler: Started o.s.j.s.ServletContextHandler@3e104d4b{/stages/json,null,AVAILABLE,@Spark}
2022-11-08 16:47:15,907 INFO handler.ContextHandler: Started o.s.j.s.ServletContextHandler@45e1aa48{/stages/stage,null,AVAILABLE,@Spark}
2022-11-08 16:47:15,909 INFO handler.ContextHandler: Started o.s.j.s.ServletContextHandler@2b8bd798{/stages/stage/json,null,AVAILABLE,@Spark}
2022-11-08 16:47:15,910 INFO handler.ContextHandler: Started o.s.j.s.ServletContextHandler@39c385d6{/stages/pool,null,AVAILABLE,@Spark}
2022-11-08 16:47:15,910 INFO handler.ContextHandler: Started o.s.j.s.ServletContextHandler@692e028d{/stages/pool/json,null,AVAILABLE,@Spark}
2022-11-08 16:47:15,911 INFO handler.ContextHandler: Started o.s.j.s.ServletContextHandler@43e1692f{/storage,null,AVAILABLE,@Spark}
2022-11-08 16:47:15,912 INFO handler.ContextHandler: Started o.s.j.s.ServletContextHandler@27df0f3d{/storage/json,null,AVAILABLE,@Spark}
2022-11-08 16:47:15,912 INFO handler.ContextHandler: Started o.s.j.s.ServletContextHandler@44550792{/storage/rdd,null,AVAILABLE,@Spark}
2022-11-08 16:47:15,913 INFO handler.ContextHandler: Started o.s.j.s.ServletContextHandler@474c9131{/storage/rdd/json,null,AVAILABLE,@Spark}
2022-11-08 16:47:15,913 INFO handler.ContextHandler: Started o.s.j.s.ServletContextHandler@aa4d8cc{/environment,null,AVAILABLE,@Spark}
2022-11-08 16:47:15,914 INFO handler.ContextHandler: Started o.s.j.s.ServletContextHandler@1fde0371{/environment/json,null,AVAILABLE,@Spark}
2022-11-08 16:47:15,915 INFO handler.ContextHandler: Started o.s.j.s.ServletContextHandler@5c8e67b9{/executors,null,AVAILABLE,@Spark}
2022-11-08 16:47:15,915 INFO handler.ContextHandler: Started o.s.j.s.ServletContextHandler@49206065{/executors/json,null,AVAILABLE,@Spark}
2022-11-08 16:47:15,916 INFO handler.ContextHandler: Started o.s.j.s.ServletContextHandler@1317b708{/executors/threadDump,null,AVAILABLE,@Spark}
2022-11-08 16:47:15,918 INFO handler.ContextHandler: Started o.s.j.s.ServletContextHandler@2e51d054{/executors/threadDump/json,null,AVAILABLE,@Spark}
2022-11-08 16:47:15,924 INFO handler.ContextHandler: Started o.s.j.s.ServletContextHandler@615e3f51{/static,null,AVAILABLE,@Spark}
2022-11-08 16:47:15,925 INFO handler.ContextHandler: Started o.s.j.s.ServletContextHandler@3a08078c{/,null,AVAILABLE,@Spark}
2022-11-08 16:47:15,926 INFO handler.ContextHandler: Started o.s.j.s.ServletContextHandler@29f85fe1{/api,null,AVAILABLE,@Spark}
2022-11-08 16:47:15,927 INFO handler.ContextHandler: Started o.s.j.s.ServletContextHandler@5f117b3d{/jobs/job/kill,null,AVAILABLE,@Spark}
2022-11-08 16:47:15,927 INFO handler.ContextHandler: Started o.s.j.s.ServletContextHandler@71b6d77f{/stages/stage/kill,null,AVAILABLE,@Spark}
2022-11-08 16:47:15,928 INFO ui.SparkUI: Bound SparkUI to exp-6-03, and started at http://exp-6-03.expanse.sdsc.edu:4040
2022-11-08 16:47:15,943 INFO spark.SparkContext: Added JAR file:/home/pjethwa/project5/graph.jar at spark://exp-6-03.expanse.sdsc.edu:34775/jars/graph.jar with timestamp 1667954835348
2022-11-08 16:47:16,094 INFO client.StandaloneAppClient$ClientEndpoint: Connecting to master spark://exp-6-03:7077...
2022-11-08 16:47:16,130 INFO client.TransportClientFactory: Successfully created connection to exp-6-03/198.202.102.208:7077 after 21 ms (0 ms spent in bootstraps)
2022-11-08 16:47:16,234 INFO cluster.StandaloneSchedulerBackend: Connected to Spark cluster with app ID app-20221108164716-0000
2022-11-08 16:47:16,241 INFO util.Utils: Successfully started service 'org.apache.spark.network.netty.NettyBlockTransferService' on port 40977.
2022-11-08 16:47:16,241 INFO netty.NettyBlockTransferService: Server created on exp-6-03.expanse.sdsc.edu:40977
2022-11-08 16:47:16,242 INFO storage.BlockManager: Using org.apache.spark.storage.RandomBlockReplicationPolicy for block replication policy
2022-11-08 16:47:16,246 INFO storage.BlockManagerMaster: Registering BlockManager BlockManagerId(driver, exp-6-03.expanse.sdsc.edu, 40977, None)
2022-11-08 16:47:16,249 INFO storage.BlockManagerMasterEndpoint: Registering block manager exp-6-03.expanse.sdsc.edu:40977 with 434.4 MiB RAM, BlockManagerId(driver, exp-6-03.expanse.sdsc.edu, 40977, None)
2022-11-08 16:47:16,250 INFO client.StandaloneAppClient$ClientEndpoint: Executor added: app-20221108164716-0000/0 on worker-20221108164709-198.202.102.208-44381 (198.202.102.208:44381) with 128 core(s)
2022-11-08 16:47:16,252 INFO cluster.StandaloneSchedulerBackend: Granted executor ID app-20221108164716-0000/0 on hostPort 198.202.102.208:44381 with 128 core(s), 1024.0 MiB RAM
2022-11-08 16:47:16,252 INFO storage.BlockManagerMaster: Registered BlockManager BlockManagerId(driver, exp-6-03.expanse.sdsc.edu, 40977, None)
2022-11-08 16:47:16,253 INFO storage.BlockManager: Initialized BlockManager: BlockManagerId(driver, exp-6-03.expanse.sdsc.edu, 40977, None)
2022-11-08 16:47:16,347 INFO client.StandaloneAppClient$ClientEndpoint: Executor updated: app-20221108164716-0000/0 is now RUNNING
2022-11-08 16:47:16,365 INFO handler.ContextHandler: Started o.s.j.s.ServletContextHandler@4db60246{/metrics/json,null,AVAILABLE,@Spark}
2022-11-08 16:47:16,394 INFO cluster.StandaloneSchedulerBackend: SchedulerBackend is ready for scheduling beginning after reached minRegisteredResourcesRatio: 0.0
2022-11-08 16:47:16,728 INFO memory.MemoryStore: Block broadcast_0 stored as values in memory (estimated size 177.3 KiB, free 434.2 MiB)
2022-11-08 16:47:16,796 INFO memory.MemoryStore: Block broadcast_0_piece0 stored as bytes in memory (estimated size 27.6 KiB, free 434.2 MiB)
2022-11-08 16:47:16,798 INFO storage.BlockManagerInfo: Added broadcast_0_piece0 in memory on exp-6-03.expanse.sdsc.edu:40977 (size: 27.6 KiB, free: 434.4 MiB)
2022-11-08 16:47:16,800 INFO spark.SparkContext: Created broadcast 0 from textFile at Graph.scala:23
2022-11-08 16:47:17,125 INFO mapred.FileInputFormat: Total input files to process : 1
2022-11-08 16:47:17,178 INFO spark.SparkContext: Starting job: foreach at Graph.scala:26
2022-11-08 16:47:17,189 INFO scheduler.DAGScheduler: Got job 0 (foreach at Graph.scala:26) with 2 output partitions
2022-11-08 16:47:17,189 INFO scheduler.DAGScheduler: Final stage: ResultStage 0 (foreach at Graph.scala:26)
2022-11-08 16:47:17,189 INFO scheduler.DAGScheduler: Parents of final stage: List()
2022-11-08 16:47:17,190 INFO scheduler.DAGScheduler: Missing parents: List()
2022-11-08 16:47:17,193 INFO scheduler.DAGScheduler: Submitting ResultStage 0 (MapPartitionsRDD[3] at map at Graph.scala:25), which has no missing parents
2022-11-08 16:47:17,217 INFO memory.MemoryStore: Block broadcast_1 stored as values in memory (estimated size 4.6 KiB, free 434.2 MiB)
2022-11-08 16:47:17,220 INFO memory.MemoryStore: Block broadcast_1_piece0 stored as bytes in memory (estimated size 2.6 KiB, free 434.2 MiB)
2022-11-08 16:47:17,220 INFO storage.BlockManagerInfo: Added broadcast_1_piece0 in memory on exp-6-03.expanse.sdsc.edu:40977 (size: 2.6 KiB, free: 434.4 MiB)
2022-11-08 16:47:17,221 INFO spark.SparkContext: Created broadcast 1 from broadcast at DAGScheduler.scala:1388
2022-11-08 16:47:17,231 INFO scheduler.DAGScheduler: Submitting 2 missing tasks from ResultStage 0 (MapPartitionsRDD[3] at map at Graph.scala:25) (first 15 tasks are for partitions Vector(0, 1))
2022-11-08 16:47:17,232 INFO scheduler.TaskSchedulerImpl: Adding task set 0.0 with 2 tasks resource profile 0
2022-11-08 16:47:17,982 INFO cluster.CoarseGrainedSchedulerBackend$DriverEndpoint: Registered executor NettyRpcEndpointRef(spark-client://Executor) (198.202.102.208:34752) with ID 0,  ResourceProfileId 0
2022-11-08 16:47:18,089 INFO storage.BlockManagerMasterEndpoint: Registering block manager 198.202.102.208:39729 with 434.4 MiB RAM, BlockManagerId(0, 198.202.102.208, 39729, None)
2022-11-08 16:47:18,196 INFO scheduler.TaskSetManager: Starting task 0.0 in stage 0.0 (TID 0) (198.202.102.208, executor 0, partition 0, ANY, 4523 bytes) taskResourceAssignments Map()
2022-11-08 16:47:18,197 INFO scheduler.TaskSetManager: Starting task 1.0 in stage 0.0 (TID 1) (198.202.102.208, executor 0, partition 1, ANY, 4523 bytes) taskResourceAssignments Map()
2022-11-08 16:47:18,380 INFO storage.BlockManagerInfo: Added broadcast_1_piece0 in memory on 198.202.102.208:39729 (size: 2.6 KiB, free: 434.4 MiB)
2022-11-08 16:47:18,580 INFO storage.BlockManagerInfo: Added broadcast_0_piece0 in memory on 198.202.102.208:39729 (size: 27.6 KiB, free: 434.4 MiB)
2022-11-08 16:47:19,823 INFO scheduler.TaskSetManager: Finished task 1.0 in stage 0.0 (TID 1) in 1626 ms on 198.202.102.208 (executor 0) (1/2)
2022-11-08 16:47:19,842 INFO scheduler.TaskSetManager: Finished task 0.0 in stage 0.0 (TID 0) in 1658 ms on 198.202.102.208 (executor 0) (2/2)
2022-11-08 16:47:19,843 INFO scheduler.TaskSchedulerImpl: Removed TaskSet 0.0, whose tasks have all completed, from pool 
2022-11-08 16:47:19,844 INFO scheduler.DAGScheduler: ResultStage 0 (foreach at Graph.scala:26) finished in 2.639 s
2022-11-08 16:47:19,847 INFO scheduler.DAGScheduler: Job 0 is finished. Cancelling potential speculative or zombie tasks for this job
2022-11-08 16:47:19,847 INFO scheduler.TaskSchedulerImpl: Killing all running tasks in stage 0: Stage finished
2022-11-08 16:47:19,848 INFO scheduler.DAGScheduler: Job 0 finished: foreach at Graph.scala:26, took 2.668987 s
2022-11-08 16:47:19,947 INFO storage.BlockManagerInfo: Removed broadcast_1_piece0 on exp-6-03.expanse.sdsc.edu:40977 in memory (size: 2.6 KiB, free: 434.4 MiB)
2022-11-08 16:47:19,953 INFO storage.BlockManagerInfo: Removed broadcast_1_piece0 on 198.202.102.208:39729 in memory (size: 2.6 KiB, free: 434.4 MiB)
2022-11-08 16:47:19,971 INFO spark.SparkContext: Starting job: sortBy at Graph.scala:43
2022-11-08 16:47:20,138 INFO scheduler.DAGScheduler: Registering RDD 3 (map at Graph.scala:25) as input to shuffle 0
2022-11-08 16:47:20,140 INFO scheduler.DAGScheduler: Registering RDD 4 (flatMap at Graph.scala:33) as input to shuffle 10
2022-11-08 16:47:20,140 INFO scheduler.DAGScheduler: Registering RDD 3 (map at Graph.scala:25) as input to shuffle 1
2022-11-08 16:47:20,141 INFO scheduler.DAGScheduler: Registering RDD 10 (flatMap at Graph.scala:33) as input to shuffle 9
2022-11-08 16:47:20,141 INFO scheduler.DAGScheduler: Registering RDD 16 (flatMap at Graph.scala:33) as input to shuffle 8
2022-11-08 16:47:20,141 INFO scheduler.DAGScheduler: Registering RDD 3 (map at Graph.scala:25) as input to shuffle 2
2022-11-08 16:47:20,142 INFO scheduler.DAGScheduler: Registering RDD 22 (flatMap at Graph.scala:33) as input to shuffle 7
2022-11-08 16:47:20,142 INFO scheduler.DAGScheduler: Registering RDD 3 (map at Graph.scala:25) as input to shuffle 3
2022-11-08 16:47:20,143 INFO scheduler.DAGScheduler: Registering RDD 28 (flatMap at Graph.scala:33) as input to shuffle 6
2022-11-08 16:47:20,143 INFO scheduler.DAGScheduler: Registering RDD 3 (map at Graph.scala:25) as input to shuffle 4
2022-11-08 16:47:20,143 INFO scheduler.DAGScheduler: Registering RDD 34 (map at Graph.scala:41) as input to shuffle 5
2022-11-08 16:47:20,144 INFO scheduler.DAGScheduler: Got job 1 (sortBy at Graph.scala:43) with 2 output partitions
2022-11-08 16:47:20,144 INFO scheduler.DAGScheduler: Final stage: ResultStage 12 (sortBy at Graph.scala:43)
2022-11-08 16:47:20,144 INFO scheduler.DAGScheduler: Parents of final stage: List(ShuffleMapStage 11)
2022-11-08 16:47:20,145 INFO scheduler.DAGScheduler: Missing parents: List(ShuffleMapStage 11)
2022-11-08 16:47:20,147 INFO scheduler.DAGScheduler: Submitting ShuffleMapStage 3 (MapPartitionsRDD[3] at map at Graph.scala:25), which has no missing parents
2022-11-08 16:47:20,154 INFO memory.MemoryStore: Block broadcast_2 stored as values in memory (estimated size 6.0 KiB, free 434.2 MiB)
2022-11-08 16:47:20,155 INFO memory.MemoryStore: Block broadcast_2_piece0 stored as bytes in memory (estimated size 3.4 KiB, free 434.2 MiB)
2022-11-08 16:47:20,156 INFO storage.BlockManagerInfo: Added broadcast_2_piece0 in memory on exp-6-03.expanse.sdsc.edu:40977 (size: 3.4 KiB, free: 434.4 MiB)
2022-11-08 16:47:20,156 INFO spark.SparkContext: Created broadcast 2 from broadcast at DAGScheduler.scala:1388
2022-11-08 16:47:20,157 INFO scheduler.DAGScheduler: Submitting 2 missing tasks from ShuffleMapStage 3 (MapPartitionsRDD[3] at map at Graph.scala:25) (first 15 tasks are for partitions Vector(0, 1))
2022-11-08 16:47:20,157 INFO scheduler.TaskSchedulerImpl: Adding task set 3.0 with 2 tasks resource profile 0
2022-11-08 16:47:20,158 INFO scheduler.DAGScheduler: Submitting ShuffleMapStage 1 (MapPartitionsRDD[3] at map at Graph.scala:25), which has no missing parents
2022-11-08 16:47:20,159 INFO scheduler.TaskSetManager: Starting task 0.0 in stage 3.0 (TID 2) (198.202.102.208, executor 0, partition 0, ANY, 4512 bytes) taskResourceAssignments Map()
2022-11-08 16:47:20,160 INFO scheduler.TaskSetManager: Starting task 1.0 in stage 3.0 (TID 3) (198.202.102.208, executor 0, partition 1, ANY, 4512 bytes) taskResourceAssignments Map()
2022-11-08 16:47:20,161 INFO memory.MemoryStore: Block broadcast_3 stored as values in memory (estimated size 6.0 KiB, free 434.2 MiB)
2022-11-08 16:47:20,162 INFO memory.MemoryStore: Block broadcast_3_piece0 stored as bytes in memory (estimated size 3.4 KiB, free 434.2 MiB)
2022-11-08 16:47:20,162 INFO storage.BlockManagerInfo: Added broadcast_3_piece0 in memory on exp-6-03.expanse.sdsc.edu:40977 (size: 3.4 KiB, free: 434.4 MiB)
2022-11-08 16:47:20,162 INFO spark.SparkContext: Created broadcast 3 from broadcast at DAGScheduler.scala:1388
2022-11-08 16:47:20,163 INFO scheduler.DAGScheduler: Submitting 2 missing tasks from ShuffleMapStage 1 (MapPartitionsRDD[3] at map at Graph.scala:25) (first 15 tasks are for partitions Vector(0, 1))
2022-11-08 16:47:20,163 INFO scheduler.TaskSchedulerImpl: Adding task set 1.0 with 2 tasks resource profile 0
2022-11-08 16:47:20,164 INFO scheduler.DAGScheduler: Submitting ShuffleMapStage 2 (MapPartitionsRDD[4] at flatMap at Graph.scala:33), which has no missing parents
2022-11-08 16:47:20,164 INFO scheduler.TaskSetManager: Starting task 0.0 in stage 1.0 (TID 4) (198.202.102.208, executor 0, partition 0, ANY, 4512 bytes) taskResourceAssignments Map()
2022-11-08 16:47:20,165 INFO scheduler.TaskSetManager: Starting task 1.0 in stage 1.0 (TID 5) (198.202.102.208, executor 0, partition 1, ANY, 4512 bytes) taskResourceAssignments Map()
2022-11-08 16:47:20,168 INFO memory.MemoryStore: Block broadcast_4 stored as values in memory (estimated size 6.9 KiB, free 434.2 MiB)
2022-11-08 16:47:20,169 INFO memory.MemoryStore: Block broadcast_4_piece0 stored as bytes in memory (estimated size 4.0 KiB, free 434.2 MiB)
2022-11-08 16:47:20,170 INFO storage.BlockManagerInfo: Added broadcast_4_piece0 in memory on exp-6-03.expanse.sdsc.edu:40977 (size: 4.0 KiB, free: 434.4 MiB)
2022-11-08 16:47:20,170 INFO spark.SparkContext: Created broadcast 4 from broadcast at DAGScheduler.scala:1388
2022-11-08 16:47:20,171 INFO scheduler.DAGScheduler: Submitting 2 missing tasks from ShuffleMapStage 2 (MapPartitionsRDD[4] at flatMap at Graph.scala:33) (first 15 tasks are for partitions Vector(0, 1))
2022-11-08 16:47:20,171 INFO scheduler.TaskSchedulerImpl: Adding task set 2.0 with 2 tasks resource profile 0
2022-11-08 16:47:20,172 INFO scheduler.DAGScheduler: Submitting ShuffleMapStage 6 (MapPartitionsRDD[3] at map at Graph.scala:25), which has no missing parents
2022-11-08 16:47:20,172 INFO scheduler.TaskSetManager: Starting task 0.0 in stage 2.0 (TID 6) (198.202.102.208, executor 0, partition 0, ANY, 4512 bytes) taskResourceAssignments Map()
2022-11-08 16:47:20,172 INFO scheduler.TaskSetManager: Starting task 1.0 in stage 2.0 (TID 7) (198.202.102.208, executor 0, partition 1, ANY, 4512 bytes) taskResourceAssignments Map()
2022-11-08 16:47:20,173 INFO memory.MemoryStore: Block broadcast_5 stored as values in memory (estimated size 6.0 KiB, free 434.2 MiB)
2022-11-08 16:47:20,174 INFO memory.MemoryStore: Block broadcast_5_piece0 stored as bytes in memory (estimated size 3.4 KiB, free 434.2 MiB)
2022-11-08 16:47:20,175 INFO storage.BlockManagerInfo: Added broadcast_5_piece0 in memory on exp-6-03.expanse.sdsc.edu:40977 (size: 3.4 KiB, free: 434.4 MiB)
2022-11-08 16:47:20,175 INFO spark.SparkContext: Created broadcast 5 from broadcast at DAGScheduler.scala:1388
2022-11-08 16:47:20,176 INFO scheduler.DAGScheduler: Submitting 2 missing tasks from ShuffleMapStage 6 (MapPartitionsRDD[3] at map at Graph.scala:25) (first 15 tasks are for partitions Vector(0, 1))
2022-11-08 16:47:20,176 INFO scheduler.TaskSchedulerImpl: Adding task set 6.0 with 2 tasks resource profile 0
2022-11-08 16:47:20,176 INFO scheduler.DAGScheduler: Submitting ShuffleMapStage 8 (MapPartitionsRDD[3] at map at Graph.scala:25), which has no missing parents
2022-11-08 16:47:20,177 INFO scheduler.TaskSetManager: Starting task 0.0 in stage 6.0 (TID 8) (198.202.102.208, executor 0, partition 0, ANY, 4512 bytes) taskResourceAssignments Map()
2022-11-08 16:47:20,177 INFO scheduler.TaskSetManager: Starting task 1.0 in stage 6.0 (TID 9) (198.202.102.208, executor 0, partition 1, ANY, 4512 bytes) taskResourceAssignments Map()
2022-11-08 16:47:20,178 INFO memory.MemoryStore: Block broadcast_6 stored as values in memory (estimated size 6.0 KiB, free 434.2 MiB)
2022-11-08 16:47:20,180 INFO memory.MemoryStore: Block broadcast_6_piece0 stored as bytes in memory (estimated size 3.4 KiB, free 434.2 MiB)
2022-11-08 16:47:20,180 INFO storage.BlockManagerInfo: Added broadcast_6_piece0 in memory on exp-6-03.expanse.sdsc.edu:40977 (size: 3.4 KiB, free: 434.4 MiB)
2022-11-08 16:47:20,180 INFO spark.SparkContext: Created broadcast 6 from broadcast at DAGScheduler.scala:1388
2022-11-08 16:47:20,181 INFO scheduler.DAGScheduler: Submitting 2 missing tasks from ShuffleMapStage 8 (MapPartitionsRDD[3] at map at Graph.scala:25) (first 15 tasks are for partitions Vector(0, 1))
2022-11-08 16:47:20,181 INFO scheduler.TaskSchedulerImpl: Adding task set 8.0 with 2 tasks resource profile 0
2022-11-08 16:47:20,182 INFO scheduler.DAGScheduler: Submitting ShuffleMapStage 10 (MapPartitionsRDD[3] at map at Graph.scala:25), which has no missing parents
2022-11-08 16:47:20,182 INFO scheduler.TaskSetManager: Starting task 0.0 in stage 8.0 (TID 10) (198.202.102.208, executor 0, partition 0, ANY, 4512 bytes) taskResourceAssignments Map()
2022-11-08 16:47:20,182 INFO scheduler.TaskSetManager: Starting task 1.0 in stage 8.0 (TID 11) (198.202.102.208, executor 0, partition 1, ANY, 4512 bytes) taskResourceAssignments Map()
2022-11-08 16:47:20,183 INFO memory.MemoryStore: Block broadcast_7 stored as values in memory (estimated size 6.0 KiB, free 434.1 MiB)
2022-11-08 16:47:20,185 INFO memory.MemoryStore: Block broadcast_7_piece0 stored as bytes in memory (estimated size 3.4 KiB, free 434.1 MiB)
2022-11-08 16:47:20,185 INFO storage.BlockManagerInfo: Added broadcast_7_piece0 in memory on exp-6-03.expanse.sdsc.edu:40977 (size: 3.4 KiB, free: 434.4 MiB)
2022-11-08 16:47:20,185 INFO spark.SparkContext: Created broadcast 7 from broadcast at DAGScheduler.scala:1388
2022-11-08 16:47:20,186 INFO scheduler.DAGScheduler: Submitting 2 missing tasks from ShuffleMapStage 10 (MapPartitionsRDD[3] at map at Graph.scala:25) (first 15 tasks are for partitions Vector(0, 1))
2022-11-08 16:47:20,186 INFO scheduler.TaskSchedulerImpl: Adding task set 10.0 with 2 tasks resource profile 0
2022-11-08 16:47:20,187 INFO scheduler.TaskSetManager: Starting task 0.0 in stage 10.0 (TID 12) (198.202.102.208, executor 0, partition 0, ANY, 4512 bytes) taskResourceAssignments Map()
2022-11-08 16:47:20,187 INFO scheduler.TaskSetManager: Starting task 1.0 in stage 10.0 (TID 13) (198.202.102.208, executor 0, partition 1, ANY, 4512 bytes) taskResourceAssignments Map()
2022-11-08 16:47:20,205 INFO storage.BlockManagerInfo: Added broadcast_3_piece0 in memory on 198.202.102.208:39729 (size: 3.4 KiB, free: 434.4 MiB)
2022-11-08 16:47:20,208 INFO storage.BlockManagerInfo: Added broadcast_5_piece0 in memory on 198.202.102.208:39729 (size: 3.4 KiB, free: 434.4 MiB)
2022-11-08 16:47:20,209 INFO storage.BlockManagerInfo: Added broadcast_4_piece0 in memory on 198.202.102.208:39729 (size: 4.0 KiB, free: 434.4 MiB)
2022-11-08 16:47:20,209 INFO storage.BlockManagerInfo: Added broadcast_7_piece0 in memory on 198.202.102.208:39729 (size: 3.4 KiB, free: 434.4 MiB)
2022-11-08 16:47:20,210 INFO storage.BlockManagerInfo: Added broadcast_6_piece0 in memory on 198.202.102.208:39729 (size: 3.4 KiB, free: 434.4 MiB)
2022-11-08 16:47:20,210 INFO storage.BlockManagerInfo: Added broadcast_2_piece0 in memory on 198.202.102.208:39729 (size: 3.4 KiB, free: 434.4 MiB)
2022-11-08 16:47:20,979 INFO scheduler.TaskSetManager: Finished task 1.0 in stage 10.0 (TID 13) in 792 ms on 198.202.102.208 (executor 0) (1/2)
2022-11-08 16:47:20,979 INFO scheduler.TaskSetManager: Finished task 0.0 in stage 1.0 (TID 4) in 815 ms on 198.202.102.208 (executor 0) (1/2)
2022-11-08 16:47:20,979 INFO scheduler.TaskSetManager: Finished task 0.0 in stage 6.0 (TID 8) in 803 ms on 198.202.102.208 (executor 0) (1/2)
2022-11-08 16:47:20,979 INFO scheduler.TaskSetManager: Finished task 1.0 in stage 6.0 (TID 9) in 802 ms on 198.202.102.208 (executor 0) (2/2)
2022-11-08 16:47:20,980 INFO scheduler.TaskSchedulerImpl: Removed TaskSet 6.0, whose tasks have all completed, from pool 
2022-11-08 16:47:20,980 INFO scheduler.TaskSetManager: Finished task 0.0 in stage 10.0 (TID 12) in 793 ms on 198.202.102.208 (executor 0) (2/2)
2022-11-08 16:47:20,980 INFO scheduler.TaskSchedulerImpl: Removed TaskSet 10.0, whose tasks have all completed, from pool 
2022-11-08 16:47:20,981 INFO scheduler.TaskSetManager: Finished task 1.0 in stage 8.0 (TID 11) in 799 ms on 198.202.102.208 (executor 0) (1/2)
2022-11-08 16:47:20,981 INFO scheduler.TaskSetManager: Finished task 1.0 in stage 1.0 (TID 5) in 817 ms on 198.202.102.208 (executor 0) (2/2)
2022-11-08 16:47:20,981 INFO scheduler.TaskSchedulerImpl: Removed TaskSet 1.0, whose tasks have all completed, from pool 
2022-11-08 16:47:20,982 INFO scheduler.DAGScheduler: ShuffleMapStage 6 (map at Graph.scala:25) finished in 0.809 s
2022-11-08 16:47:20,982 INFO scheduler.DAGScheduler: looking for newly runnable stages
2022-11-08 16:47:20,982 INFO scheduler.DAGScheduler: running: Set(ShuffleMapStage 1, ShuffleMapStage 2, ShuffleMapStage 3, ShuffleMapStage 10, ShuffleMapStage 8)
2022-11-08 16:47:20,982 INFO scheduler.DAGScheduler: waiting: Set(ResultStage 12, ShuffleMapStage 9, ShuffleMapStage 5, ShuffleMapStage 7, ShuffleMapStage 4, ShuffleMapStage 11)
2022-11-08 16:47:20,982 INFO scheduler.DAGScheduler: failed: Set()
2022-11-08 16:47:20,983 INFO scheduler.TaskSetManager: Finished task 0.0 in stage 3.0 (TID 2) in 825 ms on 198.202.102.208 (executor 0) (1/2)
2022-11-08 16:47:20,985 INFO scheduler.DAGScheduler: ShuffleMapStage 10 (map at Graph.scala:25) finished in 0.802 s
2022-11-08 16:47:20,985 INFO scheduler.DAGScheduler: looking for newly runnable stages
2022-11-08 16:47:20,985 INFO scheduler.DAGScheduler: running: Set(ShuffleMapStage 1, ShuffleMapStage 2, ShuffleMapStage 3, ShuffleMapStage 8)
2022-11-08 16:47:20,985 INFO scheduler.DAGScheduler: waiting: Set(ResultStage 12, ShuffleMapStage 9, ShuffleMapStage 5, ShuffleMapStage 7, ShuffleMapStage 4, ShuffleMapStage 11)
2022-11-08 16:47:20,985 INFO scheduler.DAGScheduler: failed: Set()
2022-11-08 16:47:20,986 INFO scheduler.DAGScheduler: ShuffleMapStage 1 (map at Graph.scala:25) finished in 0.826 s
2022-11-08 16:47:20,986 INFO scheduler.DAGScheduler: looking for newly runnable stages
2022-11-08 16:47:20,986 INFO scheduler.DAGScheduler: running: Set(ShuffleMapStage 2, ShuffleMapStage 3, ShuffleMapStage 8)
2022-11-08 16:47:20,986 INFO scheduler.DAGScheduler: waiting: Set(ResultStage 12, ShuffleMapStage 9, ShuffleMapStage 5, ShuffleMapStage 7, ShuffleMapStage 4, ShuffleMapStage 11)
2022-11-08 16:47:20,986 INFO scheduler.DAGScheduler: failed: Set()
2022-11-08 16:47:21,050 INFO scheduler.TaskSetManager: Finished task 0.0 in stage 8.0 (TID 10) in 868 ms on 198.202.102.208 (executor 0) (2/2)
2022-11-08 16:47:21,050 INFO scheduler.TaskSchedulerImpl: Removed TaskSet 8.0, whose tasks have all completed, from pool 
2022-11-08 16:47:21,051 INFO scheduler.DAGScheduler: ShuffleMapStage 8 (map at Graph.scala:25) finished in 0.873 s
2022-11-08 16:47:21,051 INFO scheduler.DAGScheduler: looking for newly runnable stages
2022-11-08 16:47:21,051 INFO scheduler.DAGScheduler: running: Set(ShuffleMapStage 2, ShuffleMapStage 3)
2022-11-08 16:47:21,051 INFO scheduler.DAGScheduler: waiting: Set(ResultStage 12, ShuffleMapStage 9, ShuffleMapStage 5, ShuffleMapStage 7, ShuffleMapStage 4, ShuffleMapStage 11)
2022-11-08 16:47:21,051 INFO scheduler.DAGScheduler: failed: Set()
2022-11-08 16:47:21,072 INFO scheduler.TaskSetManager: Finished task 1.0 in stage 3.0 (TID 3) in 912 ms on 198.202.102.208 (executor 0) (2/2)
2022-11-08 16:47:21,072 INFO scheduler.TaskSchedulerImpl: Removed TaskSet 3.0, whose tasks have all completed, from pool 
2022-11-08 16:47:21,073 INFO scheduler.DAGScheduler: ShuffleMapStage 3 (map at Graph.scala:25) finished in 0.924 s
2022-11-08 16:47:21,073 INFO scheduler.DAGScheduler: looking for newly runnable stages
2022-11-08 16:47:21,073 INFO scheduler.DAGScheduler: running: Set(ShuffleMapStage 2)
2022-11-08 16:47:21,073 INFO scheduler.DAGScheduler: waiting: Set(ResultStage 12, ShuffleMapStage 9, ShuffleMapStage 5, ShuffleMapStage 7, ShuffleMapStage 4, ShuffleMapStage 11)
2022-11-08 16:47:21,073 INFO scheduler.DAGScheduler: failed: Set()
2022-11-08 16:47:21,382 INFO scheduler.TaskSetManager: Finished task 1.0 in stage 2.0 (TID 7) in 1210 ms on 198.202.102.208 (executor 0) (1/2)
2022-11-08 16:47:21,382 INFO scheduler.TaskSetManager: Finished task 0.0 in stage 2.0 (TID 6) in 1210 ms on 198.202.102.208 (executor 0) (2/2)
2022-11-08 16:47:21,382 INFO scheduler.TaskSchedulerImpl: Removed TaskSet 2.0, whose tasks have all completed, from pool 
2022-11-08 16:47:21,383 INFO scheduler.DAGScheduler: ShuffleMapStage 2 (flatMap at Graph.scala:33) finished in 1.218 s
2022-11-08 16:47:21,383 INFO scheduler.DAGScheduler: looking for newly runnable stages
2022-11-08 16:47:21,383 INFO scheduler.DAGScheduler: running: Set()
2022-11-08 16:47:21,383 INFO scheduler.DAGScheduler: waiting: Set(ResultStage 12, ShuffleMapStage 9, ShuffleMapStage 5, ShuffleMapStage 7, ShuffleMapStage 4, ShuffleMapStage 11)
2022-11-08 16:47:21,383 INFO scheduler.DAGScheduler: failed: Set()
2022-11-08 16:47:21,383 INFO scheduler.DAGScheduler: Submitting ShuffleMapStage 4 (MapPartitionsRDD[10] at flatMap at Graph.scala:33), which has no missing parents
2022-11-08 16:47:21,393 INFO memory.MemoryStore: Block broadcast_8 stored as values in memory (estimated size 6.7 KiB, free 434.1 MiB)
2022-11-08 16:47:21,394 INFO memory.MemoryStore: Block broadcast_8_piece0 stored as bytes in memory (estimated size 3.8 KiB, free 434.1 MiB)
2022-11-08 16:47:21,395 INFO storage.BlockManagerInfo: Added broadcast_8_piece0 in memory on exp-6-03.expanse.sdsc.edu:40977 (size: 3.8 KiB, free: 434.3 MiB)
2022-11-08 16:47:21,395 INFO spark.SparkContext: Created broadcast 8 from broadcast at DAGScheduler.scala:1388
2022-11-08 16:47:21,396 INFO scheduler.DAGScheduler: Submitting 2 missing tasks from ShuffleMapStage 4 (MapPartitionsRDD[10] at flatMap at Graph.scala:33) (first 15 tasks are for partitions Vector(0, 1))
2022-11-08 16:47:21,396 INFO scheduler.TaskSchedulerImpl: Adding task set 4.0 with 2 tasks resource profile 0
2022-11-08 16:47:21,399 INFO scheduler.TaskSetManager: Starting task 0.0 in stage 4.0 (TID 14) (198.202.102.208, executor 0, partition 0, NODE_LOCAL, 4481 bytes) taskResourceAssignments Map()
2022-11-08 16:47:21,399 INFO scheduler.TaskSetManager: Starting task 1.0 in stage 4.0 (TID 15) (198.202.102.208, executor 0, partition 1, NODE_LOCAL, 4481 bytes) taskResourceAssignments Map()
2022-11-08 16:47:21,412 INFO storage.BlockManagerInfo: Added broadcast_8_piece0 in memory on 198.202.102.208:39729 (size: 3.8 KiB, free: 434.3 MiB)
2022-11-08 16:47:21,428 INFO spark.MapOutputTrackerMasterEndpoint: Asked to send map output locations for shuffle 10 to 198.202.102.208:34752
2022-11-08 16:47:21,696 INFO spark.MapOutputTrackerMasterEndpoint: Asked to send map output locations for shuffle 0 to 198.202.102.208:34752
2022-11-08 16:47:22,987 INFO scheduler.TaskSetManager: Finished task 0.0 in stage 4.0 (TID 14) in 1590 ms on 198.202.102.208 (executor 0) (1/2)
2022-11-08 16:47:23,030 INFO scheduler.TaskSetManager: Finished task 1.0 in stage 4.0 (TID 15) in 1631 ms on 198.202.102.208 (executor 0) (2/2)
2022-11-08 16:47:23,030 INFO scheduler.TaskSchedulerImpl: Removed TaskSet 4.0, whose tasks have all completed, from pool 
2022-11-08 16:47:23,031 INFO scheduler.DAGScheduler: ShuffleMapStage 4 (flatMap at Graph.scala:33) finished in 1.642 s
2022-11-08 16:47:23,031 INFO scheduler.DAGScheduler: looking for newly runnable stages
2022-11-08 16:47:23,031 INFO scheduler.DAGScheduler: running: Set()
2022-11-08 16:47:23,031 INFO scheduler.DAGScheduler: waiting: Set(ResultStage 12, ShuffleMapStage 9, ShuffleMapStage 5, ShuffleMapStage 7, ShuffleMapStage 11)
2022-11-08 16:47:23,031 INFO scheduler.DAGScheduler: failed: Set()
2022-11-08 16:47:23,031 INFO scheduler.DAGScheduler: Submitting ShuffleMapStage 5 (MapPartitionsRDD[16] at flatMap at Graph.scala:33), which has no missing parents
2022-11-08 16:47:23,035 INFO memory.MemoryStore: Block broadcast_9 stored as values in memory (estimated size 6.7 KiB, free 434.1 MiB)
2022-11-08 16:47:23,036 INFO memory.MemoryStore: Block broadcast_9_piece0 stored as bytes in memory (estimated size 3.8 KiB, free 434.1 MiB)
2022-11-08 16:47:23,037 INFO storage.BlockManagerInfo: Added broadcast_9_piece0 in memory on exp-6-03.expanse.sdsc.edu:40977 (size: 3.8 KiB, free: 434.3 MiB)
2022-11-08 16:47:23,037 INFO spark.SparkContext: Created broadcast 9 from broadcast at DAGScheduler.scala:1388
2022-11-08 16:47:23,038 INFO scheduler.DAGScheduler: Submitting 2 missing tasks from ShuffleMapStage 5 (MapPartitionsRDD[16] at flatMap at Graph.scala:33) (first 15 tasks are for partitions Vector(0, 1))
2022-11-08 16:47:23,038 INFO scheduler.TaskSchedulerImpl: Adding task set 5.0 with 2 tasks resource profile 0
2022-11-08 16:47:23,039 INFO scheduler.TaskSetManager: Starting task 0.0 in stage 5.0 (TID 16) (198.202.102.208, executor 0, partition 0, NODE_LOCAL, 4481 bytes) taskResourceAssignments Map()
2022-11-08 16:47:23,039 INFO scheduler.TaskSetManager: Starting task 1.0 in stage 5.0 (TID 17) (198.202.102.208, executor 0, partition 1, NODE_LOCAL, 4481 bytes) taskResourceAssignments Map()
2022-11-08 16:47:23,049 INFO storage.BlockManagerInfo: Added broadcast_9_piece0 in memory on 198.202.102.208:39729 (size: 3.8 KiB, free: 434.3 MiB)
2022-11-08 16:47:23,053 INFO spark.MapOutputTrackerMasterEndpoint: Asked to send map output locations for shuffle 9 to 198.202.102.208:34752
2022-11-08 16:47:23,164 INFO spark.MapOutputTrackerMasterEndpoint: Asked to send map output locations for shuffle 1 to 198.202.102.208:34752
2022-11-08 16:47:23,826 INFO scheduler.TaskSetManager: Finished task 1.0 in stage 5.0 (TID 17) in 787 ms on 198.202.102.208 (executor 0) (1/2)
2022-11-08 16:47:23,831 INFO scheduler.TaskSetManager: Finished task 0.0 in stage 5.0 (TID 16) in 793 ms on 198.202.102.208 (executor 0) (2/2)
2022-11-08 16:47:23,831 INFO scheduler.TaskSchedulerImpl: Removed TaskSet 5.0, whose tasks have all completed, from pool 
2022-11-08 16:47:23,832 INFO scheduler.DAGScheduler: ShuffleMapStage 5 (flatMap at Graph.scala:33) finished in 0.800 s
2022-11-08 16:47:23,832 INFO scheduler.DAGScheduler: looking for newly runnable stages
2022-11-08 16:47:23,832 INFO scheduler.DAGScheduler: running: Set()
2022-11-08 16:47:23,832 INFO scheduler.DAGScheduler: waiting: Set(ResultStage 12, ShuffleMapStage 9, ShuffleMapStage 7, ShuffleMapStage 11)
2022-11-08 16:47:23,832 INFO scheduler.DAGScheduler: failed: Set()
2022-11-08 16:47:23,832 INFO scheduler.DAGScheduler: Submitting ShuffleMapStage 7 (MapPartitionsRDD[22] at flatMap at Graph.scala:33), which has no missing parents
2022-11-08 16:47:23,834 INFO memory.MemoryStore: Block broadcast_10 stored as values in memory (estimated size 6.7 KiB, free 434.1 MiB)
2022-11-08 16:47:23,835 INFO memory.MemoryStore: Block broadcast_10_piece0 stored as bytes in memory (estimated size 3.8 KiB, free 434.1 MiB)
2022-11-08 16:47:23,836 INFO storage.BlockManagerInfo: Added broadcast_10_piece0 in memory on exp-6-03.expanse.sdsc.edu:40977 (size: 3.8 KiB, free: 434.3 MiB)
2022-11-08 16:47:23,836 INFO spark.SparkContext: Created broadcast 10 from broadcast at DAGScheduler.scala:1388
2022-11-08 16:47:23,837 INFO scheduler.DAGScheduler: Submitting 2 missing tasks from ShuffleMapStage 7 (MapPartitionsRDD[22] at flatMap at Graph.scala:33) (first 15 tasks are for partitions Vector(0, 1))
2022-11-08 16:47:23,837 INFO scheduler.TaskSchedulerImpl: Adding task set 7.0 with 2 tasks resource profile 0
2022-11-08 16:47:23,838 INFO scheduler.TaskSetManager: Starting task 0.0 in stage 7.0 (TID 18) (198.202.102.208, executor 0, partition 0, NODE_LOCAL, 4481 bytes) taskResourceAssignments Map()
2022-11-08 16:47:23,838 INFO scheduler.TaskSetManager: Starting task 1.0 in stage 7.0 (TID 19) (198.202.102.208, executor 0, partition 1, NODE_LOCAL, 4481 bytes) taskResourceAssignments Map()
2022-11-08 16:47:23,846 INFO storage.BlockManagerInfo: Added broadcast_10_piece0 in memory on 198.202.102.208:39729 (size: 3.8 KiB, free: 434.3 MiB)
2022-11-08 16:47:23,851 INFO spark.MapOutputTrackerMasterEndpoint: Asked to send map output locations for shuffle 8 to 198.202.102.208:34752
2022-11-08 16:47:23,921 INFO spark.MapOutputTrackerMasterEndpoint: Asked to send map output locations for shuffle 2 to 198.202.102.208:34752
2022-11-08 16:47:24,591 INFO scheduler.TaskSetManager: Finished task 1.0 in stage 7.0 (TID 19) in 753 ms on 198.202.102.208 (executor 0) (1/2)
2022-11-08 16:47:24,600 INFO scheduler.TaskSetManager: Finished task 0.0 in stage 7.0 (TID 18) in 763 ms on 198.202.102.208 (executor 0) (2/2)
2022-11-08 16:47:24,600 INFO scheduler.TaskSchedulerImpl: Removed TaskSet 7.0, whose tasks have all completed, from pool 
2022-11-08 16:47:24,601 INFO scheduler.DAGScheduler: ShuffleMapStage 7 (flatMap at Graph.scala:33) finished in 0.768 s
2022-11-08 16:47:24,601 INFO scheduler.DAGScheduler: looking for newly runnable stages
2022-11-08 16:47:24,601 INFO scheduler.DAGScheduler: running: Set()
2022-11-08 16:47:24,601 INFO scheduler.DAGScheduler: waiting: Set(ResultStage 12, ShuffleMapStage 9, ShuffleMapStage 11)
2022-11-08 16:47:24,601 INFO scheduler.DAGScheduler: failed: Set()
2022-11-08 16:47:24,601 INFO scheduler.DAGScheduler: Submitting ShuffleMapStage 9 (MapPartitionsRDD[28] at flatMap at Graph.scala:33), which has no missing parents
2022-11-08 16:47:24,603 INFO memory.MemoryStore: Block broadcast_11 stored as values in memory (estimated size 6.7 KiB, free 434.1 MiB)
2022-11-08 16:47:24,604 INFO memory.MemoryStore: Block broadcast_11_piece0 stored as bytes in memory (estimated size 3.8 KiB, free 434.1 MiB)
2022-11-08 16:47:24,605 INFO storage.BlockManagerInfo: Added broadcast_11_piece0 in memory on exp-6-03.expanse.sdsc.edu:40977 (size: 3.8 KiB, free: 434.3 MiB)
2022-11-08 16:47:24,605 INFO spark.SparkContext: Created broadcast 11 from broadcast at DAGScheduler.scala:1388
2022-11-08 16:47:24,606 INFO scheduler.DAGScheduler: Submitting 2 missing tasks from ShuffleMapStage 9 (MapPartitionsRDD[28] at flatMap at Graph.scala:33) (first 15 tasks are for partitions Vector(0, 1))
2022-11-08 16:47:24,606 INFO scheduler.TaskSchedulerImpl: Adding task set 9.0 with 2 tasks resource profile 0
2022-11-08 16:47:24,607 INFO scheduler.TaskSetManager: Starting task 0.0 in stage 9.0 (TID 20) (198.202.102.208, executor 0, partition 0, NODE_LOCAL, 4481 bytes) taskResourceAssignments Map()
2022-11-08 16:47:24,607 INFO scheduler.TaskSetManager: Starting task 1.0 in stage 9.0 (TID 21) (198.202.102.208, executor 0, partition 1, NODE_LOCAL, 4481 bytes) taskResourceAssignments Map()
2022-11-08 16:47:24,615 INFO storage.BlockManagerInfo: Added broadcast_11_piece0 in memory on 198.202.102.208:39729 (size: 3.8 KiB, free: 434.3 MiB)
2022-11-08 16:47:24,619 INFO spark.MapOutputTrackerMasterEndpoint: Asked to send map output locations for shuffle 7 to 198.202.102.208:34752
2022-11-08 16:47:24,688 INFO spark.MapOutputTrackerMasterEndpoint: Asked to send map output locations for shuffle 3 to 198.202.102.208:34752
2022-11-08 16:47:25,298 INFO scheduler.TaskSetManager: Finished task 1.0 in stage 9.0 (TID 21) in 691 ms on 198.202.102.208 (executor 0) (1/2)
2022-11-08 16:47:25,298 INFO scheduler.TaskSetManager: Finished task 0.0 in stage 9.0 (TID 20) in 692 ms on 198.202.102.208 (executor 0) (2/2)
2022-11-08 16:47:25,298 INFO scheduler.TaskSchedulerImpl: Removed TaskSet 9.0, whose tasks have all completed, from pool 
2022-11-08 16:47:25,299 INFO scheduler.DAGScheduler: ShuffleMapStage 9 (flatMap at Graph.scala:33) finished in 0.697 s
2022-11-08 16:47:25,299 INFO scheduler.DAGScheduler: looking for newly runnable stages
2022-11-08 16:47:25,299 INFO scheduler.DAGScheduler: running: Set()
2022-11-08 16:47:25,299 INFO scheduler.DAGScheduler: waiting: Set(ResultStage 12, ShuffleMapStage 11)
2022-11-08 16:47:25,299 INFO scheduler.DAGScheduler: failed: Set()
2022-11-08 16:47:25,299 INFO scheduler.DAGScheduler: Submitting ShuffleMapStage 11 (MapPartitionsRDD[34] at map at Graph.scala:41), which has no missing parents
2022-11-08 16:47:25,301 INFO memory.MemoryStore: Block broadcast_12 stored as values in memory (estimated size 6.8 KiB, free 434.1 MiB)
2022-11-08 16:47:25,302 INFO memory.MemoryStore: Block broadcast_12_piece0 stored as bytes in memory (estimated size 3.8 KiB, free 434.1 MiB)
2022-11-08 16:47:25,303 INFO storage.BlockManagerInfo: Added broadcast_12_piece0 in memory on exp-6-03.expanse.sdsc.edu:40977 (size: 3.8 KiB, free: 434.3 MiB)
2022-11-08 16:47:25,303 INFO spark.SparkContext: Created broadcast 12 from broadcast at DAGScheduler.scala:1388
2022-11-08 16:47:25,303 INFO scheduler.DAGScheduler: Submitting 2 missing tasks from ShuffleMapStage 11 (MapPartitionsRDD[34] at map at Graph.scala:41) (first 15 tasks are for partitions Vector(0, 1))
2022-11-08 16:47:25,303 INFO scheduler.TaskSchedulerImpl: Adding task set 11.0 with 2 tasks resource profile 0
2022-11-08 16:47:25,304 INFO scheduler.TaskSetManager: Starting task 0.0 in stage 11.0 (TID 22) (198.202.102.208, executor 0, partition 0, NODE_LOCAL, 4481 bytes) taskResourceAssignments Map()
2022-11-08 16:47:25,305 INFO scheduler.TaskSetManager: Starting task 1.0 in stage 11.0 (TID 23) (198.202.102.208, executor 0, partition 1, NODE_LOCAL, 4481 bytes) taskResourceAssignments Map()
2022-11-08 16:47:25,316 INFO storage.BlockManagerInfo: Added broadcast_12_piece0 in memory on 198.202.102.208:39729 (size: 3.8 KiB, free: 434.3 MiB)
2022-11-08 16:47:25,324 INFO spark.MapOutputTrackerMasterEndpoint: Asked to send map output locations for shuffle 6 to 198.202.102.208:34752
2022-11-08 16:47:25,452 INFO spark.MapOutputTrackerMasterEndpoint: Asked to send map output locations for shuffle 4 to 198.202.102.208:34752
2022-11-08 16:47:25,861 INFO scheduler.TaskSetManager: Finished task 1.0 in stage 11.0 (TID 23) in 556 ms on 198.202.102.208 (executor 0) (1/2)
2022-11-08 16:47:25,861 INFO scheduler.TaskSetManager: Finished task 0.0 in stage 11.0 (TID 22) in 557 ms on 198.202.102.208 (executor 0) (2/2)
2022-11-08 16:47:25,861 INFO scheduler.TaskSchedulerImpl: Removed TaskSet 11.0, whose tasks have all completed, from pool 
2022-11-08 16:47:25,862 INFO scheduler.DAGScheduler: ShuffleMapStage 11 (map at Graph.scala:41) finished in 0.562 s
2022-11-08 16:47:25,862 INFO scheduler.DAGScheduler: looking for newly runnable stages
2022-11-08 16:47:25,862 INFO scheduler.DAGScheduler: running: Set()
2022-11-08 16:47:25,862 INFO scheduler.DAGScheduler: waiting: Set(ResultStage 12)
2022-11-08 16:47:25,862 INFO scheduler.DAGScheduler: failed: Set()
2022-11-08 16:47:25,862 INFO scheduler.DAGScheduler: Submitting ResultStage 12 (MapPartitionsRDD[38] at sortBy at Graph.scala:43), which has no missing parents
2022-11-08 16:47:25,864 INFO memory.MemoryStore: Block broadcast_13 stored as values in memory (estimated size 6.4 KiB, free 434.1 MiB)
2022-11-08 16:47:25,865 INFO memory.MemoryStore: Block broadcast_13_piece0 stored as bytes in memory (estimated size 3.4 KiB, free 434.1 MiB)
2022-11-08 16:47:25,865 INFO storage.BlockManagerInfo: Added broadcast_13_piece0 in memory on exp-6-03.expanse.sdsc.edu:40977 (size: 3.4 KiB, free: 434.3 MiB)
2022-11-08 16:47:25,865 INFO spark.SparkContext: Created broadcast 13 from broadcast at DAGScheduler.scala:1388
2022-11-08 16:47:25,866 INFO scheduler.DAGScheduler: Submitting 2 missing tasks from ResultStage 12 (MapPartitionsRDD[38] at sortBy at Graph.scala:43) (first 15 tasks are for partitions Vector(0, 1))
2022-11-08 16:47:25,866 INFO scheduler.TaskSchedulerImpl: Adding task set 12.0 with 2 tasks resource profile 0
2022-11-08 16:47:25,867 INFO scheduler.TaskSetManager: Starting task 0.0 in stage 12.0 (TID 24) (198.202.102.208, executor 0, partition 0, NODE_LOCAL, 4275 bytes) taskResourceAssignments Map()
2022-11-08 16:47:25,867 INFO scheduler.TaskSetManager: Starting task 1.0 in stage 12.0 (TID 25) (198.202.102.208, executor 0, partition 1, NODE_LOCAL, 4275 bytes) taskResourceAssignments Map()
2022-11-08 16:47:25,875 INFO storage.BlockManagerInfo: Added broadcast_13_piece0 in memory on 198.202.102.208:39729 (size: 3.4 KiB, free: 434.3 MiB)
2022-11-08 16:47:25,905 INFO spark.MapOutputTrackerMasterEndpoint: Asked to send map output locations for shuffle 5 to 198.202.102.208:34752
2022-11-08 16:47:25,917 INFO scheduler.TaskSetManager: Finished task 0.0 in stage 12.0 (TID 24) in 50 ms on 198.202.102.208 (executor 0) (1/2)
2022-11-08 16:47:25,917 INFO scheduler.TaskSetManager: Finished task 1.0 in stage 12.0 (TID 25) in 50 ms on 198.202.102.208 (executor 0) (2/2)
2022-11-08 16:47:25,917 INFO scheduler.TaskSchedulerImpl: Removed TaskSet 12.0, whose tasks have all completed, from pool 
2022-11-08 16:47:25,917 INFO scheduler.DAGScheduler: ResultStage 12 (sortBy at Graph.scala:43) finished in 0.054 s
2022-11-08 16:47:25,918 INFO scheduler.DAGScheduler: Job 1 is finished. Cancelling potential speculative or zombie tasks for this job
2022-11-08 16:47:25,918 INFO scheduler.TaskSchedulerImpl: Killing all running tasks in stage 12: Stage finished
2022-11-08 16:47:25,918 INFO scheduler.DAGScheduler: Job 1 finished: sortBy at Graph.scala:43, took 5.947203 s
2022-11-08 16:47:25,936 INFO spark.SparkContext: Starting job: collect at Graph.scala:43
2022-11-08 16:47:25,939 INFO scheduler.DAGScheduler: Registering RDD 36 (sortBy at Graph.scala:43) as input to shuffle 11
2022-11-08 16:47:25,939 INFO scheduler.DAGScheduler: Got job 2 (collect at Graph.scala:43) with 2 output partitions
2022-11-08 16:47:25,939 INFO scheduler.DAGScheduler: Final stage: ResultStage 25 (collect at Graph.scala:43)
2022-11-08 16:47:25,939 INFO scheduler.DAGScheduler: Parents of final stage: List(ShuffleMapStage 24)
2022-11-08 16:47:25,939 INFO scheduler.DAGScheduler: Missing parents: List(ShuffleMapStage 24)
2022-11-08 16:47:25,940 INFO scheduler.DAGScheduler: Submitting ShuffleMapStage 24 (MapPartitionsRDD[36] at sortBy at Graph.scala:43), which has no missing parents
2022-11-08 16:47:25,942 INFO memory.MemoryStore: Block broadcast_14 stored as values in memory (estimated size 6.3 KiB, free 434.1 MiB)
2022-11-08 16:47:25,943 INFO memory.MemoryStore: Block broadcast_14_piece0 stored as bytes in memory (estimated size 3.6 KiB, free 434.1 MiB)
2022-11-08 16:47:25,943 INFO storage.BlockManagerInfo: Added broadcast_14_piece0 in memory on exp-6-03.expanse.sdsc.edu:40977 (size: 3.6 KiB, free: 434.3 MiB)
2022-11-08 16:47:25,944 INFO spark.SparkContext: Created broadcast 14 from broadcast at DAGScheduler.scala:1388
2022-11-08 16:47:25,944 INFO scheduler.DAGScheduler: Submitting 2 missing tasks from ShuffleMapStage 24 (MapPartitionsRDD[36] at sortBy at Graph.scala:43) (first 15 tasks are for partitions Vector(0, 1))
2022-11-08 16:47:25,944 INFO scheduler.TaskSchedulerImpl: Adding task set 24.0 with 2 tasks resource profile 0
2022-11-08 16:47:25,945 INFO scheduler.TaskSetManager: Starting task 0.0 in stage 24.0 (TID 26) (198.202.102.208, executor 0, partition 0, NODE_LOCAL, 4264 bytes) taskResourceAssignments Map()
2022-11-08 16:47:25,945 INFO scheduler.TaskSetManager: Starting task 1.0 in stage 24.0 (TID 27) (198.202.102.208, executor 0, partition 1, NODE_LOCAL, 4264 bytes) taskResourceAssignments Map()
2022-11-08 16:47:25,952 INFO storage.BlockManagerInfo: Added broadcast_14_piece0 in memory on 198.202.102.208:39729 (size: 3.6 KiB, free: 434.3 MiB)
2022-11-08 16:47:25,970 INFO scheduler.TaskSetManager: Finished task 0.0 in stage 24.0 (TID 26) in 25 ms on 198.202.102.208 (executor 0) (1/2)
2022-11-08 16:47:25,970 INFO scheduler.TaskSetManager: Finished task 1.0 in stage 24.0 (TID 27) in 25 ms on 198.202.102.208 (executor 0) (2/2)
2022-11-08 16:47:25,970 INFO scheduler.TaskSchedulerImpl: Removed TaskSet 24.0, whose tasks have all completed, from pool 
2022-11-08 16:47:25,971 INFO scheduler.DAGScheduler: ShuffleMapStage 24 (sortBy at Graph.scala:43) finished in 0.030 s
2022-11-08 16:47:25,971 INFO scheduler.DAGScheduler: looking for newly runnable stages
2022-11-08 16:47:25,971 INFO scheduler.DAGScheduler: running: Set()
2022-11-08 16:47:25,971 INFO scheduler.DAGScheduler: waiting: Set(ResultStage 25)
2022-11-08 16:47:25,971 INFO scheduler.DAGScheduler: failed: Set()
2022-11-08 16:47:25,971 INFO scheduler.DAGScheduler: Submitting ResultStage 25 (MapPartitionsRDD[40] at sortBy at Graph.scala:43), which has no missing parents
2022-11-08 16:47:25,972 INFO memory.MemoryStore: Block broadcast_15 stored as values in memory (estimated size 4.6 KiB, free 434.1 MiB)
2022-11-08 16:47:25,973 INFO memory.MemoryStore: Block broadcast_15_piece0 stored as bytes in memory (estimated size 2.6 KiB, free 434.1 MiB)
2022-11-08 16:47:25,974 INFO storage.BlockManagerInfo: Added broadcast_15_piece0 in memory on exp-6-03.expanse.sdsc.edu:40977 (size: 2.6 KiB, free: 434.3 MiB)
2022-11-08 16:47:25,974 INFO spark.SparkContext: Created broadcast 15 from broadcast at DAGScheduler.scala:1388
2022-11-08 16:47:25,974 INFO scheduler.DAGScheduler: Submitting 2 missing tasks from ResultStage 25 (MapPartitionsRDD[40] at sortBy at Graph.scala:43) (first 15 tasks are for partitions Vector(0, 1))
2022-11-08 16:47:25,974 INFO scheduler.TaskSchedulerImpl: Adding task set 25.0 with 2 tasks resource profile 0
2022-11-08 16:47:25,975 INFO scheduler.TaskSetManager: Starting task 0.0 in stage 25.0 (TID 28) (198.202.102.208, executor 0, partition 0, NODE_LOCAL, 4275 bytes) taskResourceAssignments Map()
2022-11-08 16:47:25,975 INFO scheduler.TaskSetManager: Starting task 1.0 in stage 25.0 (TID 29) (198.202.102.208, executor 0, partition 1, NODE_LOCAL, 4275 bytes) taskResourceAssignments Map()
2022-11-08 16:47:25,982 INFO storage.BlockManagerInfo: Added broadcast_15_piece0 in memory on 198.202.102.208:39729 (size: 2.6 KiB, free: 434.3 MiB)
2022-11-08 16:47:25,984 INFO spark.MapOutputTrackerMasterEndpoint: Asked to send map output locations for shuffle 11 to 198.202.102.208:34752
2022-11-08 16:47:25,995 INFO scheduler.TaskSetManager: Finished task 1.0 in stage 25.0 (TID 29) in 20 ms on 198.202.102.208 (executor 0) (1/2)
2022-11-08 16:47:25,995 INFO scheduler.TaskSetManager: Finished task 0.0 in stage 25.0 (TID 28) in 20 ms on 198.202.102.208 (executor 0) (2/2)
2022-11-08 16:47:25,995 INFO scheduler.TaskSchedulerImpl: Removed TaskSet 25.0, whose tasks have all completed, from pool 
2022-11-08 16:47:25,996 INFO scheduler.DAGScheduler: ResultStage 25 (collect at Graph.scala:43) finished in 0.024 s
2022-11-08 16:47:25,996 INFO scheduler.DAGScheduler: Job 2 is finished. Cancelling potential speculative or zombie tasks for this job
2022-11-08 16:47:25,996 INFO scheduler.TaskSchedulerImpl: Killing all running tasks in stage 25: Stage finished
2022-11-08 16:47:25,997 INFO scheduler.DAGScheduler: Job 2 finished: collect at Graph.scala:43, took 0.060539 s
(0,92983)
(1,5847)
(2,752)
(3,331)
(4,46)
(5,22)
(6,12)
(7,2)
(8,1)
(9,2)
(10,1)
(11,1)
2022-11-08 16:47:26,004 INFO server.AbstractConnector: Stopped Spark@4827ad89{HTTP/1.1, (http/1.1)}{exp-6-03:4040}
2022-11-08 16:47:26,005 INFO ui.SparkUI: Stopped Spark web UI at http://exp-6-03.expanse.sdsc.edu:4040
2022-11-08 16:47:26,008 INFO cluster.StandaloneSchedulerBackend: Shutting down all executors
2022-11-08 16:47:26,009 INFO cluster.CoarseGrainedSchedulerBackend$DriverEndpoint: Asking each executor to shut down
2022-11-08 16:47:26,021 INFO spark.MapOutputTrackerMasterEndpoint: MapOutputTrackerMasterEndpoint stopped!
2022-11-08 16:47:26,051 INFO memory.MemoryStore: MemoryStore cleared
2022-11-08 16:47:26,051 INFO storage.BlockManager: BlockManager stopped
2022-11-08 16:47:26,053 INFO storage.BlockManagerMaster: BlockManagerMaster stopped
2022-11-08 16:47:26,055 INFO scheduler.OutputCommitCoordinator$OutputCommitCoordinatorEndpoint: OutputCommitCoordinator stopped!
2022-11-08 16:47:26,081 INFO spark.SparkContext: Successfully stopped SparkContext
2022-11-08 16:47:26,084 INFO util.ShutdownHookManager: Shutdown hook called
2022-11-08 16:47:26,084 INFO util.ShutdownHookManager: Deleting directory /tmp/spark-789317f0-d10f-4015-96f5-060ece125171
2022-11-08 16:47:26,095 INFO util.ShutdownHookManager: Deleting directory /tmp/spark-6f3329b7-98e4-4b5f-a117-a92d8143a6b6
Stopping namenodes on [exp-6-03]
Stopping datanodes
WARNING: HADOOP_SECURE_DN_PID_DIR has been replaced by HADOOP_SECURE_PID_DIR. Using value of HADOOP_SECURE_DN_PID_DIR.
localhost: @@@@@@@@@@@@@@@@@@@@@@@@@@@@@@@@@@@@@@@@@@@@@@@@@@@@@@@@@@@
localhost: @    WARNING: REMOTE HOST IDENTIFICATION HAS CHANGED!     @
localhost: @@@@@@@@@@@@@@@@@@@@@@@@@@@@@@@@@@@@@@@@@@@@@@@@@@@@@@@@@@@
localhost: IT IS POSSIBLE THAT SOMEONE IS DOING SOMETHING NASTY!
localhost: Someone could be eavesdropping on you right now (man-in-the-middle attack)!
localhost: It is also possible that a host key has just been changed.
localhost: The fingerprint for the ED25519 key sent by the remote host is
localhost: SHA256:s9OBCvzAJptskXvAXB/IMdOscOQ2A+p0OywrKnIyaeg.
localhost: Please contact your system administrator.
localhost: Add correct host key in /home/pjethwa/.ssh/known_hosts to get rid of this message.
localhost: Offending ED25519 key in /home/pjethwa/.ssh/known_hosts:1
localhost: Password authentication is disabled to avoid man-in-the-middle attacks.
localhost: Keyboard-interactive authentication is disabled to avoid man-in-the-middle attacks.
localhost: WARNING: HADOOP_SECURE_DN_PID_DIR has been replaced by HADOOP_SECURE_PID_DIR. Using value of HADOOP_SECURE_DN_PID_DIR.
Stopping secondary namenodes [exp-6-03]
Copying Hadoop logs back to /home/pjethwa/expansecluster/logs...
'/scratch/pjethwa/job_17375502/logs' -> '/home/pjethwa/expansecluster/logs'
'/scratch/pjethwa/job_17375502/logs/hadoop-pjethwa-namenode-exp-6-03.out' -> '/home/pjethwa/expansecluster/logs/hadoop-pjethwa-namenode-exp-6-03.out'
'/scratch/pjethwa/job_17375502/logs/SecurityAuth-pjethwa.audit' -> '/home/pjethwa/expansecluster/logs/SecurityAuth-pjethwa.audit'
'/scratch/pjethwa/job_17375502/logs/hadoop-pjethwa-datanode-exp-6-03.out' -> '/home/pjethwa/expansecluster/logs/hadoop-pjethwa-datanode-exp-6-03.out'
'/scratch/pjethwa/job_17375502/logs/hadoop-pjethwa-namenode-exp-6-03.log' -> '/home/pjethwa/expansecluster/logs/hadoop-pjethwa-namenode-exp-6-03.log'
'/scratch/pjethwa/job_17375502/logs/hadoop-pjethwa-datanode-exp-6-03.log' -> '/home/pjethwa/expansecluster/logs/hadoop-pjethwa-datanode-exp-6-03.log'
'/scratch/pjethwa/job_17375502/logs/hadoop-pjethwa-secondarynamenode-exp-6-03.out' -> '/home/pjethwa/expansecluster/logs/hadoop-pjethwa-secondarynamenode-exp-6-03.out'
'/scratch/pjethwa/job_17375502/logs/hadoop-pjethwa-secondarynamenode-exp-6-03.log' -> '/home/pjethwa/expansecluster/logs/hadoop-pjethwa-secondarynamenode-exp-6-03.log'
'/scratch/pjethwa/job_17375502/logs/spark-pjethwa-org.apache.spark.deploy.master.Master-1-exp-6-03.out' -> '/home/pjethwa/expansecluster/logs/spark-pjethwa-org.apache.spark.deploy.master.Master-1-exp-6-03.out'
removed directory '/scratch/pjethwa/job_17375502/tmp/dfs/namesecondary'
removed directory '/scratch/pjethwa/job_17375502/tmp/dfs'
removed directory '/scratch/pjethwa/job_17375502/tmp'
removed '/scratch/pjethwa/job_17375502/hdfs_data/current/BP-1452481322-198.202.102.208-1667954812365/current/finalized/subdir0/subdir0/blk_1073741825_1001.meta'
removed '/scratch/pjethwa/job_17375502/hdfs_data/current/BP-1452481322-198.202.102.208-1667954812365/current/finalized/subdir0/subdir0/blk_1073741825'
removed directory '/scratch/pjethwa/job_17375502/hdfs_data/current/BP-1452481322-198.202.102.208-1667954812365/current/finalized/subdir0/subdir0'
removed directory '/scratch/pjethwa/job_17375502/hdfs_data/current/BP-1452481322-198.202.102.208-1667954812365/current/finalized/subdir0'
removed directory '/scratch/pjethwa/job_17375502/hdfs_data/current/BP-1452481322-198.202.102.208-1667954812365/current/finalized'
removed directory '/scratch/pjethwa/job_17375502/hdfs_data/current/BP-1452481322-198.202.102.208-1667954812365/current/rbw'
removed '/scratch/pjethwa/job_17375502/hdfs_data/current/BP-1452481322-198.202.102.208-1667954812365/current/VERSION'
removed '/scratch/pjethwa/job_17375502/hdfs_data/current/BP-1452481322-198.202.102.208-1667954812365/current/dfsUsed'
removed directory '/scratch/pjethwa/job_17375502/hdfs_data/current/BP-1452481322-198.202.102.208-1667954812365/current'
removed '/scratch/pjethwa/job_17375502/hdfs_data/current/BP-1452481322-198.202.102.208-1667954812365/scanner.cursor'
removed directory '/scratch/pjethwa/job_17375502/hdfs_data/current/BP-1452481322-198.202.102.208-1667954812365/tmp'
removed directory '/scratch/pjethwa/job_17375502/hdfs_data/current/BP-1452481322-198.202.102.208-1667954812365'
removed '/scratch/pjethwa/job_17375502/hdfs_data/current/VERSION'
removed directory '/scratch/pjethwa/job_17375502/hdfs_data/current'
removed directory '/scratch/pjethwa/job_17375502/hdfs_data'
removed '/scratch/pjethwa/job_17375502/logs/hadoop-pjethwa-datanode-exp-6-03.log'
removed '/scratch/pjethwa/job_17375502/logs/hadoop-pjethwa-namenode-exp-6-03.log'
removed '/scratch/pjethwa/job_17375502/logs/spark-pjethwa-org.apache.spark.deploy.master.Master-1-exp-6-03.out'
removed '/scratch/pjethwa/job_17375502/logs/hadoop-pjethwa-secondarynamenode-exp-6-03.out'
removed '/scratch/pjethwa/job_17375502/logs/hadoop-pjethwa-secondarynamenode-exp-6-03.log'
removed '/scratch/pjethwa/job_17375502/logs/hadoop-pjethwa-datanode-exp-6-03.out'
removed '/scratch/pjethwa/job_17375502/logs/hadoop-pjethwa-namenode-exp-6-03.out'
removed '/scratch/pjethwa/job_17375502/logs/SecurityAuth-pjethwa.audit'
removed directory '/scratch/pjethwa/job_17375502/logs'
removed '/scratch/pjethwa/job_17375502/namenode_data/current/seen_txid'
removed '/scratch/pjethwa/job_17375502/namenode_data/current/fsimage_0000000000000000000'
removed '/scratch/pjethwa/job_17375502/namenode_data/current/edits_inprogress_0000000000000000001'
removed '/scratch/pjethwa/job_17375502/namenode_data/current/VERSION'
removed '/scratch/pjethwa/job_17375502/namenode_data/current/fsimage_0000000000000000000.md5'
removed directory '/scratch/pjethwa/job_17375502/namenode_data/current'
removed directory '/scratch/pjethwa/job_17375502/namenode_data'
removed directory '/scratch/pjethwa/job_17375502/pids'
