WARNING: An illegal reflective access operation has occurred
WARNING: Illegal reflective access by org.apache.spark.unsafe.Platform (file:/expanse/lustre/projects/uot182/fegaras/spark-3.1.2-bin-hadoop3.2/jars/spark-unsafe_2.12-3.1.2.jar) to constructor java.nio.DirectByteBuffer(long,int)
WARNING: Please consider reporting this to the maintainers of org.apache.spark.unsafe.Platform
WARNING: Use --illegal-access=warn to enable warnings of further illegal reflective access operations
WARNING: All illegal access operations will be denied in a future release
22/11/01 15:21:36 WARN NativeCodeLoader: Unable to load native-hadoop library for your platform... using builtin-java classes where applicable
Using Spark's default log4j profile: org/apache/spark/log4j-defaults.properties
22/11/01 15:21:36 INFO SparkContext: Running Spark version 3.1.2
22/11/01 15:21:36 INFO ResourceUtils: ==============================================================
22/11/01 15:21:36 INFO ResourceUtils: No custom resources configured for spark.driver.
22/11/01 15:21:36 INFO ResourceUtils: ==============================================================
22/11/01 15:21:36 INFO SparkContext: Submitted application: Spark_Add
22/11/01 15:21:36 INFO ResourceProfile: Default ResourceProfile created, executor resources: Map(cores -> name: cores, amount: 1, script: , vendor: , memory -> name: memory, amount: 1024, script: , vendor: , offHeap -> name: offHeap, amount: 0, script: , vendor: ), task resources: Map(cpus -> name: cpus, amount: 1.0)
22/11/01 15:21:36 INFO ResourceProfile: Limiting resource is cpu
22/11/01 15:21:36 INFO ResourceProfileManager: Added ResourceProfile id: 0
22/11/01 15:21:36 INFO SecurityManager: Changing view acls to: pjethwa
22/11/01 15:21:36 INFO SecurityManager: Changing modify acls to: pjethwa
22/11/01 15:21:36 INFO SecurityManager: Changing view acls groups to: 
22/11/01 15:21:36 INFO SecurityManager: Changing modify acls groups to: 
22/11/01 15:21:36 INFO SecurityManager: SecurityManager: authentication disabled; ui acls disabled; users  with view permissions: Set(pjethwa); groups with view permissions: Set(); users  with modify permissions: Set(pjethwa); groups with modify permissions: Set()
22/11/01 15:21:36 INFO Utils: Successfully started service 'sparkDriver' on port 43121.
22/11/01 15:21:36 INFO SparkEnv: Registering MapOutputTracker
22/11/01 15:21:37 INFO SparkEnv: Registering BlockManagerMaster
22/11/01 15:21:37 INFO BlockManagerMasterEndpoint: Using org.apache.spark.storage.DefaultTopologyMapper for getting topology information
22/11/01 15:21:37 INFO BlockManagerMasterEndpoint: BlockManagerMasterEndpoint up
22/11/01 15:21:37 INFO SparkEnv: Registering BlockManagerMasterHeartbeat
22/11/01 15:21:37 INFO DiskBlockManager: Created local directory at /tmp/blockmgr-e6da662b-296d-4c35-afce-0756b0ebbc2e
22/11/01 15:21:37 INFO MemoryStore: MemoryStore started with capacity 434.4 MiB
22/11/01 15:21:37 INFO SparkEnv: Registering OutputCommitCoordinator
22/11/01 15:21:37 INFO Utils: Successfully started service 'SparkUI' on port 4040.
22/11/01 15:21:37 INFO SparkUI: Bound SparkUI to 0.0.0.0, and started at http://exp-1-17.expanse.sdsc.edu:4040
22/11/01 15:21:37 INFO SparkContext: Added JAR file:/home/pjethwa/project4/add.jar at spark://exp-1-17.expanse.sdsc.edu:43121/jars/add.jar with timestamp 1667341296628
22/11/01 15:21:37 INFO Executor: Starting executor ID driver on host exp-1-17.expanse.sdsc.edu
22/11/01 15:21:37 INFO Executor: Fetching spark://exp-1-17.expanse.sdsc.edu:43121/jars/add.jar with timestamp 1667341296628
22/11/01 15:21:37 INFO TransportClientFactory: Successfully created connection to exp-1-17.expanse.sdsc.edu/198.202.103.238:43121 after 23 ms (0 ms spent in bootstraps)
22/11/01 15:21:37 INFO Utils: Fetching spark://exp-1-17.expanse.sdsc.edu:43121/jars/add.jar to /tmp/spark-025bf5ea-effc-4a8d-8769-8e9546201945/userFiles-e0c7122b-80db-4733-9f48-979dd850f5c1/fetchFileTemp3621593288037161122.tmp
22/11/01 15:21:37 INFO Executor: Adding file:/tmp/spark-025bf5ea-effc-4a8d-8769-8e9546201945/userFiles-e0c7122b-80db-4733-9f48-979dd850f5c1/add.jar to class loader
22/11/01 15:21:37 INFO Utils: Successfully started service 'org.apache.spark.network.netty.NettyBlockTransferService' on port 34965.
22/11/01 15:21:37 INFO NettyBlockTransferService: Server created on exp-1-17.expanse.sdsc.edu:34965
22/11/01 15:21:37 INFO BlockManager: Using org.apache.spark.storage.RandomBlockReplicationPolicy for block replication policy
22/11/01 15:21:37 INFO BlockManagerMaster: Registering BlockManager BlockManagerId(driver, exp-1-17.expanse.sdsc.edu, 34965, None)
22/11/01 15:21:37 INFO BlockManagerMasterEndpoint: Registering block manager exp-1-17.expanse.sdsc.edu:34965 with 434.4 MiB RAM, BlockManagerId(driver, exp-1-17.expanse.sdsc.edu, 34965, None)
22/11/01 15:21:37 INFO BlockManagerMaster: Registered BlockManager BlockManagerId(driver, exp-1-17.expanse.sdsc.edu, 34965, None)
22/11/01 15:21:37 INFO BlockManager: Initialized BlockManager: BlockManagerId(driver, exp-1-17.expanse.sdsc.edu, 34965, None)
22/11/01 15:21:38 INFO MemoryStore: Block broadcast_0 stored as values in memory (estimated size 175.9 KiB, free 434.2 MiB)
22/11/01 15:21:38 INFO MemoryStore: Block broadcast_0_piece0 stored as bytes in memory (estimated size 27.1 KiB, free 434.2 MiB)
22/11/01 15:21:38 INFO BlockManagerInfo: Added broadcast_0_piece0 in memory on exp-1-17.expanse.sdsc.edu:34965 (size: 27.1 KiB, free: 434.4 MiB)
22/11/01 15:21:38 INFO SparkContext: Created broadcast 0 from textFile at Add.scala:46
22/11/01 15:21:38 INFO FileInputFormat: Total input files to process : 1
22/11/01 15:21:38 INFO MemoryStore: Block broadcast_1 stored as values in memory (estimated size 175.9 KiB, free 434.0 MiB)
22/11/01 15:21:38 INFO MemoryStore: Block broadcast_1_piece0 stored as bytes in memory (estimated size 27.1 KiB, free 434.0 MiB)
22/11/01 15:21:38 INFO BlockManagerInfo: Added broadcast_1_piece0 in memory on exp-1-17.expanse.sdsc.edu:34965 (size: 27.1 KiB, free: 434.3 MiB)
22/11/01 15:21:38 INFO SparkContext: Created broadcast 1 from textFile at Add.scala:46
22/11/01 15:21:38 INFO FileInputFormat: Total input files to process : 1
22/11/01 15:21:38 INFO deprecation: mapred.output.dir is deprecated. Instead, use mapreduce.output.fileoutputformat.outputdir
22/11/01 15:21:38 INFO HadoopMapRedCommitProtocol: Using output committer class org.apache.hadoop.mapred.FileOutputCommitter
22/11/01 15:21:38 INFO FileOutputCommitter: File Output Committer Algorithm version is 1
22/11/01 15:21:38 INFO FileOutputCommitter: FileOutputCommitter skip cleanup _temporary folders under output directory:false, ignore cleanup failures: false
22/11/01 15:21:38 INFO SparkContext: Starting job: runJob at SparkHadoopWriter.scala:83
22/11/01 15:21:38 INFO DAGScheduler: Registering RDD 2 (map at Add.scala:46) as input to shuffle 2
22/11/01 15:21:38 INFO DAGScheduler: Registering RDD 4 (map at Add.scala:48) as input to shuffle 0
22/11/01 15:21:38 INFO DAGScheduler: Registering RDD 7 (map at Add.scala:46) as input to shuffle 3
22/11/01 15:21:38 INFO DAGScheduler: Registering RDD 9 (map at Add.scala:48) as input to shuffle 1
22/11/01 15:21:38 INFO DAGScheduler: Got job 0 (runJob at SparkHadoopWriter.scala:83) with 2 output partitions
22/11/01 15:21:38 INFO DAGScheduler: Final stage: ResultStage 4 (runJob at SparkHadoopWriter.scala:83)
22/11/01 15:21:38 INFO DAGScheduler: Parents of final stage: List(ShuffleMapStage 1, ShuffleMapStage 3)
22/11/01 15:21:38 INFO DAGScheduler: Missing parents: List(ShuffleMapStage 1, ShuffleMapStage 3)
22/11/01 15:21:38 INFO DAGScheduler: Submitting ShuffleMapStage 0 (MapPartitionsRDD[2] at map at Add.scala:46), which has no missing parents
22/11/01 15:21:38 INFO MemoryStore: Block broadcast_2 stored as values in memory (estimated size 6.9 KiB, free 434.0 MiB)
22/11/01 15:21:38 INFO MemoryStore: Block broadcast_2_piece0 stored as bytes in memory (estimated size 3.8 KiB, free 434.0 MiB)
22/11/01 15:21:38 INFO BlockManagerInfo: Added broadcast_2_piece0 in memory on exp-1-17.expanse.sdsc.edu:34965 (size: 3.8 KiB, free: 434.3 MiB)
22/11/01 15:21:38 INFO SparkContext: Created broadcast 2 from broadcast at DAGScheduler.scala:1388
22/11/01 15:21:38 INFO DAGScheduler: Submitting 2 missing tasks from ShuffleMapStage 0 (MapPartitionsRDD[2] at map at Add.scala:46) (first 15 tasks are for partitions Vector(0, 1))
22/11/01 15:21:38 INFO TaskSchedulerImpl: Adding task set 0.0 with 2 tasks resource profile 0
22/11/01 15:21:39 INFO DAGScheduler: Submitting ShuffleMapStage 2 (MapPartitionsRDD[7] at map at Add.scala:46), which has no missing parents
22/11/01 15:21:39 INFO MemoryStore: Block broadcast_3 stored as values in memory (estimated size 6.9 KiB, free 434.0 MiB)
22/11/01 15:21:39 INFO MemoryStore: Block broadcast_3_piece0 stored as bytes in memory (estimated size 3.8 KiB, free 434.0 MiB)
22/11/01 15:21:39 INFO BlockManagerInfo: Added broadcast_3_piece0 in memory on exp-1-17.expanse.sdsc.edu:34965 (size: 3.8 KiB, free: 434.3 MiB)
22/11/01 15:21:39 INFO TaskSetManager: Starting task 0.0 in stage 0.0 (TID 0) (exp-1-17.expanse.sdsc.edu, executor driver, partition 0, PROCESS_LOCAL, 4504 bytes) taskResourceAssignments Map()
22/11/01 15:21:39 INFO SparkContext: Created broadcast 3 from broadcast at DAGScheduler.scala:1388
22/11/01 15:21:39 INFO DAGScheduler: Submitting 2 missing tasks from ShuffleMapStage 2 (MapPartitionsRDD[7] at map at Add.scala:46) (first 15 tasks are for partitions Vector(0, 1))
22/11/01 15:21:39 INFO TaskSchedulerImpl: Adding task set 2.0 with 2 tasks resource profile 0
22/11/01 15:21:39 INFO TaskSetManager: Starting task 1.0 in stage 0.0 (TID 1) (exp-1-17.expanse.sdsc.edu, executor driver, partition 1, PROCESS_LOCAL, 4504 bytes) taskResourceAssignments Map()
22/11/01 15:21:39 INFO Executor: Running task 0.0 in stage 0.0 (TID 0)
22/11/01 15:21:39 INFO Executor: Running task 1.0 in stage 0.0 (TID 1)
22/11/01 15:21:39 INFO HadoopRDD: Input split: file:/home/pjethwa/project4/M-matrix-small.txt:0+66
22/11/01 15:21:39 INFO HadoopRDD: Input split: file:/home/pjethwa/project4/M-matrix-small.txt:66+66
22/11/01 15:21:39 INFO Executor: Finished task 1.0 in stage 0.0 (TID 1). 1175 bytes result sent to driver
22/11/01 15:21:39 INFO Executor: Finished task 0.0 in stage 0.0 (TID 0). 1175 bytes result sent to driver
22/11/01 15:21:39 INFO TaskSetManager: Starting task 0.0 in stage 2.0 (TID 2) (exp-1-17.expanse.sdsc.edu, executor driver, partition 0, PROCESS_LOCAL, 4504 bytes) taskResourceAssignments Map()
22/11/01 15:21:39 INFO Executor: Running task 0.0 in stage 2.0 (TID 2)
22/11/01 15:21:39 INFO HadoopRDD: Input split: file:/home/pjethwa/project4/N-matrix-small.txt:0+64
22/11/01 15:21:39 INFO TaskSetManager: Starting task 1.0 in stage 2.0 (TID 3) (exp-1-17.expanse.sdsc.edu, executor driver, partition 1, PROCESS_LOCAL, 4504 bytes) taskResourceAssignments Map()
22/11/01 15:21:39 INFO Executor: Running task 1.0 in stage 2.0 (TID 3)
22/11/01 15:21:39 INFO TaskSetManager: Finished task 1.0 in stage 0.0 (TID 1) in 259 ms on exp-1-17.expanse.sdsc.edu (executor driver) (1/2)
22/11/01 15:21:39 INFO HadoopRDD: Input split: file:/home/pjethwa/project4/N-matrix-small.txt:64+65
22/11/01 15:21:39 INFO Executor: Finished task 0.0 in stage 2.0 (TID 2). 1132 bytes result sent to driver
22/11/01 15:21:39 INFO TaskSetManager: Finished task 0.0 in stage 0.0 (TID 0) in 314 ms on exp-1-17.expanse.sdsc.edu (executor driver) (2/2)
22/11/01 15:21:39 INFO TaskSchedulerImpl: Removed TaskSet 0.0, whose tasks have all completed, from pool 
22/11/01 15:21:39 INFO TaskSetManager: Finished task 0.0 in stage 2.0 (TID 2) in 37 ms on exp-1-17.expanse.sdsc.edu (executor driver) (1/2)
22/11/01 15:21:39 INFO DAGScheduler: ShuffleMapStage 0 (map at Add.scala:46) finished in 0.417 s
22/11/01 15:21:39 INFO DAGScheduler: looking for newly runnable stages
22/11/01 15:21:39 INFO DAGScheduler: running: Set(ShuffleMapStage 2)
22/11/01 15:21:39 INFO DAGScheduler: waiting: Set(ShuffleMapStage 1, ShuffleMapStage 3, ResultStage 4)
22/11/01 15:21:39 INFO DAGScheduler: failed: Set()
22/11/01 15:21:39 INFO DAGScheduler: Submitting ShuffleMapStage 1 (MapPartitionsRDD[4] at map at Add.scala:48), which has no missing parents
22/11/01 15:21:39 INFO Executor: Finished task 1.0 in stage 2.0 (TID 3). 1132 bytes result sent to driver
22/11/01 15:21:39 INFO TaskSetManager: Finished task 1.0 in stage 2.0 (TID 3) in 42 ms on exp-1-17.expanse.sdsc.edu (executor driver) (2/2)
22/11/01 15:21:39 INFO TaskSchedulerImpl: Removed TaskSet 2.0, whose tasks have all completed, from pool 
22/11/01 15:21:39 INFO MemoryStore: Block broadcast_4 stored as values in memory (estimated size 7.7 KiB, free 434.0 MiB)
22/11/01 15:21:39 INFO MemoryStore: Block broadcast_4_piece0 stored as bytes in memory (estimated size 4.1 KiB, free 434.0 MiB)
22/11/01 15:21:39 INFO BlockManagerInfo: Added broadcast_4_piece0 in memory on exp-1-17.expanse.sdsc.edu:34965 (size: 4.1 KiB, free: 434.3 MiB)
22/11/01 15:21:39 INFO SparkContext: Created broadcast 4 from broadcast at DAGScheduler.scala:1388
22/11/01 15:21:39 INFO DAGScheduler: Submitting 2 missing tasks from ShuffleMapStage 1 (MapPartitionsRDD[4] at map at Add.scala:48) (first 15 tasks are for partitions Vector(0, 1))
22/11/01 15:21:39 INFO TaskSchedulerImpl: Adding task set 1.0 with 2 tasks resource profile 0
22/11/01 15:21:39 INFO TaskSetManager: Starting task 1.0 in stage 1.0 (TID 4) (exp-1-17.expanse.sdsc.edu, executor driver, partition 1, NODE_LOCAL, 4260 bytes) taskResourceAssignments Map()
22/11/01 15:21:39 INFO TaskSetManager: Starting task 0.0 in stage 1.0 (TID 5) (exp-1-17.expanse.sdsc.edu, executor driver, partition 0, PROCESS_LOCAL, 4260 bytes) taskResourceAssignments Map()
22/11/01 15:21:39 INFO Executor: Running task 1.0 in stage 1.0 (TID 4)
22/11/01 15:21:39 INFO Executor: Running task 0.0 in stage 1.0 (TID 5)
22/11/01 15:21:39 INFO ShuffleBlockFetcherIterator: Getting 0 (0.0 B) non-empty blocks including 0 (0.0 B) local and 0 (0.0 B) host-local and 0 (0.0 B) remote blocks
22/11/01 15:21:39 INFO ShuffleBlockFetcherIterator: Started 0 remote fetches in 2 ms
22/11/01 15:21:39 INFO ShuffleBlockFetcherIterator: Getting 2 (935.0 B) non-empty blocks including 2 (935.0 B) local and 0 (0.0 B) host-local and 0 (0.0 B) remote blocks
22/11/01 15:21:39 INFO ShuffleBlockFetcherIterator: Started 0 remote fetches in 10 ms
22/11/01 15:21:39 INFO DAGScheduler: ShuffleMapStage 2 (map at Add.scala:46) finished in 0.380 s
22/11/01 15:21:39 INFO DAGScheduler: looking for newly runnable stages
22/11/01 15:21:39 INFO DAGScheduler: running: Set(ShuffleMapStage 1)
22/11/01 15:21:39 INFO DAGScheduler: waiting: Set(ShuffleMapStage 3, ResultStage 4)
22/11/01 15:21:39 INFO DAGScheduler: failed: Set()
22/11/01 15:21:39 INFO DAGScheduler: Submitting ShuffleMapStage 3 (MapPartitionsRDD[9] at map at Add.scala:48), which has no missing parents
22/11/01 15:21:39 INFO Executor: Finished task 0.0 in stage 1.0 (TID 5). 1347 bytes result sent to driver
22/11/01 15:21:39 INFO TaskSetManager: Finished task 0.0 in stage 1.0 (TID 5) in 56 ms on exp-1-17.expanse.sdsc.edu (executor driver) (1/2)
22/11/01 15:21:39 INFO MemoryStore: Block broadcast_5 stored as values in memory (estimated size 7.7 KiB, free 434.0 MiB)
22/11/01 15:21:39 INFO MemoryStore: Block broadcast_5_piece0 stored as bytes in memory (estimated size 4.1 KiB, free 434.0 MiB)
22/11/01 15:21:39 INFO BlockManagerInfo: Added broadcast_5_piece0 in memory on exp-1-17.expanse.sdsc.edu:34965 (size: 4.1 KiB, free: 434.3 MiB)
22/11/01 15:21:39 INFO SparkContext: Created broadcast 5 from broadcast at DAGScheduler.scala:1388
22/11/01 15:21:39 INFO DAGScheduler: Submitting 2 missing tasks from ShuffleMapStage 3 (MapPartitionsRDD[9] at map at Add.scala:48) (first 15 tasks are for partitions Vector(0, 1))
22/11/01 15:21:39 INFO TaskSchedulerImpl: Adding task set 3.0 with 2 tasks resource profile 0
22/11/01 15:21:39 INFO TaskSetManager: Starting task 1.0 in stage 3.0 (TID 6) (exp-1-17.expanse.sdsc.edu, executor driver, partition 1, NODE_LOCAL, 4260 bytes) taskResourceAssignments Map()
22/11/01 15:21:39 INFO Executor: Running task 1.0 in stage 3.0 (TID 6)
22/11/01 15:21:39 INFO Executor: Finished task 1.0 in stage 1.0 (TID 4). 1476 bytes result sent to driver
22/11/01 15:21:39 INFO TaskSetManager: Starting task 0.0 in stage 3.0 (TID 7) (exp-1-17.expanse.sdsc.edu, executor driver, partition 0, PROCESS_LOCAL, 4260 bytes) taskResourceAssignments Map()
22/11/01 15:21:39 INFO TaskSetManager: Finished task 1.0 in stage 1.0 (TID 4) in 77 ms on exp-1-17.expanse.sdsc.edu (executor driver) (2/2)
22/11/01 15:21:39 INFO TaskSchedulerImpl: Removed TaskSet 1.0, whose tasks have all completed, from pool 
22/11/01 15:21:39 INFO ShuffleBlockFetcherIterator: Getting 2 (935.0 B) non-empty blocks including 2 (935.0 B) local and 0 (0.0 B) host-local and 0 (0.0 B) remote blocks
22/11/01 15:21:39 INFO ShuffleBlockFetcherIterator: Started 0 remote fetches in 0 ms
22/11/01 15:21:39 INFO Executor: Finished task 1.0 in stage 3.0 (TID 6). 1476 bytes result sent to driver
22/11/01 15:21:39 INFO TaskSetManager: Finished task 1.0 in stage 3.0 (TID 6) in 19 ms on exp-1-17.expanse.sdsc.edu (executor driver) (1/2)
22/11/01 15:21:39 INFO DAGScheduler: ShuffleMapStage 1 (map at Add.scala:48) finished in 0.108 s
22/11/01 15:21:39 INFO DAGScheduler: looking for newly runnable stages
22/11/01 15:21:39 INFO DAGScheduler: running: Set(ShuffleMapStage 3)
22/11/01 15:21:39 INFO DAGScheduler: waiting: Set(ResultStage 4)
22/11/01 15:21:39 INFO DAGScheduler: failed: Set()
22/11/01 15:21:39 INFO Executor: Running task 0.0 in stage 3.0 (TID 7)
22/11/01 15:21:39 INFO ShuffleBlockFetcherIterator: Getting 0 (0.0 B) non-empty blocks including 0 (0.0 B) local and 0 (0.0 B) host-local and 0 (0.0 B) remote blocks
22/11/01 15:21:39 INFO ShuffleBlockFetcherIterator: Started 0 remote fetches in 0 ms
22/11/01 15:21:39 INFO Executor: Finished task 0.0 in stage 3.0 (TID 7). 1347 bytes result sent to driver
22/11/01 15:21:39 INFO TaskSetManager: Finished task 0.0 in stage 3.0 (TID 7) in 30 ms on exp-1-17.expanse.sdsc.edu (executor driver) (2/2)
22/11/01 15:21:39 INFO TaskSchedulerImpl: Removed TaskSet 3.0, whose tasks have all completed, from pool 
22/11/01 15:21:39 INFO DAGScheduler: ShuffleMapStage 3 (map at Add.scala:48) finished in 0.055 s
22/11/01 15:21:39 INFO DAGScheduler: looking for newly runnable stages
22/11/01 15:21:39 INFO DAGScheduler: running: Set()
22/11/01 15:21:39 INFO DAGScheduler: waiting: Set(ResultStage 4)
22/11/01 15:21:39 INFO DAGScheduler: failed: Set()
22/11/01 15:21:39 INFO DAGScheduler: Submitting ResultStage 4 (MapPartitionsRDD[14] at saveAsTextFile at Add.scala:58), which has no missing parents
22/11/01 15:21:39 INFO MemoryStore: Block broadcast_6 stored as values in memory (estimated size 85.7 KiB, free 433.9 MiB)
22/11/01 15:21:39 INFO MemoryStore: Block broadcast_6_piece0 stored as bytes in memory (estimated size 30.8 KiB, free 433.8 MiB)
22/11/01 15:21:39 INFO BlockManagerInfo: Added broadcast_6_piece0 in memory on exp-1-17.expanse.sdsc.edu:34965 (size: 30.8 KiB, free: 434.3 MiB)
22/11/01 15:21:39 INFO SparkContext: Created broadcast 6 from broadcast at DAGScheduler.scala:1388
22/11/01 15:21:39 INFO DAGScheduler: Submitting 2 missing tasks from ResultStage 4 (MapPartitionsRDD[14] at saveAsTextFile at Add.scala:58) (first 15 tasks are for partitions Vector(0, 1))
22/11/01 15:21:39 INFO TaskSchedulerImpl: Adding task set 4.0 with 2 tasks resource profile 0
22/11/01 15:21:39 INFO TaskSetManager: Starting task 0.0 in stage 4.0 (TID 8) (exp-1-17.expanse.sdsc.edu, executor driver, partition 0, PROCESS_LOCAL, 4334 bytes) taskResourceAssignments Map()
22/11/01 15:21:39 INFO TaskSetManager: Starting task 1.0 in stage 4.0 (TID 9) (exp-1-17.expanse.sdsc.edu, executor driver, partition 1, PROCESS_LOCAL, 4334 bytes) taskResourceAssignments Map()
22/11/01 15:21:39 INFO Executor: Running task 1.0 in stage 4.0 (TID 9)
22/11/01 15:21:39 INFO Executor: Running task 0.0 in stage 4.0 (TID 8)
22/11/01 15:21:39 INFO ShuffleBlockFetcherIterator: Getting 0 (0.0 B) non-empty blocks including 0 (0.0 B) local and 0 (0.0 B) host-local and 0 (0.0 B) remote blocks
22/11/01 15:21:39 INFO ShuffleBlockFetcherIterator: Started 0 remote fetches in 0 ms
22/11/01 15:21:39 INFO ShuffleBlockFetcherIterator: Getting 0 (0.0 B) non-empty blocks including 0 (0.0 B) local and 0 (0.0 B) host-local and 0 (0.0 B) remote blocks
22/11/01 15:21:39 INFO ShuffleBlockFetcherIterator: Started 0 remote fetches in 0 ms
22/11/01 15:21:39 INFO ShuffleBlockFetcherIterator: Getting 1 (789.0 B) non-empty blocks including 1 (789.0 B) local and 0 (0.0 B) host-local and 0 (0.0 B) remote blocks
22/11/01 15:21:39 INFO ShuffleBlockFetcherIterator: Started 0 remote fetches in 0 ms
22/11/01 15:21:39 INFO ShuffleBlockFetcherIterator: Getting 1 (789.0 B) non-empty blocks including 1 (789.0 B) local and 0 (0.0 B) host-local and 0 (0.0 B) remote blocks
22/11/01 15:21:39 INFO ShuffleBlockFetcherIterator: Started 0 remote fetches in 0 ms
22/11/01 15:21:39 INFO HadoopMapRedCommitProtocol: Using output committer class org.apache.hadoop.mapred.FileOutputCommitter
22/11/01 15:21:39 INFO HadoopMapRedCommitProtocol: Using output committer class org.apache.hadoop.mapred.FileOutputCommitter
22/11/01 15:21:39 INFO FileOutputCommitter: File Output Committer Algorithm version is 1
22/11/01 15:21:39 INFO FileOutputCommitter: FileOutputCommitter skip cleanup _temporary folders under output directory:false, ignore cleanup failures: false
22/11/01 15:21:39 INFO FileOutputCommitter: File Output Committer Algorithm version is 1
22/11/01 15:21:39 INFO FileOutputCommitter: FileOutputCommitter skip cleanup _temporary folders under output directory:false, ignore cleanup failures: false
22/11/01 15:21:39 INFO FileOutputCommitter: Saved output of task 'attempt_20221101152138151420299126806359_0014_m_000000_0' to file:/home/pjethwa/project4/output/_temporary/0/task_20221101152138151420299126806359_0014_m_000000
22/11/01 15:21:39 INFO SparkHadoopMapRedUtil: attempt_20221101152138151420299126806359_0014_m_000000_0: Committed
22/11/01 15:21:39 INFO Executor: Finished task 0.0 in stage 4.0 (TID 8). 1545 bytes result sent to driver
22/11/01 15:21:39 INFO TaskSetManager: Finished task 0.0 in stage 4.0 (TID 8) in 273 ms on exp-1-17.expanse.sdsc.edu (executor driver) (1/2)
22/11/01 15:21:39 INFO BlockManagerInfo: Removed broadcast_4_piece0 on exp-1-17.expanse.sdsc.edu:34965 in memory (size: 4.1 KiB, free: 434.3 MiB)
22/11/01 15:21:39 INFO BlockManagerInfo: Removed broadcast_5_piece0 on exp-1-17.expanse.sdsc.edu:34965 in memory (size: 4.1 KiB, free: 434.3 MiB)
22/11/01 15:21:39 INFO BlockManagerInfo: Removed broadcast_2_piece0 on exp-1-17.expanse.sdsc.edu:34965 in memory (size: 3.8 KiB, free: 434.3 MiB)
22/11/01 15:21:39 INFO BlockManagerInfo: Removed broadcast_3_piece0 on exp-1-17.expanse.sdsc.edu:34965 in memory (size: 3.8 KiB, free: 434.3 MiB)
22/11/01 15:21:40 INFO FileOutputCommitter: Saved output of task 'attempt_20221101152138151420299126806359_0014_m_000001_0' to file:/home/pjethwa/project4/output/_temporary/0/task_20221101152138151420299126806359_0014_m_000001
22/11/01 15:21:40 INFO SparkHadoopMapRedUtil: attempt_20221101152138151420299126806359_0014_m_000001_0: Committed
22/11/01 15:21:40 INFO Executor: Finished task 1.0 in stage 4.0 (TID 9). 1631 bytes result sent to driver
22/11/01 15:21:40 INFO TaskSetManager: Finished task 1.0 in stage 4.0 (TID 9) in 665 ms on exp-1-17.expanse.sdsc.edu (executor driver) (2/2)
22/11/01 15:21:40 INFO TaskSchedulerImpl: Removed TaskSet 4.0, whose tasks have all completed, from pool 
22/11/01 15:21:40 INFO DAGScheduler: ResultStage 4 (runJob at SparkHadoopWriter.scala:83) finished in 0.688 s
22/11/01 15:21:40 INFO DAGScheduler: Job 0 is finished. Cancelling potential speculative or zombie tasks for this job
22/11/01 15:21:40 INFO TaskSchedulerImpl: Killing all running tasks in stage 4: Stage finished
22/11/01 15:21:40 INFO DAGScheduler: Job 0 finished: runJob at SparkHadoopWriter.scala:83, took 1.327675 s
22/11/01 15:21:40 INFO SparkHadoopWriter: Job job_20221101152138151420299126806359_0014 committed.
22/11/01 15:21:40 INFO SparkUI: Stopped Spark web UI at http://exp-1-17.expanse.sdsc.edu:4040
22/11/01 15:21:40 INFO MapOutputTrackerMasterEndpoint: MapOutputTrackerMasterEndpoint stopped!
22/11/01 15:21:40 INFO MemoryStore: MemoryStore cleared
22/11/01 15:21:40 INFO BlockManager: BlockManager stopped
22/11/01 15:21:40 INFO BlockManagerMaster: BlockManagerMaster stopped
22/11/01 15:21:40 INFO OutputCommitCoordinator$OutputCommitCoordinatorEndpoint: OutputCommitCoordinator stopped!
22/11/01 15:21:40 INFO SparkContext: Successfully stopped SparkContext
22/11/01 15:21:40 INFO ShutdownHookManager: Shutdown hook called
22/11/01 15:21:40 INFO ShutdownHookManager: Deleting directory /tmp/spark-acfff9e3-206a-4ddb-8126-a2de4f376df5
22/11/01 15:21:40 INFO ShutdownHookManager: Deleting directory /tmp/spark-025bf5ea-effc-4a8d-8769-8e9546201945
