2022-11-15 09:57:38,070 INFO pig.ExecTypeProvider: Trying ExecType : LOCAL
2022-11-15 09:57:38,071 INFO pig.ExecTypeProvider: Picked LOCAL as the ExecType
2022-11-15 09:57:38,118 [main] INFO  org.apache.pig.Main - Apache Pig version 0.17.0 (r1797386) compiled Jun 02 2017, 15:41:58
2022-11-15 09:57:38,118 [main] INFO  org.apache.pig.Main - Logging error messages to: /home/pjethwa/project6/pig_1668535058116.log
2022-11-15 09:57:38,127 [main] INFO  org.apache.hadoop.conf.Configuration.deprecation - user.name is deprecated. Instead, use mapreduce.job.user.name
2022-11-15 09:57:38,239 [main] INFO  org.apache.pig.impl.util.Utils - Default bootup file /home/pjethwa/.pigbootup not found
2022-11-15 09:57:38,274 [main] INFO  org.apache.hadoop.conf.Configuration.deprecation - mapred.job.tracker is deprecated. Instead, use mapreduce.jobtracker.address
2022-11-15 09:57:38,275 [main] INFO  org.apache.pig.backend.hadoop.executionengine.HExecutionEngine - Connecting to hadoop file system at: file:///
2022-11-15 09:57:38,289 [main] INFO  org.apache.pig.PigServer - Pig Script ID for the session: PIG-netflix.pig-39475c10-d52a-4d4a-8b13-8cfb3227472f
2022-11-15 09:57:38,289 [main] WARN  org.apache.pig.PigServer - ATS is disabled since yarn.timeline-service.enabled set to false
2022-11-15 09:57:38,602 [main] WARN  org.apache.pig.newplan.BaseOperatorPlan - Encountered Warning IMPLICIT_CAST_TO_DOUBLE 2 time(s).
2022-11-15 09:57:38,605 [main] INFO  org.apache.hadoop.conf.Configuration.deprecation - mapred.textoutputformat.separator is deprecated. Instead, use mapreduce.output.textoutputformat.separator
2022-11-15 09:57:38,613 [main] INFO  org.apache.pig.tools.pigstats.ScriptState - Pig features used in the script: GROUP_BY,FILTER
2022-11-15 09:57:38,644 [main] INFO  org.apache.pig.newplan.logical.optimizer.LogicalPlanOptimizer - {RULES_ENABLED=[AddForEach, ColumnMapKeyPrune, ConstantCalculator, GroupByConstParallelSetter, LimitOptimizer, LoadTypeCastInserter, MergeFilter, MergeForEach, NestedLimitOptimizer, PartitionFilterOptimizer, PredicatePushdownOptimizer, PushDownForEachFlatten, PushUpFilter, SplitFilter, StreamTypeCastInserter]}
2022-11-15 09:57:38,677 [main] INFO  org.apache.pig.impl.util.SpillableMemoryManager - Selected heap (G1 Old Gen) of size 1048576000 to monitor. collectionUsageThreshold = 734003200, usageThreshold = 734003200
2022-11-15 09:57:38,706 [main] INFO  org.apache.pig.backend.hadoop.executionengine.mapReduceLayer.MRCompiler - File concatenation threshold: 100 optimistic? false
2022-11-15 09:57:38,728 [main] INFO  org.apache.pig.backend.hadoop.executionengine.util.CombinerOptimizerUtil - Choosing to move algebraic foreach to combiner
2022-11-15 09:57:38,732 [main] INFO  org.apache.pig.backend.hadoop.executionengine.util.CombinerOptimizerUtil - Choosing to move algebraic foreach to combiner
2022-11-15 09:57:38,743 [main] INFO  org.apache.pig.backend.hadoop.executionengine.mapReduceLayer.MultiQueryOptimizer - MR plan size before optimization: 2
2022-11-15 09:57:38,743 [main] INFO  org.apache.pig.backend.hadoop.executionengine.mapReduceLayer.MultiQueryOptimizer - MR plan size after optimization: 2
2022-11-15 09:57:38,799 [main] INFO  org.apache.hadoop.metrics2.impl.MetricsConfig - Loaded properties from hadoop-metrics2.properties
2022-11-15 09:57:38,863 [main] INFO  org.apache.hadoop.metrics2.impl.MetricsSystemImpl - Scheduled Metric snapshot period at 10 second(s).
2022-11-15 09:57:38,864 [main] INFO  org.apache.hadoop.metrics2.impl.MetricsSystemImpl - JobTracker metrics system started
2022-11-15 09:57:38,878 [main] INFO  org.apache.pig.tools.pigstats.mapreduce.MRScriptState - Pig script settings are added to the job
2022-11-15 09:57:38,881 [main] INFO  org.apache.hadoop.conf.Configuration.deprecation - mapred.job.reduce.markreset.buffer.percent is deprecated. Instead, use mapreduce.reduce.markreset.buffer.percent
2022-11-15 09:57:38,881 [main] INFO  org.apache.pig.backend.hadoop.executionengine.mapReduceLayer.JobControlCompiler - mapred.job.reduce.markreset.buffer.percent is not set, set to default 0.3
2022-11-15 09:57:38,882 [main] INFO  org.apache.hadoop.conf.Configuration.deprecation - mapred.output.compress is deprecated. Instead, use mapreduce.output.fileoutputformat.compress
2022-11-15 09:57:38,883 [main] INFO  org.apache.pig.backend.hadoop.executionengine.mapReduceLayer.JobControlCompiler - Reduce phase detected, estimating # of required reducers.
2022-11-15 09:57:38,884 [main] INFO  org.apache.pig.backend.hadoop.executionengine.mapReduceLayer.JobControlCompiler - Using reducer estimator: org.apache.pig.backend.hadoop.executionengine.mapReduceLayer.InputSizeReducerEstimator
2022-11-15 09:57:38,887 [main] INFO  org.apache.pig.backend.hadoop.executionengine.mapReduceLayer.InputSizeReducerEstimator - BytesPerReducer=1000000000 maxReducers=999 totalInputFileSize=252
2022-11-15 09:57:38,887 [main] INFO  org.apache.pig.backend.hadoop.executionengine.mapReduceLayer.JobControlCompiler - Setting Parallelism to 1
2022-11-15 09:57:38,887 [main] INFO  org.apache.hadoop.conf.Configuration.deprecation - mapred.reduce.tasks is deprecated. Instead, use mapreduce.job.reduces
2022-11-15 09:57:38,894 [main] INFO  org.apache.pig.backend.hadoop.executionengine.mapReduceLayer.JobControlCompiler - Setting up single store job
2022-11-15 09:57:38,899 [main] INFO  org.apache.pig.data.SchemaTupleFrontend - Key [pig.schematuple] is false, will not generate code.
2022-11-15 09:57:38,899 [main] INFO  org.apache.pig.data.SchemaTupleFrontend - Starting process to move generated code to distributed cacche
2022-11-15 09:57:38,899 [main] INFO  org.apache.pig.data.SchemaTupleFrontend - Distributed cache not supported or needed in local mode. Setting key [pig.schematuple.local.dir] with code temp directory: /tmp/1668535058899-0
2022-11-15 09:57:38,954 [main] INFO  org.apache.pig.backend.hadoop.executionengine.mapReduceLayer.MapReduceLauncher - 1 map-reduce job(s) waiting for submission.
2022-11-15 09:57:38,964 [JobControl] WARN  org.apache.hadoop.metrics2.impl.MetricsSystemImpl - JobTracker metrics system already initialized!
2022-11-15 09:57:38,976 [JobControl] INFO  org.apache.hadoop.conf.Configuration.deprecation - mapred.task.id is deprecated. Instead, use mapreduce.task.attempt.id
2022-11-15 09:57:39,018 [JobControl] WARN  org.apache.hadoop.mapreduce.JobResourceUploader - No job jar file set.  User classes may not be found. See Job or Job#setJar(String).
2022-11-15 09:57:39,026 [JobControl] INFO  org.apache.pig.builtin.PigStorage - Using PigTextInputFormat
2022-11-15 09:57:39,029 [JobControl] INFO  org.apache.hadoop.mapreduce.lib.input.FileInputFormat - Total input files to process : 1
2022-11-15 09:57:39,029 [JobControl] INFO  org.apache.pig.backend.hadoop.executionengine.util.MapRedUtil - Total input paths to process : 1
2022-11-15 09:57:39,036 [JobControl] INFO  org.apache.pig.backend.hadoop.executionengine.util.MapRedUtil - Total input paths (combined) to process : 1
2022-11-15 09:57:39,048 [JobControl] INFO  org.apache.hadoop.mapreduce.JobSubmitter - number of splits:1
2022-11-15 09:57:39,173 [JobControl] INFO  org.apache.hadoop.mapreduce.JobSubmitter - Submitting tokens for job: job_local2007908376_0001
2022-11-15 09:57:39,173 [JobControl] INFO  org.apache.hadoop.mapreduce.JobSubmitter - Executing with tokens: []
2022-11-15 09:57:39,193 [JobControl] WARN  org.apache.hadoop.conf.Configuration - file:/tmp/hadoop/mapred/staging/pjethwa2007908376/.staging/job_local2007908376_0001/job.xml:an attempt to override final parameter: yarn.resourcemanager.hostname;  Ignoring.
2022-11-15 09:57:39,275 [JobControl] INFO  org.apache.hadoop.mapreduce.Job - The url to track the job: http://localhost:8080/
2022-11-15 09:57:39,278 [Thread-5] INFO  org.apache.hadoop.mapred.LocalJobRunner - OutputCommitter set in config null
2022-11-15 09:57:39,296 [Thread-5] INFO  org.apache.hadoop.conf.Configuration.deprecation - mapred.reduce.tasks is deprecated. Instead, use mapreduce.job.reduces
2022-11-15 09:57:39,296 [Thread-5] INFO  org.apache.hadoop.conf.Configuration.deprecation - mapred.job.tracker is deprecated. Instead, use mapreduce.jobtracker.address
2022-11-15 09:57:39,296 [Thread-5] INFO  org.apache.hadoop.conf.Configuration.deprecation - mapred.job.reduce.markreset.buffer.percent is deprecated. Instead, use mapreduce.reduce.markreset.buffer.percent
2022-11-15 09:57:39,298 [Thread-5] INFO  org.apache.hadoop.mapreduce.lib.output.FileOutputCommitter - File Output Committer Algorithm version is 2
2022-11-15 09:57:39,298 [Thread-5] INFO  org.apache.hadoop.mapreduce.lib.output.FileOutputCommitter - FileOutputCommitter skip cleanup _temporary folders under output directory:false, ignore cleanup failures: false
2022-11-15 09:57:39,299 [Thread-5] INFO  org.apache.hadoop.mapred.LocalJobRunner - OutputCommitter is org.apache.pig.backend.hadoop.executionengine.mapReduceLayer.PigOutputCommitter
2022-11-15 09:57:39,324 [Thread-5] INFO  org.apache.hadoop.mapred.LocalJobRunner - Waiting for map tasks
2022-11-15 09:57:39,325 [LocalJobRunner Map Task Executor #0] INFO  org.apache.hadoop.mapred.LocalJobRunner - Starting task: attempt_local2007908376_0001_m_000000_0
2022-11-15 09:57:39,354 [LocalJobRunner Map Task Executor #0] INFO  org.apache.hadoop.mapreduce.lib.output.FileOutputCommitter - File Output Committer Algorithm version is 2
2022-11-15 09:57:39,355 [LocalJobRunner Map Task Executor #0] INFO  org.apache.hadoop.mapreduce.lib.output.FileOutputCommitter - FileOutputCommitter skip cleanup _temporary folders under output directory:false, ignore cleanup failures: false
2022-11-15 09:57:39,417 [LocalJobRunner Map Task Executor #0] INFO  org.apache.hadoop.mapred.Task -  Using ResourceCalculatorProcessTree : [ ]
2022-11-15 09:57:39,422 [LocalJobRunner Map Task Executor #0] INFO  org.apache.hadoop.mapred.MapTask - Processing split: Number of splits :1
Total Length = 252
Input split[0]:
   Length = 252
   ClassName: org.apache.hadoop.mapreduce.lib.input.FileSplit
   Locations:

-----------------------

2022-11-15 09:57:39,429 [LocalJobRunner Map Task Executor #0] INFO  org.apache.pig.builtin.PigStorage - Using PigTextInputFormat
2022-11-15 09:57:39,431 [LocalJobRunner Map Task Executor #0] INFO  org.apache.pig.backend.hadoop.executionengine.mapReduceLayer.PigRecordReader - Current split being processed file:/home/pjethwa/project6/small-netflix.csv:0+252
2022-11-15 09:57:39,446 [LocalJobRunner Map Task Executor #0] INFO  org.apache.hadoop.mapred.MapTask - (EQUATOR) 0 kvi 26214396(104857584)
2022-11-15 09:57:39,447 [LocalJobRunner Map Task Executor #0] INFO  org.apache.hadoop.mapred.MapTask - mapreduce.task.io.sort.mb: 100
2022-11-15 09:57:39,447 [LocalJobRunner Map Task Executor #0] INFO  org.apache.hadoop.mapred.MapTask - soft limit at 83886080
2022-11-15 09:57:39,447 [LocalJobRunner Map Task Executor #0] INFO  org.apache.hadoop.mapred.MapTask - bufstart = 0; bufvoid = 104857600
2022-11-15 09:57:39,447 [LocalJobRunner Map Task Executor #0] INFO  org.apache.hadoop.mapred.MapTask - kvstart = 26214396; length = 6553600
2022-11-15 09:57:39,450 [LocalJobRunner Map Task Executor #0] INFO  org.apache.hadoop.mapred.MapTask - Map output collector class = org.apache.hadoop.mapred.MapTask$MapOutputBuffer
2022-11-15 09:57:39,455 [LocalJobRunner Map Task Executor #0] INFO  org.apache.pig.impl.util.SpillableMemoryManager - Selected heap (G1 Old Gen) of size 1048576000 to monitor. collectionUsageThreshold = 734003200, usageThreshold = 734003200
2022-11-15 09:57:39,456 [LocalJobRunner Map Task Executor #0] INFO  org.apache.pig.data.SchemaTupleBackend - Key [pig.schematuple] was not set... will not generate code.
2022-11-15 09:57:39,457 [main] INFO  org.apache.pig.backend.hadoop.executionengine.mapReduceLayer.MapReduceLauncher - HadoopJobId: job_local2007908376_0001
2022-11-15 09:57:39,457 [main] INFO  org.apache.pig.backend.hadoop.executionengine.mapReduceLayer.MapReduceLauncher - Processing aliases G,L,Q,UserRating
2022-11-15 09:57:39,457 [main] INFO  org.apache.pig.backend.hadoop.executionengine.mapReduceLayer.MapReduceLauncher - detailed locations: M: L[1,4],L[-1,-1],Q[2,4],UserRating[5,13],G[3,4] C: UserRating[5,13],G[3,4] R: UserRating[5,13]
2022-11-15 09:57:39,460 [main] INFO  org.apache.pig.backend.hadoop.executionengine.mapReduceLayer.MapReduceLauncher - 0% complete
2022-11-15 09:57:39,460 [main] INFO  org.apache.pig.backend.hadoop.executionengine.mapReduceLayer.MapReduceLauncher - Running jobs are [job_local2007908376_0001]
2022-11-15 09:57:39,464 [LocalJobRunner Map Task Executor #0] INFO  org.apache.pig.backend.hadoop.executionengine.mapReduceLayer.PigGenericMapReduce$Map - Aliases being processed per job phase (AliasName[line,offset]): M: L[1,4],L[-1,-1],Q[2,4],UserRating[5,13],G[3,4] C: UserRating[5,13],G[3,4] R: UserRating[5,13]
2022-11-15 09:57:39,474 [LocalJobRunner Map Task Executor #0] INFO  org.apache.hadoop.mapred.LocalJobRunner - 
2022-11-15 09:57:39,474 [LocalJobRunner Map Task Executor #0] INFO  org.apache.hadoop.mapred.MapTask - Starting flush of map output
2022-11-15 09:57:39,474 [LocalJobRunner Map Task Executor #0] INFO  org.apache.hadoop.mapred.MapTask - Spilling map output
2022-11-15 09:57:39,474 [LocalJobRunner Map Task Executor #0] INFO  org.apache.hadoop.mapred.MapTask - bufstart = 0; bufend = 300; bufvoid = 104857600
2022-11-15 09:57:39,474 [LocalJobRunner Map Task Executor #0] INFO  org.apache.hadoop.mapred.MapTask - kvstart = 26214396(104857584); kvend = 26214340(104857360); length = 57/6553600
2022-11-15 09:57:39,487 [LocalJobRunner Map Task Executor #0] INFO  org.apache.pig.backend.hadoop.executionengine.mapReduceLayer.PigCombiner$Combine - Aliases being processed per job phase (AliasName[line,offset]): M: L[1,4],L[-1,-1],Q[2,4],UserRating[5,13],G[3,4] C: UserRating[5,13],G[3,4] R: UserRating[5,13]
2022-11-15 09:57:39,492 [LocalJobRunner Map Task Executor #0] INFO  org.apache.hadoop.mapred.MapTask - Finished spill 0
2022-11-15 09:57:39,498 [LocalJobRunner Map Task Executor #0] INFO  org.apache.hadoop.mapred.Task - Task:attempt_local2007908376_0001_m_000000_0 is done. And is in the process of committing
2022-11-15 09:57:39,499 [LocalJobRunner Map Task Executor #0] INFO  org.apache.hadoop.mapred.LocalJobRunner - map
2022-11-15 09:57:39,499 [LocalJobRunner Map Task Executor #0] INFO  org.apache.hadoop.mapred.Task - Task 'attempt_local2007908376_0001_m_000000_0' done.
2022-11-15 09:57:39,503 [LocalJobRunner Map Task Executor #0] INFO  org.apache.hadoop.mapred.Task - Final Counters for attempt_local2007908376_0001_m_000000_0: Counters: 20
	File System Counters
		FILE: Number of bytes read=679
		FILE: Number of bytes written=568178
		FILE: Number of read operations=0
		FILE: Number of large read operations=0
		FILE: Number of write operations=0
	Map-Reduce Framework
		Map input records=18
		Map output records=15
		Map output bytes=300
		Map output materialized bytes=165
		Input split bytes=372
		Combine input records=15
		Combine output records=7
		Spilled Records=7
		Failed Shuffles=0
		Merged Map outputs=0
		GC time elapsed (ms)=0
		Total committed heap usage (bytes)=1048576000
	File Input Format Counters 
		Bytes Read=0
	org.apache.pig.PigWarning
		ACCESSING_NON_EXISTENT_FIELD=3
		FIELD_DISCARDED_TYPE_CONVERSION_FAILED=3
2022-11-15 09:57:39,503 [LocalJobRunner Map Task Executor #0] INFO  org.apache.hadoop.mapred.LocalJobRunner - Finishing task: attempt_local2007908376_0001_m_000000_0
2022-11-15 09:57:39,504 [Thread-5] INFO  org.apache.hadoop.mapred.LocalJobRunner - map task executor complete.
2022-11-15 09:57:39,506 [Thread-5] INFO  org.apache.hadoop.mapred.LocalJobRunner - Waiting for reduce tasks
2022-11-15 09:57:39,506 [pool-4-thread-1] INFO  org.apache.hadoop.mapred.LocalJobRunner - Starting task: attempt_local2007908376_0001_r_000000_0
2022-11-15 09:57:39,516 [pool-4-thread-1] INFO  org.apache.hadoop.mapreduce.lib.output.FileOutputCommitter - File Output Committer Algorithm version is 2
2022-11-15 09:57:39,516 [pool-4-thread-1] INFO  org.apache.hadoop.mapreduce.lib.output.FileOutputCommitter - FileOutputCommitter skip cleanup _temporary folders under output directory:false, ignore cleanup failures: false
2022-11-15 09:57:39,518 [pool-4-thread-1] INFO  org.apache.hadoop.mapred.Task -  Using ResourceCalculatorProcessTree : [ ]
2022-11-15 09:57:39,519 [pool-4-thread-1] INFO  org.apache.hadoop.mapred.ReduceTask - Using ShuffleConsumerPlugin: org.apache.hadoop.mapreduce.task.reduce.Shuffle@6187637
2022-11-15 09:57:39,520 [pool-4-thread-1] WARN  org.apache.hadoop.metrics2.impl.MetricsSystemImpl - JobTracker metrics system already initialized!
2022-11-15 09:57:39,531 [pool-4-thread-1] INFO  org.apache.hadoop.mapreduce.task.reduce.MergeManagerImpl - MergerManager: memoryLimit=734003200, maxSingleShuffleLimit=183500800, mergeThreshold=484442144, ioSortFactor=10, memToMemMergeOutputsThreshold=10
2022-11-15 09:57:39,532 [EventFetcher for fetching Map Completion Events] INFO  org.apache.hadoop.mapreduce.task.reduce.EventFetcher - attempt_local2007908376_0001_r_000000_0 Thread started: EventFetcher for fetching Map Completion Events
2022-11-15 09:57:39,552 [localfetcher#1] INFO  org.apache.hadoop.mapreduce.task.reduce.LocalFetcher - localfetcher#1 about to shuffle output of map attempt_local2007908376_0001_m_000000_0 decomp: 161 len: 165 to MEMORY
2022-11-15 09:57:39,554 [localfetcher#1] INFO  org.apache.hadoop.mapreduce.task.reduce.InMemoryMapOutput - Read 161 bytes from map-output for attempt_local2007908376_0001_m_000000_0
2022-11-15 09:57:39,555 [localfetcher#1] INFO  org.apache.hadoop.mapreduce.task.reduce.MergeManagerImpl - closeInMemoryFile -> map-output of size: 161, inMemoryMapOutputs.size() -> 1, commitMemory -> 0, usedMemory ->161
2022-11-15 09:57:39,557 [EventFetcher for fetching Map Completion Events] INFO  org.apache.hadoop.mapreduce.task.reduce.EventFetcher - EventFetcher is interrupted.. Returning
2022-11-15 09:57:39,557 [pool-4-thread-1] INFO  org.apache.hadoop.mapred.LocalJobRunner - 1 / 1 copied.
2022-11-15 09:57:39,557 [pool-4-thread-1] INFO  org.apache.hadoop.mapreduce.task.reduce.MergeManagerImpl - finalMerge called with 1 in-memory map-outputs and 0 on-disk map-outputs
2022-11-15 09:57:39,561 [pool-4-thread-1] INFO  org.apache.hadoop.mapred.Merger - Merging 1 sorted segments
2022-11-15 09:57:39,561 [pool-4-thread-1] INFO  org.apache.hadoop.mapred.Merger - Down to the last merge-pass, with 1 segments left of total size: 153 bytes
2022-11-15 09:57:39,561 [pool-4-thread-1] INFO  org.apache.hadoop.mapreduce.task.reduce.MergeManagerImpl - Merged 1 segments, 161 bytes to disk to satisfy reduce memory limit
2022-11-15 09:57:39,562 [pool-4-thread-1] INFO  org.apache.hadoop.mapreduce.task.reduce.MergeManagerImpl - Merging 1 files, 165 bytes from disk
2022-11-15 09:57:39,562 [pool-4-thread-1] INFO  org.apache.hadoop.mapreduce.task.reduce.MergeManagerImpl - Merging 0 segments, 0 bytes from memory into reduce
2022-11-15 09:57:39,562 [pool-4-thread-1] INFO  org.apache.hadoop.mapred.Merger - Merging 1 sorted segments
2022-11-15 09:57:39,562 [pool-4-thread-1] INFO  org.apache.hadoop.mapred.Merger - Down to the last merge-pass, with 1 segments left of total size: 153 bytes
2022-11-15 09:57:39,563 [pool-4-thread-1] INFO  org.apache.hadoop.mapred.LocalJobRunner - 1 / 1 copied.
2022-11-15 09:57:39,566 [pool-4-thread-1] INFO  org.apache.hadoop.mapreduce.lib.output.FileOutputCommitter - File Output Committer Algorithm version is 2
2022-11-15 09:57:39,566 [pool-4-thread-1] INFO  org.apache.hadoop.mapreduce.lib.output.FileOutputCommitter - FileOutputCommitter skip cleanup _temporary folders under output directory:false, ignore cleanup failures: false
2022-11-15 09:57:39,567 [pool-4-thread-1] INFO  org.apache.hadoop.conf.Configuration.deprecation - mapred.skip.on is deprecated. Instead, use mapreduce.job.skiprecords
2022-11-15 09:57:39,567 [pool-4-thread-1] INFO  org.apache.pig.impl.util.SpillableMemoryManager - Selected heap (G1 Old Gen) of size 1048576000 to monitor. collectionUsageThreshold = 734003200, usageThreshold = 734003200
2022-11-15 09:57:39,568 [pool-4-thread-1] WARN  org.apache.pig.data.SchemaTupleBackend - SchemaTupleBackend has already been initialized
2022-11-15 09:57:39,570 [pool-4-thread-1] INFO  org.apache.pig.backend.hadoop.executionengine.mapReduceLayer.PigMapReduce$Reduce - Aliases being processed per job phase (AliasName[line,offset]): M: L[1,4],L[-1,-1],Q[2,4],UserRating[5,13],G[3,4] C: UserRating[5,13],G[3,4] R: UserRating[5,13]
2022-11-15 09:57:39,572 [pool-4-thread-1] INFO  org.apache.hadoop.mapred.Task - Task:attempt_local2007908376_0001_r_000000_0 is done. And is in the process of committing
2022-11-15 09:57:39,575 [pool-4-thread-1] INFO  org.apache.hadoop.mapred.LocalJobRunner - 1 / 1 copied.
2022-11-15 09:57:39,575 [pool-4-thread-1] INFO  org.apache.hadoop.mapred.Task - Task attempt_local2007908376_0001_r_000000_0 is allowed to commit now
2022-11-15 09:57:39,577 [pool-4-thread-1] INFO  org.apache.hadoop.mapreduce.lib.output.FileOutputCommitter - Saved output of task 'attempt_local2007908376_0001_r_000000_0' to file:/tmp/temp-1744555029/tmp1965580947
2022-11-15 09:57:39,578 [pool-4-thread-1] INFO  org.apache.hadoop.mapred.LocalJobRunner - reduce > reduce
2022-11-15 09:57:39,578 [pool-4-thread-1] INFO  org.apache.hadoop.mapred.Task - Task 'attempt_local2007908376_0001_r_000000_0' done.
2022-11-15 09:57:39,579 [pool-4-thread-1] INFO  org.apache.hadoop.mapred.Task - Final Counters for attempt_local2007908376_0001_r_000000_0: Counters: 24
	File System Counters
		FILE: Number of bytes read=1041
		FILE: Number of bytes written=568460
		FILE: Number of read operations=0
		FILE: Number of large read operations=0
		FILE: Number of write operations=0
	Map-Reduce Framework
		Combine input records=0
		Combine output records=0
		Reduce input groups=7
		Reduce shuffle bytes=165
		Reduce input records=7
		Reduce output records=7
		Spilled Records=7
		Shuffled Maps =1
		Failed Shuffles=0
		Merged Map outputs=1
		GC time elapsed (ms)=0
		Total committed heap usage (bytes)=1048576000
	Shuffle Errors
		BAD_ID=0
		CONNECTION=0
		IO_ERROR=0
		WRONG_LENGTH=0
		WRONG_MAP=0
		WRONG_REDUCE=0
	File Output Format Counters 
		Bytes Written=0
2022-11-15 09:57:39,579 [pool-4-thread-1] INFO  org.apache.hadoop.mapred.LocalJobRunner - Finishing task: attempt_local2007908376_0001_r_000000_0
2022-11-15 09:57:39,579 [Thread-5] INFO  org.apache.hadoop.mapred.LocalJobRunner - reduce task executor complete.
2022-11-15 09:57:39,779 [main] INFO  org.apache.pig.backend.hadoop.executionengine.mapReduceLayer.MapReduceLauncher - 50% complete
2022-11-15 09:57:39,781 [main] WARN  org.apache.hadoop.metrics2.impl.MetricsSystemImpl - JobTracker metrics system already initialized!
2022-11-15 09:57:39,789 [main] WARN  org.apache.hadoop.metrics2.impl.MetricsSystemImpl - JobTracker metrics system already initialized!
2022-11-15 09:57:39,790 [main] INFO  org.apache.hadoop.conf.Configuration.deprecation - mapred.map.tasks is deprecated. Instead, use mapreduce.job.maps
2022-11-15 09:57:39,790 [main] WARN  org.apache.hadoop.metrics2.impl.MetricsSystemImpl - JobTracker metrics system already initialized!
2022-11-15 09:57:39,810 [main] INFO  org.apache.pig.tools.pigstats.mapreduce.MRScriptState - Pig script settings are added to the job
2022-11-15 09:57:39,810 [main] INFO  org.apache.pig.backend.hadoop.executionengine.mapReduceLayer.JobControlCompiler - mapred.job.reduce.markreset.buffer.percent is not set, set to default 0.3
2022-11-15 09:57:39,811 [main] INFO  org.apache.pig.backend.hadoop.executionengine.mapReduceLayer.JobControlCompiler - Reduce phase detected, estimating # of required reducers.
2022-11-15 09:57:39,811 [main] INFO  org.apache.pig.backend.hadoop.executionengine.mapReduceLayer.JobControlCompiler - Using reducer estimator: org.apache.pig.backend.hadoop.executionengine.mapReduceLayer.InputSizeReducerEstimator
2022-11-15 09:57:39,812 [main] INFO  org.apache.pig.backend.hadoop.executionengine.mapReduceLayer.InputSizeReducerEstimator - BytesPerReducer=1000000000 maxReducers=999 totalInputFileSize=105
2022-11-15 09:57:39,812 [main] INFO  org.apache.pig.backend.hadoop.executionengine.mapReduceLayer.JobControlCompiler - Setting Parallelism to 1
2022-11-15 09:57:39,813 [main] INFO  org.apache.pig.backend.hadoop.executionengine.mapReduceLayer.JobControlCompiler - Setting up single store job
2022-11-15 09:57:39,835 [main] INFO  org.apache.pig.backend.hadoop.executionengine.mapReduceLayer.MapReduceLauncher - 1 map-reduce job(s) waiting for submission.
2022-11-15 09:57:39,838 [JobControl] WARN  org.apache.hadoop.metrics2.impl.MetricsSystemImpl - JobTracker metrics system already initialized!
2022-11-15 09:57:39,846 [JobControl] WARN  org.apache.hadoop.mapreduce.JobResourceUploader - No job jar file set.  User classes may not be found. See Job or Job#setJar(String).
2022-11-15 09:57:39,863 [JobControl] INFO  org.apache.hadoop.mapreduce.lib.input.FileInputFormat - Total input files to process : 1
2022-11-15 09:57:39,864 [JobControl] INFO  org.apache.pig.backend.hadoop.executionengine.util.MapRedUtil - Total input paths to process : 1
2022-11-15 09:57:39,864 [JobControl] INFO  org.apache.pig.backend.hadoop.executionengine.util.MapRedUtil - Total input paths (combined) to process : 1
2022-11-15 09:57:39,866 [JobControl] INFO  org.apache.hadoop.mapreduce.JobSubmitter - number of splits:1
2022-11-15 09:57:39,878 [JobControl] INFO  org.apache.hadoop.mapreduce.JobSubmitter - Submitting tokens for job: job_local1365185_0002
2022-11-15 09:57:39,878 [JobControl] INFO  org.apache.hadoop.mapreduce.JobSubmitter - Executing with tokens: []
2022-11-15 09:57:39,894 [JobControl] WARN  org.apache.hadoop.conf.Configuration - file:/tmp/hadoop/mapred/staging/pjethwa1365185/.staging/job_local1365185_0002/job.xml:an attempt to override final parameter: yarn.resourcemanager.hostname;  Ignoring.
2022-11-15 09:57:39,938 [JobControl] INFO  org.apache.hadoop.mapreduce.Job - The url to track the job: http://localhost:8080/
2022-11-15 09:57:39,938 [Thread-14] INFO  org.apache.hadoop.mapred.LocalJobRunner - OutputCommitter set in config null
2022-11-15 09:57:39,944 [Thread-14] INFO  org.apache.hadoop.conf.Configuration.deprecation - mapred.textoutputformat.separator is deprecated. Instead, use mapreduce.output.textoutputformat.separator
2022-11-15 09:57:39,944 [Thread-14] INFO  org.apache.hadoop.conf.Configuration.deprecation - mapred.reduce.tasks is deprecated. Instead, use mapreduce.job.reduces
2022-11-15 09:57:39,944 [Thread-14] INFO  org.apache.hadoop.conf.Configuration.deprecation - mapred.job.tracker is deprecated. Instead, use mapreduce.jobtracker.address
2022-11-15 09:57:39,944 [Thread-14] INFO  org.apache.hadoop.conf.Configuration.deprecation - mapred.job.reduce.markreset.buffer.percent is deprecated. Instead, use mapreduce.reduce.markreset.buffer.percent
2022-11-15 09:57:39,945 [Thread-14] INFO  org.apache.hadoop.mapreduce.lib.output.FileOutputCommitter - File Output Committer Algorithm version is 2
2022-11-15 09:57:39,945 [Thread-14] INFO  org.apache.hadoop.mapreduce.lib.output.FileOutputCommitter - FileOutputCommitter skip cleanup _temporary folders under output directory:false, ignore cleanup failures: false
2022-11-15 09:57:39,945 [Thread-14] INFO  org.apache.hadoop.mapred.LocalJobRunner - OutputCommitter is org.apache.pig.backend.hadoop.executionengine.mapReduceLayer.PigOutputCommitter
2022-11-15 09:57:39,973 [Thread-14] INFO  org.apache.hadoop.mapred.LocalJobRunner - Waiting for map tasks
2022-11-15 09:57:39,973 [LocalJobRunner Map Task Executor #0] INFO  org.apache.hadoop.mapred.LocalJobRunner - Starting task: attempt_local1365185_0002_m_000000_0
2022-11-15 09:57:39,980 [LocalJobRunner Map Task Executor #0] INFO  org.apache.hadoop.mapreduce.lib.output.FileOutputCommitter - File Output Committer Algorithm version is 2
2022-11-15 09:57:39,980 [LocalJobRunner Map Task Executor #0] INFO  org.apache.hadoop.mapreduce.lib.output.FileOutputCommitter - FileOutputCommitter skip cleanup _temporary folders under output directory:false, ignore cleanup failures: false
2022-11-15 09:57:39,980 [LocalJobRunner Map Task Executor #0] INFO  org.apache.hadoop.mapred.Task -  Using ResourceCalculatorProcessTree : [ ]
2022-11-15 09:57:39,981 [LocalJobRunner Map Task Executor #0] INFO  org.apache.hadoop.mapred.MapTask - Processing split: Number of splits :1
Total Length = 105
Input split[0]:
   Length = 105
   ClassName: org.apache.hadoop.mapreduce.lib.input.FileSplit
   Locations:

-----------------------

2022-11-15 09:57:39,984 [LocalJobRunner Map Task Executor #0] INFO  org.apache.pig.backend.hadoop.executionengine.mapReduceLayer.PigRecordReader - Current split being processed file:/tmp/temp-1744555029/tmp1965580947/part-r-00000:0+105
2022-11-15 09:57:39,995 [LocalJobRunner Map Task Executor #0] INFO  org.apache.hadoop.mapred.MapTask - (EQUATOR) 0 kvi 26214396(104857584)
2022-11-15 09:57:39,995 [LocalJobRunner Map Task Executor #0] INFO  org.apache.hadoop.mapred.MapTask - mapreduce.task.io.sort.mb: 100
2022-11-15 09:57:39,995 [LocalJobRunner Map Task Executor #0] INFO  org.apache.hadoop.mapred.MapTask - soft limit at 83886080
2022-11-15 09:57:39,995 [LocalJobRunner Map Task Executor #0] INFO  org.apache.hadoop.mapred.MapTask - bufstart = 0; bufvoid = 104857600
2022-11-15 09:57:39,995 [LocalJobRunner Map Task Executor #0] INFO  org.apache.hadoop.mapred.MapTask - kvstart = 26214396; length = 6553600
2022-11-15 09:57:39,996 [LocalJobRunner Map Task Executor #0] INFO  org.apache.hadoop.mapred.MapTask - Map output collector class = org.apache.hadoop.mapred.MapTask$MapOutputBuffer
2022-11-15 09:57:40,000 [LocalJobRunner Map Task Executor #0] INFO  org.apache.pig.impl.util.SpillableMemoryManager - Selected heap (G1 Old Gen) of size 1048576000 to monitor. collectionUsageThreshold = 734003200, usageThreshold = 734003200
2022-11-15 09:57:40,001 [LocalJobRunner Map Task Executor #0] WARN  org.apache.pig.data.SchemaTupleBackend - SchemaTupleBackend has already been initialized
2022-11-15 09:57:40,003 [LocalJobRunner Map Task Executor #0] INFO  org.apache.pig.backend.hadoop.executionengine.mapReduceLayer.PigGenericMapReduce$Map - Aliases being processed per job phase (AliasName[line,offset]): M: Stats[7,8],B[6,4] C: Stats[7,8],B[6,4] R: Stats[7,8]
2022-11-15 09:57:40,005 [LocalJobRunner Map Task Executor #0] INFO  org.apache.hadoop.mapred.LocalJobRunner - 
2022-11-15 09:57:40,005 [LocalJobRunner Map Task Executor #0] INFO  org.apache.hadoop.mapred.MapTask - Starting flush of map output
2022-11-15 09:57:40,005 [LocalJobRunner Map Task Executor #0] INFO  org.apache.hadoop.mapred.MapTask - Spilling map output
2022-11-15 09:57:40,005 [LocalJobRunner Map Task Executor #0] INFO  org.apache.hadoop.mapred.MapTask - bufstart = 0; bufend = 105; bufvoid = 104857600
2022-11-15 09:57:40,005 [LocalJobRunner Map Task Executor #0] INFO  org.apache.hadoop.mapred.MapTask - kvstart = 26214396(104857584); kvend = 26214372(104857488); length = 25/6553600
2022-11-15 09:57:40,012 [LocalJobRunner Map Task Executor #0] INFO  org.apache.hadoop.mapred.MapTask - Finished spill 0
2022-11-15 09:57:40,013 [LocalJobRunner Map Task Executor #0] INFO  org.apache.hadoop.mapred.Task - Task:attempt_local1365185_0002_m_000000_0 is done. And is in the process of committing
2022-11-15 09:57:40,014 [LocalJobRunner Map Task Executor #0] INFO  org.apache.hadoop.mapred.LocalJobRunner - map
2022-11-15 09:57:40,014 [LocalJobRunner Map Task Executor #0] INFO  org.apache.hadoop.mapred.Task - Task 'attempt_local1365185_0002_m_000000_0' done.
2022-11-15 09:57:40,014 [LocalJobRunner Map Task Executor #0] INFO  org.apache.hadoop.mapred.Task - Final Counters for attempt_local1365185_0002_m_000000_0: Counters: 18
	File System Counters
		FILE: Number of bytes read=1595
		FILE: Number of bytes written=1130610
		FILE: Number of read operations=0
		FILE: Number of large read operations=0
		FILE: Number of write operations=0
	Map-Reduce Framework
		Map input records=7
		Map output records=7
		Map output bytes=105
		Map output materialized bytes=109
		Input split bytes=379
		Combine input records=7
		Combine output records=6
		Spilled Records=6
		Failed Shuffles=0
		Merged Map outputs=0
		GC time elapsed (ms)=0
		Total committed heap usage (bytes)=1048576000
	File Input Format Counters 
		Bytes Read=0
2022-11-15 09:57:40,014 [LocalJobRunner Map Task Executor #0] INFO  org.apache.hadoop.mapred.LocalJobRunner - Finishing task: attempt_local1365185_0002_m_000000_0
2022-11-15 09:57:40,014 [Thread-14] INFO  org.apache.hadoop.mapred.LocalJobRunner - map task executor complete.
2022-11-15 09:57:40,015 [Thread-14] INFO  org.apache.hadoop.mapred.LocalJobRunner - Waiting for reduce tasks
2022-11-15 09:57:40,015 [pool-9-thread-1] INFO  org.apache.hadoop.mapred.LocalJobRunner - Starting task: attempt_local1365185_0002_r_000000_0
2022-11-15 09:57:40,021 [pool-9-thread-1] INFO  org.apache.hadoop.mapreduce.lib.output.FileOutputCommitter - File Output Committer Algorithm version is 2
2022-11-15 09:57:40,021 [pool-9-thread-1] INFO  org.apache.hadoop.mapreduce.lib.output.FileOutputCommitter - FileOutputCommitter skip cleanup _temporary folders under output directory:false, ignore cleanup failures: false
2022-11-15 09:57:40,023 [pool-9-thread-1] INFO  org.apache.hadoop.mapred.Task -  Using ResourceCalculatorProcessTree : [ ]
2022-11-15 09:57:40,023 [pool-9-thread-1] INFO  org.apache.hadoop.mapred.ReduceTask - Using ShuffleConsumerPlugin: org.apache.hadoop.mapreduce.task.reduce.Shuffle@420d2f32
2022-11-15 09:57:40,024 [pool-9-thread-1] WARN  org.apache.hadoop.metrics2.impl.MetricsSystemImpl - JobTracker metrics system already initialized!
2022-11-15 09:57:40,025 [pool-9-thread-1] INFO  org.apache.hadoop.mapreduce.task.reduce.MergeManagerImpl - MergerManager: memoryLimit=734003200, maxSingleShuffleLimit=183500800, mergeThreshold=484442144, ioSortFactor=10, memToMemMergeOutputsThreshold=10
2022-11-15 09:57:40,025 [EventFetcher for fetching Map Completion Events] INFO  org.apache.hadoop.mapreduce.task.reduce.EventFetcher - attempt_local1365185_0002_r_000000_0 Thread started: EventFetcher for fetching Map Completion Events
2022-11-15 09:57:40,027 [localfetcher#2] INFO  org.apache.hadoop.mapreduce.task.reduce.LocalFetcher - localfetcher#2 about to shuffle output of map attempt_local1365185_0002_m_000000_0 decomp: 105 len: 109 to MEMORY
2022-11-15 09:57:40,027 [localfetcher#2] INFO  org.apache.hadoop.mapreduce.task.reduce.InMemoryMapOutput - Read 105 bytes from map-output for attempt_local1365185_0002_m_000000_0
2022-11-15 09:57:40,027 [localfetcher#2] INFO  org.apache.hadoop.mapreduce.task.reduce.MergeManagerImpl - closeInMemoryFile -> map-output of size: 105, inMemoryMapOutputs.size() -> 1, commitMemory -> 0, usedMemory ->105
2022-11-15 09:57:40,028 [EventFetcher for fetching Map Completion Events] INFO  org.apache.hadoop.mapreduce.task.reduce.EventFetcher - EventFetcher is interrupted.. Returning
2022-11-15 09:57:40,028 [pool-9-thread-1] INFO  org.apache.hadoop.mapred.LocalJobRunner - 1 / 1 copied.
2022-11-15 09:57:40,028 [pool-9-thread-1] INFO  org.apache.hadoop.mapreduce.task.reduce.MergeManagerImpl - finalMerge called with 1 in-memory map-outputs and 0 on-disk map-outputs
2022-11-15 09:57:40,029 [pool-9-thread-1] INFO  org.apache.hadoop.mapred.Merger - Merging 1 sorted segments
2022-11-15 09:57:40,029 [pool-9-thread-1] INFO  org.apache.hadoop.mapred.Merger - Down to the last merge-pass, with 1 segments left of total size: 93 bytes
2022-11-15 09:57:40,029 [pool-9-thread-1] INFO  org.apache.hadoop.mapreduce.task.reduce.MergeManagerImpl - Merged 1 segments, 105 bytes to disk to satisfy reduce memory limit
2022-11-15 09:57:40,029 [pool-9-thread-1] INFO  org.apache.hadoop.mapreduce.task.reduce.MergeManagerImpl - Merging 1 files, 109 bytes from disk
2022-11-15 09:57:40,029 [pool-9-thread-1] INFO  org.apache.hadoop.mapreduce.task.reduce.MergeManagerImpl - Merging 0 segments, 0 bytes from memory into reduce
2022-11-15 09:57:40,029 [pool-9-thread-1] INFO  org.apache.hadoop.mapred.Merger - Merging 1 sorted segments
2022-11-15 09:57:40,030 [pool-9-thread-1] INFO  org.apache.hadoop.mapred.Merger - Down to the last merge-pass, with 1 segments left of total size: 93 bytes
2022-11-15 09:57:40,030 [pool-9-thread-1] INFO  org.apache.hadoop.mapred.LocalJobRunner - 1 / 1 copied.
2022-11-15 09:57:40,032 [pool-9-thread-1] INFO  org.apache.hadoop.mapreduce.lib.output.FileOutputCommitter - File Output Committer Algorithm version is 2
2022-11-15 09:57:40,032 [pool-9-thread-1] INFO  org.apache.hadoop.mapreduce.lib.output.FileOutputCommitter - FileOutputCommitter skip cleanup _temporary folders under output directory:false, ignore cleanup failures: false
2022-11-15 09:57:40,079 [pool-9-thread-1] INFO  org.apache.pig.impl.util.SpillableMemoryManager - Selected heap (G1 Old Gen) of size 1048576000 to monitor. collectionUsageThreshold = 734003200, usageThreshold = 734003200
2022-11-15 09:57:40,079 [pool-9-thread-1] WARN  org.apache.pig.data.SchemaTupleBackend - SchemaTupleBackend has already been initialized
2022-11-15 09:57:40,081 [pool-9-thread-1] INFO  org.apache.pig.backend.hadoop.executionengine.mapReduceLayer.PigMapReduce$Reduce - Aliases being processed per job phase (AliasName[line,offset]): M: Stats[7,8],B[6,4] C: Stats[7,8],B[6,4] R: Stats[7,8]
2022-11-15 09:57:40,088 [pool-9-thread-1] INFO  org.apache.hadoop.mapred.Task - Task:attempt_local1365185_0002_r_000000_0 is done. And is in the process of committing
2022-11-15 09:57:40,090 [pool-9-thread-1] INFO  org.apache.hadoop.mapred.LocalJobRunner - 1 / 1 copied.
2022-11-15 09:57:40,090 [pool-9-thread-1] INFO  org.apache.hadoop.mapred.Task - Task attempt_local1365185_0002_r_000000_0 is allowed to commit now
2022-11-15 09:57:40,099 [pool-9-thread-1] INFO  org.apache.hadoop.mapreduce.lib.output.FileOutputCommitter - Saved output of task 'attempt_local1365185_0002_r_000000_0' to file:/home/pjethwa/project6/output
2022-11-15 09:57:40,100 [pool-9-thread-1] INFO  org.apache.hadoop.mapred.LocalJobRunner - reduce > reduce
2022-11-15 09:57:40,100 [pool-9-thread-1] INFO  org.apache.hadoop.mapred.Task - Task 'attempt_local1365185_0002_r_000000_0' done.
2022-11-15 09:57:40,100 [pool-9-thread-1] INFO  org.apache.hadoop.mapred.Task - Final Counters for attempt_local1365185_0002_r_000000_0: Counters: 24
	File System Counters
		FILE: Number of bytes read=1845
		FILE: Number of bytes written=1130767
		FILE: Number of read operations=0
		FILE: Number of large read operations=0
		FILE: Number of write operations=0
	Map-Reduce Framework
		Combine input records=0
		Combine output records=0
		Reduce input groups=6
		Reduce shuffle bytes=109
		Reduce input records=6
		Reduce output records=6
		Spilled Records=6
		Shuffled Maps =1
		Failed Shuffles=0
		Merged Map outputs=1
		GC time elapsed (ms)=0
		Total committed heap usage (bytes)=1048576000
	Shuffle Errors
		BAD_ID=0
		CONNECTION=0
		IO_ERROR=0
		WRONG_LENGTH=0
		WRONG_MAP=0
		WRONG_REDUCE=0
	File Output Format Counters 
		Bytes Written=0
2022-11-15 09:57:40,100 [pool-9-thread-1] INFO  org.apache.hadoop.mapred.LocalJobRunner - Finishing task: attempt_local1365185_0002_r_000000_0
2022-11-15 09:57:40,100 [Thread-14] INFO  org.apache.hadoop.mapred.LocalJobRunner - reduce task executor complete.
2022-11-15 09:57:40,337 [main] INFO  org.apache.pig.backend.hadoop.executionengine.mapReduceLayer.MapReduceLauncher - HadoopJobId: job_local1365185_0002
2022-11-15 09:57:40,337 [main] INFO  org.apache.pig.backend.hadoop.executionengine.mapReduceLayer.MapReduceLauncher - Processing aliases B,Stats
2022-11-15 09:57:40,337 [main] INFO  org.apache.pig.backend.hadoop.executionengine.mapReduceLayer.MapReduceLauncher - detailed locations: M: Stats[7,8],B[6,4] C: Stats[7,8],B[6,4] R: Stats[7,8]
2022-11-15 09:57:40,340 [main] WARN  org.apache.hadoop.metrics2.impl.MetricsSystemImpl - JobTracker metrics system already initialized!
2022-11-15 09:57:40,342 [main] WARN  org.apache.hadoop.metrics2.impl.MetricsSystemImpl - JobTracker metrics system already initialized!
2022-11-15 09:57:40,343 [main] WARN  org.apache.hadoop.metrics2.impl.MetricsSystemImpl - JobTracker metrics system already initialized!
2022-11-15 09:57:40,348 [main] INFO  org.apache.pig.backend.hadoop.executionengine.mapReduceLayer.MapReduceLauncher - 100% complete
2022-11-15 09:57:40,352 [main] INFO  org.apache.pig.tools.pigstats.mapreduce.SimplePigStats - Script Statistics: 

HadoopVersion	PigVersion	UserId	StartedAt	FinishedAt	Features
3.2.2	0.17.0	pjethwa	2022-11-15 09:57:38	2022-11-15 09:57:40	GROUP_BY,FILTER

Success!

Job Stats (time in seconds):
JobId	Maps	Reduces	MaxMapTime	MinMapTime	AvgMapTime	MedianMapTime	MaxReduceTime	MinReduceTime	AvgReduceTime	MedianReducetime	Alias	Feature	Outputs
job_local1365185_0002	1	1	n/a	n/a	n/a	n/a	n/a	n/a	n/a	n/a	B,Stats	GROUP_BY,COMBINER	file:///home/pjethwa/project6/output,
job_local2007908376_0001	1	1	n/a	n/a	n/a	n/a	n/a	n/a	n/a	n/a	G,L,Q,UserRating	GROUP_BY,COMBINER	

Input(s):
Successfully read 18 records from: "file:///home/pjethwa/project6/small-netflix.csv"

Output(s):
Successfully stored 6 records in: "file:///home/pjethwa/project6/output"

Counters:
Total records written : 6
Total bytes written : 0
Spillable Memory Manager spill count : 0
Total bags proactively spilled: 0
Total records proactively spilled: 0

Job DAG:
job_local2007908376_0001	->	job_local1365185_0002,
job_local1365185_0002


2022-11-15 09:57:40,353 [main] WARN  org.apache.hadoop.metrics2.impl.MetricsSystemImpl - JobTracker metrics system already initialized!
2022-11-15 09:57:40,354 [main] WARN  org.apache.hadoop.metrics2.impl.MetricsSystemImpl - JobTracker metrics system already initialized!
2022-11-15 09:57:40,355 [main] WARN  org.apache.hadoop.metrics2.impl.MetricsSystemImpl - JobTracker metrics system already initialized!
2022-11-15 09:57:40,359 [main] WARN  org.apache.hadoop.metrics2.impl.MetricsSystemImpl - JobTracker metrics system already initialized!
2022-11-15 09:57:40,360 [main] WARN  org.apache.hadoop.metrics2.impl.MetricsSystemImpl - JobTracker metrics system already initialized!
2022-11-15 09:57:40,361 [main] WARN  org.apache.hadoop.metrics2.impl.MetricsSystemImpl - JobTracker metrics system already initialized!
2022-11-15 09:57:40,363 [main] WARN  org.apache.pig.backend.hadoop.executionengine.mapReduceLayer.MapReduceLauncher - Encountered Warning ACCESSING_NON_EXISTENT_FIELD 3 time(s).
2022-11-15 09:57:40,363 [main] WARN  org.apache.pig.backend.hadoop.executionengine.mapReduceLayer.MapReduceLauncher - Encountered Warning FIELD_DISCARDED_TYPE_CONVERSION_FAILED 3 time(s).
2022-11-15 09:57:40,363 [main] INFO  org.apache.pig.backend.hadoop.executionengine.mapReduceLayer.MapReduceLauncher - Success!
2022-11-15 09:57:40,392 [main] INFO  org.apache.pig.Main - Pig script completed in 2 seconds and 438 milliseconds (2438 ms)
