2022-10-06 23:56:20,419 INFO impl.MetricsConfig: Loaded properties from hadoop-metrics2.properties
2022-10-06 23:56:20,484 INFO impl.MetricsSystemImpl: Scheduled Metric snapshot period at 10 second(s).
2022-10-06 23:56:20,484 INFO impl.MetricsSystemImpl: JobTracker metrics system started
2022-10-06 23:56:20,539 WARN mapreduce.JobResourceUploader: Hadoop command-line option parsing not performed. Implement the Tool interface and execute your application with ToolRunner to remedy this.
2022-10-06 23:56:20,631 INFO input.FileInputFormat: Total input files to process : 1
2022-10-06 23:56:20,647 INFO mapreduce.JobSubmitter: number of splits:1
2022-10-06 23:56:20,764 INFO mapreduce.JobSubmitter: Submitting tokens for job: job_local1575304541_0001
2022-10-06 23:56:20,764 INFO mapreduce.JobSubmitter: Executing with tokens: []
2022-10-06 23:56:20,849 INFO mapreduce.Job: The url to track the job: http://localhost:8080/
2022-10-06 23:56:20,855 INFO mapreduce.Job: Running job: job_local1575304541_0001
2022-10-06 23:56:20,856 INFO mapred.LocalJobRunner: OutputCommitter set in config null
2022-10-06 23:56:20,863 INFO output.FileOutputCommitter: File Output Committer Algorithm version is 2
2022-10-06 23:56:20,864 INFO output.FileOutputCommitter: FileOutputCommitter skip cleanup _temporary folders under output directory:false, ignore cleanup failures: false
2022-10-06 23:56:20,864 INFO mapred.LocalJobRunner: OutputCommitter is org.apache.hadoop.mapreduce.lib.output.FileOutputCommitter
2022-10-06 23:56:20,956 INFO mapred.LocalJobRunner: Waiting for map tasks
2022-10-06 23:56:20,957 INFO mapred.LocalJobRunner: Starting task: attempt_local1575304541_0001_m_000000_0
2022-10-06 23:56:20,974 INFO output.FileOutputCommitter: File Output Committer Algorithm version is 2
2022-10-06 23:56:20,974 INFO output.FileOutputCommitter: FileOutputCommitter skip cleanup _temporary folders under output directory:false, ignore cleanup failures: false
2022-10-06 23:56:20,993 INFO mapred.Task:  Using ResourceCalculatorProcessTree : [ ]
2022-10-06 23:56:20,996 INFO mapred.MapTask: Processing split: file:/home/pjethwa/project2/M-matrix-small.txt:0+132
2022-10-06 23:56:21,015 INFO mapred.MapTask: (EQUATOR) 0 kvi 26214396(104857584)
2022-10-06 23:56:21,015 INFO mapred.MapTask: mapreduce.task.io.sort.mb: 100
2022-10-06 23:56:21,015 INFO mapred.MapTask: soft limit at 83886080
2022-10-06 23:56:21,015 INFO mapred.MapTask: bufstart = 0; bufvoid = 104857600
2022-10-06 23:56:21,015 INFO mapred.MapTask: kvstart = 26214396; length = 6553600
2022-10-06 23:56:21,018 INFO mapred.MapTask: Map output collector class = org.apache.hadoop.mapred.MapTask$MapOutputBuffer
2022-10-06 23:56:21,044 INFO mapred.LocalJobRunner: 
2022-10-06 23:56:21,044 INFO mapred.MapTask: Starting flush of map output
2022-10-06 23:56:21,044 INFO mapred.MapTask: Spilling map output
2022-10-06 23:56:21,044 INFO mapred.MapTask: bufstart = 0; bufend = 288; bufvoid = 104857600
2022-10-06 23:56:21,044 INFO mapred.MapTask: kvstart = 26214396(104857584); kvend = 26214352(104857408); length = 45/6553600
2022-10-06 23:56:21,048 INFO mapred.MapTask: Finished spill 0
2022-10-06 23:56:21,054 INFO mapred.Task: Task:attempt_local1575304541_0001_m_000000_0 is done. And is in the process of committing
2022-10-06 23:56:21,056 INFO mapred.LocalJobRunner: map
2022-10-06 23:56:21,056 INFO mapred.Task: Task 'attempt_local1575304541_0001_m_000000_0' done.
2022-10-06 23:56:21,060 INFO mapred.Task: Final Counters for attempt_local1575304541_0001_m_000000_0: Counters: 17
	File System Counters
		FILE: Number of bytes read=8001
		FILE: Number of bytes written=553100
		FILE: Number of read operations=0
		FILE: Number of large read operations=0
		FILE: Number of write operations=0
	Map-Reduce Framework
		Map input records=12
		Map output records=12
		Map output bytes=288
		Map output materialized bytes=318
		Input split bytes=111
		Combine input records=0
		Spilled Records=12
		Failed Shuffles=0
		Merged Map outputs=0
		GC time elapsed (ms)=0
		Total committed heap usage (bytes)=2147483648
	File Input Format Counters 
		Bytes Read=132
2022-10-06 23:56:21,060 INFO mapred.LocalJobRunner: Finishing task: attempt_local1575304541_0001_m_000000_0
2022-10-06 23:56:21,061 INFO mapred.LocalJobRunner: map task executor complete.
2022-10-06 23:56:21,063 INFO mapred.LocalJobRunner: Waiting for reduce tasks
2022-10-06 23:56:21,063 INFO mapred.LocalJobRunner: Starting task: attempt_local1575304541_0001_r_000000_0
2022-10-06 23:56:21,070 INFO output.FileOutputCommitter: File Output Committer Algorithm version is 2
2022-10-06 23:56:21,070 INFO output.FileOutputCommitter: FileOutputCommitter skip cleanup _temporary folders under output directory:false, ignore cleanup failures: false
2022-10-06 23:56:21,070 INFO mapred.Task:  Using ResourceCalculatorProcessTree : [ ]
2022-10-06 23:56:21,072 INFO mapred.ReduceTask: Using ShuffleConsumerPlugin: org.apache.hadoop.mapreduce.task.reduce.Shuffle@64e1404
2022-10-06 23:56:21,073 WARN impl.MetricsSystemImpl: JobTracker metrics system already initialized!
2022-10-06 23:56:21,085 INFO reduce.MergeManagerImpl: The max number of bytes for a single in-memory shuffle cannot be larger than Integer.MAX_VALUE. Setting it to Integer.MAX_VALUE
2022-10-06 23:56:21,085 INFO reduce.MergeManagerImpl: MergerManager: memoryLimit=22525089792, maxSingleShuffleLimit=2147483647, mergeThreshold=14866560000, ioSortFactor=10, memToMemMergeOutputsThreshold=10
2022-10-06 23:56:21,087 INFO reduce.EventFetcher: attempt_local1575304541_0001_r_000000_0 Thread started: EventFetcher for fetching Map Completion Events
2022-10-06 23:56:21,106 INFO reduce.LocalFetcher: localfetcher#1 about to shuffle output of map attempt_local1575304541_0001_m_000000_0 decomp: 314 len: 318 to MEMORY
2022-10-06 23:56:21,108 INFO reduce.InMemoryMapOutput: Read 314 bytes from map-output for attempt_local1575304541_0001_m_000000_0
2022-10-06 23:56:21,109 INFO reduce.MergeManagerImpl: closeInMemoryFile -> map-output of size: 314, inMemoryMapOutputs.size() -> 1, commitMemory -> 0, usedMemory ->314
2022-10-06 23:56:21,111 INFO reduce.EventFetcher: EventFetcher is interrupted.. Returning
2022-10-06 23:56:21,112 INFO mapred.LocalJobRunner: 1 / 1 copied.
2022-10-06 23:56:21,112 INFO reduce.MergeManagerImpl: finalMerge called with 1 in-memory map-outputs and 0 on-disk map-outputs
2022-10-06 23:56:21,115 INFO mapred.Merger: Merging 1 sorted segments
2022-10-06 23:56:21,115 INFO mapred.Merger: Down to the last merge-pass, with 1 segments left of total size: 304 bytes
2022-10-06 23:56:21,116 INFO reduce.MergeManagerImpl: Merged 1 segments, 314 bytes to disk to satisfy reduce memory limit
2022-10-06 23:56:21,116 INFO reduce.MergeManagerImpl: Merging 1 files, 318 bytes from disk
2022-10-06 23:56:21,117 INFO reduce.MergeManagerImpl: Merging 0 segments, 0 bytes from memory into reduce
2022-10-06 23:56:21,117 INFO mapred.Merger: Merging 1 sorted segments
2022-10-06 23:56:21,117 INFO mapred.Merger: Down to the last merge-pass, with 1 segments left of total size: 304 bytes
2022-10-06 23:56:21,117 INFO mapred.LocalJobRunner: 1 / 1 copied.
2022-10-06 23:56:21,253 INFO Configuration.deprecation: mapred.skip.on is deprecated. Instead, use mapreduce.job.skiprecords
2022-10-06 23:56:21,274 INFO mapred.Task: Task:attempt_local1575304541_0001_r_000000_0 is done. And is in the process of committing
2022-10-06 23:56:21,275 INFO mapred.LocalJobRunner: 1 / 1 copied.
2022-10-06 23:56:21,275 INFO mapred.Task: Task attempt_local1575304541_0001_r_000000_0 is allowed to commit now
2022-10-06 23:56:21,285 INFO output.FileOutputCommitter: Saved output of task 'attempt_local1575304541_0001_r_000000_0' to file:/home/pjethwa/project2/left_tmp
2022-10-06 23:56:21,286 INFO mapred.LocalJobRunner: reduce > reduce
2022-10-06 23:56:21,286 INFO mapred.Task: Task 'attempt_local1575304541_0001_r_000000_0' done.
2022-10-06 23:56:21,286 INFO mapred.Task: Final Counters for attempt_local1575304541_0001_r_000000_0: Counters: 24
	File System Counters
		FILE: Number of bytes read=8669
		FILE: Number of bytes written=634107
		FILE: Number of read operations=0
		FILE: Number of large read operations=0
		FILE: Number of write operations=0
	Map-Reduce Framework
		Combine input records=0
		Combine output records=0
		Reduce input groups=1
		Reduce shuffle bytes=318
		Reduce input records=12
		Reduce output records=1
		Spilled Records=12
		Shuffled Maps =1
		Failed Shuffles=0
		Merged Map outputs=1
		GC time elapsed (ms)=0
		Total committed heap usage (bytes)=2147483648
	Shuffle Errors
		BAD_ID=0
		CONNECTION=0
		IO_ERROR=0
		WRONG_LENGTH=0
		WRONG_MAP=0
		WRONG_REDUCE=0
	File Output Format Counters 
		Bytes Written=80689
2022-10-06 23:56:21,286 INFO mapred.LocalJobRunner: Finishing task: attempt_local1575304541_0001_r_000000_0
2022-10-06 23:56:21,286 INFO mapred.LocalJobRunner: reduce task executor complete.
2022-10-06 23:56:21,861 INFO mapreduce.Job: Job job_local1575304541_0001 running in uber mode : false
2022-10-06 23:56:21,862 INFO mapreduce.Job:  map 100% reduce 100%
2022-10-06 23:56:21,863 INFO mapreduce.Job: Job job_local1575304541_0001 completed successfully
2022-10-06 23:56:21,868 INFO mapreduce.Job: Counters: 30
	File System Counters
		FILE: Number of bytes read=16670
		FILE: Number of bytes written=1187207
		FILE: Number of read operations=0
		FILE: Number of large read operations=0
		FILE: Number of write operations=0
	Map-Reduce Framework
		Map input records=12
		Map output records=12
		Map output bytes=288
		Map output materialized bytes=318
		Input split bytes=111
		Combine input records=0
		Combine output records=0
		Reduce input groups=1
		Reduce shuffle bytes=318
		Reduce input records=12
		Reduce output records=1
		Spilled Records=24
		Shuffled Maps =1
		Failed Shuffles=0
		Merged Map outputs=1
		GC time elapsed (ms)=0
		Total committed heap usage (bytes)=4294967296
	Shuffle Errors
		BAD_ID=0
		CONNECTION=0
		IO_ERROR=0
		WRONG_LENGTH=0
		WRONG_MAP=0
		WRONG_REDUCE=0
	File Input Format Counters 
		Bytes Read=132
	File Output Format Counters 
		Bytes Written=80689
2022-10-06 23:56:21,880 WARN impl.MetricsSystemImpl: JobTracker metrics system already initialized!
2022-10-06 23:56:21,882 WARN mapreduce.JobResourceUploader: Hadoop command-line option parsing not performed. Implement the Tool interface and execute your application with ToolRunner to remedy this.
2022-10-06 23:56:21,884 INFO input.FileInputFormat: Total input files to process : 1
2022-10-06 23:56:21,886 INFO mapreduce.JobSubmitter: number of splits:1
2022-10-06 23:56:21,895 INFO mapreduce.JobSubmitter: Submitting tokens for job: job_local235663151_0002
2022-10-06 23:56:21,895 INFO mapreduce.JobSubmitter: Executing with tokens: []
2022-10-06 23:56:21,982 INFO mapreduce.Job: The url to track the job: http://localhost:8080/
2022-10-06 23:56:21,982 INFO mapreduce.Job: Running job: job_local235663151_0002
2022-10-06 23:56:21,982 INFO mapred.LocalJobRunner: OutputCommitter set in config null
2022-10-06 23:56:21,982 INFO output.FileOutputCommitter: File Output Committer Algorithm version is 2
2022-10-06 23:56:21,982 INFO output.FileOutputCommitter: FileOutputCommitter skip cleanup _temporary folders under output directory:false, ignore cleanup failures: false
2022-10-06 23:56:21,983 INFO mapred.LocalJobRunner: OutputCommitter is org.apache.hadoop.mapreduce.lib.output.FileOutputCommitter
2022-10-06 23:56:22,054 INFO mapred.LocalJobRunner: Waiting for map tasks
2022-10-06 23:56:22,054 INFO mapred.LocalJobRunner: Starting task: attempt_local235663151_0002_m_000000_0
2022-10-06 23:56:22,056 INFO output.FileOutputCommitter: File Output Committer Algorithm version is 2
2022-10-06 23:56:22,056 INFO output.FileOutputCommitter: FileOutputCommitter skip cleanup _temporary folders under output directory:false, ignore cleanup failures: false
2022-10-06 23:56:22,056 INFO mapred.Task:  Using ResourceCalculatorProcessTree : [ ]
2022-10-06 23:56:22,057 INFO mapred.MapTask: Processing split: file:/home/pjethwa/project2/N-matrix-small.txt:0+129
2022-10-06 23:56:22,065 INFO mapred.MapTask: (EQUATOR) 0 kvi 26214396(104857584)
2022-10-06 23:56:22,065 INFO mapred.MapTask: mapreduce.task.io.sort.mb: 100
2022-10-06 23:56:22,065 INFO mapred.MapTask: soft limit at 83886080
2022-10-06 23:56:22,065 INFO mapred.MapTask: bufstart = 0; bufvoid = 104857600
2022-10-06 23:56:22,065 INFO mapred.MapTask: kvstart = 26214396; length = 6553600
2022-10-06 23:56:22,066 INFO mapred.MapTask: Map output collector class = org.apache.hadoop.mapred.MapTask$MapOutputBuffer
2022-10-06 23:56:22,076 INFO mapred.LocalJobRunner: 
2022-10-06 23:56:22,076 INFO mapred.MapTask: Starting flush of map output
2022-10-06 23:56:22,076 INFO mapred.MapTask: Spilling map output
2022-10-06 23:56:22,076 INFO mapred.MapTask: bufstart = 0; bufend = 288; bufvoid = 104857600
2022-10-06 23:56:22,076 INFO mapred.MapTask: kvstart = 26214396(104857584); kvend = 26214352(104857408); length = 45/6553600
2022-10-06 23:56:22,077 INFO mapred.MapTask: Finished spill 0
2022-10-06 23:56:22,078 INFO mapred.Task: Task:attempt_local235663151_0002_m_000000_0 is done. And is in the process of committing
2022-10-06 23:56:22,079 INFO mapred.LocalJobRunner: map
2022-10-06 23:56:22,079 INFO mapred.Task: Task 'attempt_local235663151_0002_m_000000_0' done.
2022-10-06 23:56:22,079 INFO mapred.Task: Final Counters for attempt_local235663151_0002_m_000000_0: Counters: 17
	File System Counters
		FILE: Number of bytes read=16667
		FILE: Number of bytes written=1184589
		FILE: Number of read operations=0
		FILE: Number of large read operations=0
		FILE: Number of write operations=0
	Map-Reduce Framework
		Map input records=12
		Map output records=12
		Map output bytes=288
		Map output materialized bytes=318
		Input split bytes=111
		Combine input records=0
		Spilled Records=12
		Failed Shuffles=0
		Merged Map outputs=0
		GC time elapsed (ms)=0
		Total committed heap usage (bytes)=2147483648
	File Input Format Counters 
		Bytes Read=129
2022-10-06 23:56:22,079 INFO mapred.LocalJobRunner: Finishing task: attempt_local235663151_0002_m_000000_0
2022-10-06 23:56:22,079 INFO mapred.LocalJobRunner: map task executor complete.
2022-10-06 23:56:22,080 INFO mapred.LocalJobRunner: Waiting for reduce tasks
2022-10-06 23:56:22,080 INFO mapred.LocalJobRunner: Starting task: attempt_local235663151_0002_r_000000_0
2022-10-06 23:56:22,081 INFO output.FileOutputCommitter: File Output Committer Algorithm version is 2
2022-10-06 23:56:22,081 INFO output.FileOutputCommitter: FileOutputCommitter skip cleanup _temporary folders under output directory:false, ignore cleanup failures: false
2022-10-06 23:56:22,081 INFO mapred.Task:  Using ResourceCalculatorProcessTree : [ ]
2022-10-06 23:56:22,082 INFO mapred.ReduceTask: Using ShuffleConsumerPlugin: org.apache.hadoop.mapreduce.task.reduce.Shuffle@28f6124d
2022-10-06 23:56:22,082 WARN impl.MetricsSystemImpl: JobTracker metrics system already initialized!
2022-10-06 23:56:22,083 INFO reduce.MergeManagerImpl: The max number of bytes for a single in-memory shuffle cannot be larger than Integer.MAX_VALUE. Setting it to Integer.MAX_VALUE
2022-10-06 23:56:22,083 INFO reduce.MergeManagerImpl: MergerManager: memoryLimit=22525089792, maxSingleShuffleLimit=2147483647, mergeThreshold=14866560000, ioSortFactor=10, memToMemMergeOutputsThreshold=10
2022-10-06 23:56:22,083 INFO reduce.EventFetcher: attempt_local235663151_0002_r_000000_0 Thread started: EventFetcher for fetching Map Completion Events
2022-10-06 23:56:22,084 INFO reduce.LocalFetcher: localfetcher#2 about to shuffle output of map attempt_local235663151_0002_m_000000_0 decomp: 314 len: 318 to MEMORY
2022-10-06 23:56:22,085 INFO reduce.InMemoryMapOutput: Read 314 bytes from map-output for attempt_local235663151_0002_m_000000_0
2022-10-06 23:56:22,085 INFO reduce.MergeManagerImpl: closeInMemoryFile -> map-output of size: 314, inMemoryMapOutputs.size() -> 1, commitMemory -> 0, usedMemory ->314
2022-10-06 23:56:22,086 INFO reduce.EventFetcher: EventFetcher is interrupted.. Returning
2022-10-06 23:56:22,086 INFO mapred.LocalJobRunner: 1 / 1 copied.
2022-10-06 23:56:22,086 INFO reduce.MergeManagerImpl: finalMerge called with 1 in-memory map-outputs and 0 on-disk map-outputs
2022-10-06 23:56:22,087 INFO mapred.Merger: Merging 1 sorted segments
2022-10-06 23:56:22,088 INFO mapred.Merger: Down to the last merge-pass, with 1 segments left of total size: 304 bytes
2022-10-06 23:56:22,088 INFO reduce.MergeManagerImpl: Merged 1 segments, 314 bytes to disk to satisfy reduce memory limit
2022-10-06 23:56:22,088 INFO reduce.MergeManagerImpl: Merging 1 files, 318 bytes from disk
2022-10-06 23:56:22,088 INFO reduce.MergeManagerImpl: Merging 0 segments, 0 bytes from memory into reduce
2022-10-06 23:56:22,088 INFO mapred.Merger: Merging 1 sorted segments
2022-10-06 23:56:22,089 INFO mapred.Merger: Down to the last merge-pass, with 1 segments left of total size: 304 bytes
2022-10-06 23:56:22,089 INFO mapred.LocalJobRunner: 1 / 1 copied.
2022-10-06 23:56:22,153 INFO mapred.Task: Task:attempt_local235663151_0002_r_000000_0 is done. And is in the process of committing
2022-10-06 23:56:22,153 INFO mapred.LocalJobRunner: 1 / 1 copied.
2022-10-06 23:56:22,153 INFO mapred.Task: Task attempt_local235663151_0002_r_000000_0 is allowed to commit now
2022-10-06 23:56:22,163 INFO output.FileOutputCommitter: Saved output of task 'attempt_local235663151_0002_r_000000_0' to file:/home/pjethwa/project2/right_tmp
2022-10-06 23:56:22,163 INFO mapred.LocalJobRunner: reduce > reduce
2022-10-06 23:56:22,163 INFO mapred.Task: Task 'attempt_local235663151_0002_r_000000_0' done.
2022-10-06 23:56:22,163 INFO mapred.Task: Final Counters for attempt_local235663151_0002_r_000000_0: Counters: 24
	File System Counters
		FILE: Number of bytes read=17335
		FILE: Number of bytes written=1265596
		FILE: Number of read operations=0
		FILE: Number of large read operations=0
		FILE: Number of write operations=0
	Map-Reduce Framework
		Combine input records=0
		Combine output records=0
		Reduce input groups=1
		Reduce shuffle bytes=318
		Reduce input records=12
		Reduce output records=1
		Spilled Records=12
		Shuffled Maps =1
		Failed Shuffles=0
		Merged Map outputs=1
		GC time elapsed (ms)=0
		Total committed heap usage (bytes)=2147483648
	Shuffle Errors
		BAD_ID=0
		CONNECTION=0
		IO_ERROR=0
		WRONG_LENGTH=0
		WRONG_MAP=0
		WRONG_REDUCE=0
	File Output Format Counters 
		Bytes Written=80689
2022-10-06 23:56:22,163 INFO mapred.LocalJobRunner: Finishing task: attempt_local235663151_0002_r_000000_0
2022-10-06 23:56:22,163 INFO mapred.LocalJobRunner: reduce task executor complete.
2022-10-06 23:56:22,982 INFO mapreduce.Job: Job job_local235663151_0002 running in uber mode : false
2022-10-06 23:56:22,983 INFO mapreduce.Job:  map 100% reduce 100%
2022-10-06 23:56:22,983 INFO mapreduce.Job: Job job_local235663151_0002 completed successfully
2022-10-06 23:56:22,986 INFO mapreduce.Job: Counters: 30
	File System Counters
		FILE: Number of bytes read=34002
		FILE: Number of bytes written=2450185
		FILE: Number of read operations=0
		FILE: Number of large read operations=0
		FILE: Number of write operations=0
	Map-Reduce Framework
		Map input records=12
		Map output records=12
		Map output bytes=288
		Map output materialized bytes=318
		Input split bytes=111
		Combine input records=0
		Combine output records=0
		Reduce input groups=1
		Reduce shuffle bytes=318
		Reduce input records=12
		Reduce output records=1
		Spilled Records=24
		Shuffled Maps =1
		Failed Shuffles=0
		Merged Map outputs=1
		GC time elapsed (ms)=0
		Total committed heap usage (bytes)=4294967296
	Shuffle Errors
		BAD_ID=0
		CONNECTION=0
		IO_ERROR=0
		WRONG_LENGTH=0
		WRONG_MAP=0
		WRONG_REDUCE=0
	File Input Format Counters 
		Bytes Read=129
	File Output Format Counters 
		Bytes Written=80689
2022-10-06 23:56:22,999 WARN impl.MetricsSystemImpl: JobTracker metrics system already initialized!
2022-10-06 23:56:23,001 WARN mapreduce.JobResourceUploader: Hadoop command-line option parsing not performed. Implement the Tool interface and execute your application with ToolRunner to remedy this.
2022-10-06 23:56:23,009 INFO input.FileInputFormat: Total input files to process : 2
2022-10-06 23:56:23,010 INFO mapreduce.JobSubmitter: number of splits:2
2022-10-06 23:56:23,027 INFO mapreduce.JobSubmitter: Submitting tokens for job: job_local810240394_0003
2022-10-06 23:56:23,027 INFO mapreduce.JobSubmitter: Executing with tokens: []
2022-10-06 23:56:23,073 INFO mapreduce.Job: The url to track the job: http://localhost:8080/
2022-10-06 23:56:23,073 INFO mapreduce.Job: Running job: job_local810240394_0003
2022-10-06 23:56:23,073 INFO mapred.LocalJobRunner: OutputCommitter set in config null
2022-10-06 23:56:23,074 INFO output.FileOutputCommitter: File Output Committer Algorithm version is 2
2022-10-06 23:56:23,074 INFO output.FileOutputCommitter: FileOutputCommitter skip cleanup _temporary folders under output directory:false, ignore cleanup failures: false
2022-10-06 23:56:23,074 INFO mapred.LocalJobRunner: OutputCommitter is org.apache.hadoop.mapreduce.lib.output.FileOutputCommitter
2022-10-06 23:56:23,103 INFO mapred.LocalJobRunner: Waiting for map tasks
2022-10-06 23:56:23,103 INFO mapred.LocalJobRunner: Starting task: attempt_local810240394_0003_m_000000_0
2022-10-06 23:56:23,105 INFO output.FileOutputCommitter: File Output Committer Algorithm version is 2
2022-10-06 23:56:23,105 INFO output.FileOutputCommitter: FileOutputCommitter skip cleanup _temporary folders under output directory:false, ignore cleanup failures: false
2022-10-06 23:56:23,105 INFO mapred.Task:  Using ResourceCalculatorProcessTree : [ ]
2022-10-06 23:56:23,106 INFO mapred.MapTask: Processing split: file:/home/pjethwa/project2/left_tmp/part-r-00000:0+80053
2022-10-06 23:56:23,118 INFO mapred.MapTask: (EQUATOR) 0 kvi 26214396(104857584)
2022-10-06 23:56:23,118 INFO mapred.MapTask: mapreduce.task.io.sort.mb: 100
2022-10-06 23:56:23,118 INFO mapred.MapTask: soft limit at 83886080
2022-10-06 23:56:23,118 INFO mapred.MapTask: bufstart = 0; bufvoid = 104857600
2022-10-06 23:56:23,118 INFO mapred.MapTask: kvstart = 26214396; length = 6553600
2022-10-06 23:56:23,119 INFO mapred.MapTask: Map output collector class = org.apache.hadoop.mapred.MapTask$MapOutputBuffer
2022-10-06 23:56:23,132 INFO mapred.LocalJobRunner: 
2022-10-06 23:56:23,133 INFO mapred.MapTask: Starting flush of map output
2022-10-06 23:56:23,133 INFO mapred.MapTask: Spilling map output
2022-10-06 23:56:23,133 INFO mapred.MapTask: bufstart = 0; bufend = 80008; bufvoid = 104857600
2022-10-06 23:56:23,133 INFO mapred.MapTask: kvstart = 26214396(104857584); kvend = 26214396(104857584); length = 1/6553600
2022-10-06 23:56:23,136 INFO mapred.MapTask: Finished spill 0
2022-10-06 23:56:23,138 INFO mapred.Task: Task:attempt_local810240394_0003_m_000000_0 is done. And is in the process of committing
2022-10-06 23:56:23,139 INFO mapred.LocalJobRunner: map
2022-10-06 23:56:23,139 INFO mapred.Task: Task 'attempt_local810240394_0003_m_000000_0' done.
2022-10-06 23:56:23,140 INFO mapred.Task: Final Counters for attempt_local810240394_0003_m_000000_0: Counters: 17
	File System Counters
		FILE: Number of bytes read=106029
		FILE: Number of bytes written=1895963
		FILE: Number of read operations=0
		FILE: Number of large read operations=0
		FILE: Number of write operations=0
	Map-Reduce Framework
		Map input records=1
		Map output records=1
		Map output bytes=80008
		Map output materialized bytes=80019
		Input split bytes=114
		Combine input records=0
		Spilled Records=1
		Failed Shuffles=0
		Merged Map outputs=0
		GC time elapsed (ms)=0
		Total committed heap usage (bytes)=2147483648
	File Input Format Counters 
		Bytes Read=80689
2022-10-06 23:56:23,140 INFO mapred.LocalJobRunner: Finishing task: attempt_local810240394_0003_m_000000_0
2022-10-06 23:56:23,140 INFO mapred.LocalJobRunner: Starting task: attempt_local810240394_0003_m_000001_0
2022-10-06 23:56:23,142 INFO output.FileOutputCommitter: File Output Committer Algorithm version is 2
2022-10-06 23:56:23,142 INFO output.FileOutputCommitter: FileOutputCommitter skip cleanup _temporary folders under output directory:false, ignore cleanup failures: false
2022-10-06 23:56:23,142 INFO mapred.Task:  Using ResourceCalculatorProcessTree : [ ]
2022-10-06 23:56:23,143 INFO mapred.MapTask: Processing split: file:/home/pjethwa/project2/right_tmp/part-r-00000:0+80053
2022-10-06 23:56:23,154 INFO mapred.MapTask: (EQUATOR) 0 kvi 26214396(104857584)
2022-10-06 23:56:23,154 INFO mapred.MapTask: mapreduce.task.io.sort.mb: 100
2022-10-06 23:56:23,154 INFO mapred.MapTask: soft limit at 83886080
2022-10-06 23:56:23,154 INFO mapred.MapTask: bufstart = 0; bufvoid = 104857600
2022-10-06 23:56:23,154 INFO mapred.MapTask: kvstart = 26214396; length = 6553600
2022-10-06 23:56:23,154 INFO mapred.MapTask: Map output collector class = org.apache.hadoop.mapred.MapTask$MapOutputBuffer
2022-10-06 23:56:23,158 INFO mapred.LocalJobRunner: 
2022-10-06 23:56:23,158 INFO mapred.MapTask: Starting flush of map output
2022-10-06 23:56:23,158 INFO mapred.MapTask: Spilling map output
2022-10-06 23:56:23,158 INFO mapred.MapTask: bufstart = 0; bufend = 80008; bufvoid = 104857600
2022-10-06 23:56:23,158 INFO mapred.MapTask: kvstart = 26214396(104857584); kvend = 26214396(104857584); length = 1/6553600
2022-10-06 23:56:23,159 INFO mapred.MapTask: Finished spill 0
2022-10-06 23:56:23,160 INFO mapred.Task: Task:attempt_local810240394_0003_m_000001_0 is done. And is in the process of committing
2022-10-06 23:56:23,161 INFO mapred.LocalJobRunner: map
2022-10-06 23:56:23,161 INFO mapred.Task: Task 'attempt_local810240394_0003_m_000001_0' done.
2022-10-06 23:56:23,161 INFO mapred.Task: Final Counters for attempt_local810240394_0003_m_000001_0: Counters: 17
	File System Counters
		FILE: Number of bytes read=186966
		FILE: Number of bytes written=1976014
		FILE: Number of read operations=0
		FILE: Number of large read operations=0
		FILE: Number of write operations=0
	Map-Reduce Framework
		Map input records=1
		Map output records=1
		Map output bytes=80008
		Map output materialized bytes=80019
		Input split bytes=115
		Combine input records=0
		Spilled Records=1
		Failed Shuffles=0
		Merged Map outputs=0
		GC time elapsed (ms)=0
		Total committed heap usage (bytes)=2147483648
	File Input Format Counters 
		Bytes Read=80689
2022-10-06 23:56:23,161 INFO mapred.LocalJobRunner: Finishing task: attempt_local810240394_0003_m_000001_0
2022-10-06 23:56:23,161 INFO mapred.LocalJobRunner: map task executor complete.
2022-10-06 23:56:23,163 INFO mapred.LocalJobRunner: Waiting for reduce tasks
2022-10-06 23:56:23,163 INFO mapred.LocalJobRunner: Starting task: attempt_local810240394_0003_r_000000_0
2022-10-06 23:56:23,165 INFO output.FileOutputCommitter: File Output Committer Algorithm version is 2
2022-10-06 23:56:23,165 INFO output.FileOutputCommitter: FileOutputCommitter skip cleanup _temporary folders under output directory:false, ignore cleanup failures: false
2022-10-06 23:56:23,165 INFO mapred.Task:  Using ResourceCalculatorProcessTree : [ ]
2022-10-06 23:56:23,165 INFO mapred.ReduceTask: Using ShuffleConsumerPlugin: org.apache.hadoop.mapreduce.task.reduce.Shuffle@39158707
2022-10-06 23:56:23,165 WARN impl.MetricsSystemImpl: JobTracker metrics system already initialized!
2022-10-06 23:56:23,169 INFO reduce.MergeManagerImpl: The max number of bytes for a single in-memory shuffle cannot be larger than Integer.MAX_VALUE. Setting it to Integer.MAX_VALUE
2022-10-06 23:56:23,169 INFO reduce.MergeManagerImpl: MergerManager: memoryLimit=22525089792, maxSingleShuffleLimit=2147483647, mergeThreshold=14866560000, ioSortFactor=10, memToMemMergeOutputsThreshold=10
2022-10-06 23:56:23,169 INFO reduce.EventFetcher: attempt_local810240394_0003_r_000000_0 Thread started: EventFetcher for fetching Map Completion Events
2022-10-06 23:56:23,171 INFO reduce.LocalFetcher: localfetcher#3 about to shuffle output of map attempt_local810240394_0003_m_000001_0 decomp: 80015 len: 80019 to MEMORY
2022-10-06 23:56:23,171 INFO reduce.InMemoryMapOutput: Read 80015 bytes from map-output for attempt_local810240394_0003_m_000001_0
2022-10-06 23:56:23,171 INFO reduce.MergeManagerImpl: closeInMemoryFile -> map-output of size: 80015, inMemoryMapOutputs.size() -> 1, commitMemory -> 0, usedMemory ->80015
2022-10-06 23:56:23,172 INFO reduce.LocalFetcher: localfetcher#3 about to shuffle output of map attempt_local810240394_0003_m_000000_0 decomp: 80015 len: 80019 to MEMORY
2022-10-06 23:56:23,172 INFO reduce.InMemoryMapOutput: Read 80015 bytes from map-output for attempt_local810240394_0003_m_000000_0
2022-10-06 23:56:23,172 INFO reduce.MergeManagerImpl: closeInMemoryFile -> map-output of size: 80015, inMemoryMapOutputs.size() -> 2, commitMemory -> 80015, usedMemory ->160030
2022-10-06 23:56:23,173 INFO reduce.EventFetcher: EventFetcher is interrupted.. Returning
2022-10-06 23:56:23,173 INFO mapred.LocalJobRunner: 2 / 2 copied.
2022-10-06 23:56:23,173 INFO reduce.MergeManagerImpl: finalMerge called with 2 in-memory map-outputs and 0 on-disk map-outputs
2022-10-06 23:56:23,174 INFO mapred.Merger: Merging 2 sorted segments
2022-10-06 23:56:23,174 INFO mapred.Merger: Down to the last merge-pass, with 2 segments left of total size: 160004 bytes
2022-10-06 23:56:23,175 INFO reduce.MergeManagerImpl: Merged 2 segments, 160030 bytes to disk to satisfy reduce memory limit
2022-10-06 23:56:23,175 INFO reduce.MergeManagerImpl: Merging 1 files, 160032 bytes from disk
2022-10-06 23:56:23,175 INFO reduce.MergeManagerImpl: Merging 0 segments, 0 bytes from memory into reduce
2022-10-06 23:56:23,175 INFO mapred.Merger: Merging 1 sorted segments
2022-10-06 23:56:23,176 INFO mapred.Merger: Down to the last merge-pass, with 1 segments left of total size: 160015 bytes
2022-10-06 23:56:23,176 INFO mapred.LocalJobRunner: 2 / 2 copied.
2022-10-06 23:56:23,364 INFO mapred.Task: Task:attempt_local810240394_0003_r_000000_0 is done. And is in the process of committing
2022-10-06 23:56:23,365 INFO mapred.LocalJobRunner: 2 / 2 copied.
2022-10-06 23:56:23,365 INFO mapred.Task: Task attempt_local810240394_0003_r_000000_0 is allowed to commit now
2022-10-06 23:56:23,408 INFO output.FileOutputCommitter: Saved output of task 'attempt_local810240394_0003_r_000000_0' to file:/home/pjethwa/project2/output
2022-10-06 23:56:23,409 INFO mapred.LocalJobRunner: reduce > reduce
2022-10-06 23:56:23,409 INFO mapred.Task: Task 'attempt_local810240394_0003_r_000000_0' done.
2022-10-06 23:56:23,409 INFO mapred.Task: Final Counters for attempt_local810240394_0003_r_000000_0: Counters: 24
	File System Counters
		FILE: Number of bytes read=507100
		FILE: Number of bytes written=2196649
		FILE: Number of read operations=0
		FILE: Number of large read operations=0
		FILE: Number of write operations=0
	Map-Reduce Framework
		Combine input records=0
		Combine output records=0
		Reduce input groups=1
		Reduce shuffle bytes=160038
		Reduce input records=2
		Reduce output records=1
		Spilled Records=2
		Shuffled Maps =2
		Failed Shuffles=0
		Merged Map outputs=2
		GC time elapsed (ms)=22
		Total committed heap usage (bytes)=2147483648
	Shuffle Errors
		BAD_ID=0
		CONNECTION=0
		IO_ERROR=0
		WRONG_LENGTH=0
		WRONG_MAP=0
		WRONG_REDUCE=0
	File Output Format Counters 
		Bytes Written=60603
2022-10-06 23:56:23,409 INFO mapred.LocalJobRunner: Finishing task: attempt_local810240394_0003_r_000000_0
2022-10-06 23:56:23,409 INFO mapred.LocalJobRunner: reduce task executor complete.
2022-10-06 23:56:24,073 INFO mapreduce.Job: Job job_local810240394_0003 running in uber mode : false
2022-10-06 23:56:24,074 INFO mapreduce.Job:  map 100% reduce 100%
2022-10-06 23:56:24,074 INFO mapreduce.Job: Job job_local810240394_0003 completed successfully
2022-10-06 23:56:24,077 INFO mapreduce.Job: Counters: 30
	File System Counters
		FILE: Number of bytes read=800095
		FILE: Number of bytes written=6068626
		FILE: Number of read operations=0
		FILE: Number of large read operations=0
		FILE: Number of write operations=0
	Map-Reduce Framework
		Map input records=2
		Map output records=2
		Map output bytes=160016
		Map output materialized bytes=160038
		Input split bytes=229
		Combine input records=0
		Combine output records=0
		Reduce input groups=1
		Reduce shuffle bytes=160038
		Reduce input records=2
		Reduce output records=1
		Spilled Records=4
		Shuffled Maps =2
		Failed Shuffles=0
		Merged Map outputs=2
		GC time elapsed (ms)=22
		Total committed heap usage (bytes)=6442450944
	Shuffle Errors
		BAD_ID=0
		CONNECTION=0
		IO_ERROR=0
		WRONG_LENGTH=0
		WRONG_MAP=0
		WRONG_REDUCE=0
	File Input Format Counters 
		Bytes Read=161378
	File Output Format Counters 
		Bytes Written=60603
