WARNING: An illegal reflective access operation has occurred
WARNING: Illegal reflective access by org.apache.spark.unsafe.Platform (file:/expanse/lustre/projects/uot182/fegaras/spark-3.1.2-bin-hadoop3.2/jars/spark-unsafe_2.12-3.1.2.jar) to constructor java.nio.DirectByteBuffer(long,int)
WARNING: Please consider reporting this to the maintainers of org.apache.spark.unsafe.Platform
WARNING: Use --illegal-access=warn to enable warnings of further illegal reflective access operations
WARNING: All illegal access operations will be denied in a future release
22/11/08 16:45:15 WARN NativeCodeLoader: Unable to load native-hadoop library for your platform... using builtin-java classes where applicable
Using Spark's default log4j profile: org/apache/spark/log4j-defaults.properties
22/11/08 16:45:15 INFO SparkContext: Running Spark version 3.1.2
22/11/08 16:45:15 INFO ResourceUtils: ==============================================================
22/11/08 16:45:15 INFO ResourceUtils: No custom resources configured for spark.driver.
22/11/08 16:45:15 INFO ResourceUtils: ==============================================================
22/11/08 16:45:15 INFO SparkContext: Submitted application: Graph
22/11/08 16:45:15 INFO ResourceProfile: Default ResourceProfile created, executor resources: Map(cores -> name: cores, amount: 1, script: , vendor: , memory -> name: memory, amount: 1024, script: , vendor: , offHeap -> name: offHeap, amount: 0, script: , vendor: ), task resources: Map(cpus -> name: cpus, amount: 1.0)
22/11/08 16:45:15 INFO ResourceProfile: Limiting resource is cpu
22/11/08 16:45:15 INFO ResourceProfileManager: Added ResourceProfile id: 0
22/11/08 16:45:15 INFO SecurityManager: Changing view acls to: pjethwa
22/11/08 16:45:15 INFO SecurityManager: Changing modify acls to: pjethwa
22/11/08 16:45:15 INFO SecurityManager: Changing view acls groups to: 
22/11/08 16:45:15 INFO SecurityManager: Changing modify acls groups to: 
22/11/08 16:45:15 INFO SecurityManager: SecurityManager: authentication disabled; ui acls disabled; users  with view permissions: Set(pjethwa); groups with view permissions: Set(); users  with modify permissions: Set(pjethwa); groups with modify permissions: Set()
22/11/08 16:45:16 INFO Utils: Successfully started service 'sparkDriver' on port 40011.
22/11/08 16:45:16 INFO SparkEnv: Registering MapOutputTracker
22/11/08 16:45:16 INFO SparkEnv: Registering BlockManagerMaster
22/11/08 16:45:16 INFO BlockManagerMasterEndpoint: Using org.apache.spark.storage.DefaultTopologyMapper for getting topology information
22/11/08 16:45:16 INFO BlockManagerMasterEndpoint: BlockManagerMasterEndpoint up
22/11/08 16:45:16 INFO SparkEnv: Registering BlockManagerMasterHeartbeat
22/11/08 16:45:16 INFO DiskBlockManager: Created local directory at /tmp/blockmgr-83ee340d-afd9-4478-9463-367307fe823f
22/11/08 16:45:16 INFO MemoryStore: MemoryStore started with capacity 434.4 MiB
22/11/08 16:45:16 INFO SparkEnv: Registering OutputCommitCoordinator
22/11/08 16:45:16 WARN Utils: Service 'SparkUI' could not bind on port 4040. Attempting port 4041.
22/11/08 16:45:16 WARN Utils: Service 'SparkUI' could not bind on port 4041. Attempting port 4042.
22/11/08 16:45:16 INFO Utils: Successfully started service 'SparkUI' on port 4042.
22/11/08 16:45:17 INFO SparkUI: Bound SparkUI to 0.0.0.0, and started at http://exp-1-01.expanse.sdsc.edu:4042
22/11/08 16:45:17 INFO SparkContext: Added JAR file:/home/pjethwa/project5/graph.jar at spark://exp-1-01.expanse.sdsc.edu:40011/jars/graph.jar with timestamp 1667954715787
22/11/08 16:45:17 INFO Executor: Starting executor ID driver on host exp-1-01.expanse.sdsc.edu
22/11/08 16:45:17 INFO Executor: Fetching spark://exp-1-01.expanse.sdsc.edu:40011/jars/graph.jar with timestamp 1667954715787
22/11/08 16:45:17 INFO TransportClientFactory: Successfully created connection to exp-1-01.expanse.sdsc.edu/198.202.103.254:40011 after 45 ms (0 ms spent in bootstraps)
22/11/08 16:45:17 INFO Utils: Fetching spark://exp-1-01.expanse.sdsc.edu:40011/jars/graph.jar to /tmp/spark-25f104e3-3ec4-47ca-bcdb-29ad075656d7/userFiles-1f3d3a29-12e6-452b-a424-5ce59da4ff0c/fetchFileTemp9129802816819006075.tmp
22/11/08 16:45:17 INFO Executor: Adding file:/tmp/spark-25f104e3-3ec4-47ca-bcdb-29ad075656d7/userFiles-1f3d3a29-12e6-452b-a424-5ce59da4ff0c/graph.jar to class loader
22/11/08 16:45:17 INFO Utils: Successfully started service 'org.apache.spark.network.netty.NettyBlockTransferService' on port 38295.
22/11/08 16:45:17 INFO NettyBlockTransferService: Server created on exp-1-01.expanse.sdsc.edu:38295
22/11/08 16:45:17 INFO BlockManager: Using org.apache.spark.storage.RandomBlockReplicationPolicy for block replication policy
22/11/08 16:45:17 INFO BlockManagerMaster: Registering BlockManager BlockManagerId(driver, exp-1-01.expanse.sdsc.edu, 38295, None)
22/11/08 16:45:17 INFO BlockManagerMasterEndpoint: Registering block manager exp-1-01.expanse.sdsc.edu:38295 with 434.4 MiB RAM, BlockManagerId(driver, exp-1-01.expanse.sdsc.edu, 38295, None)
22/11/08 16:45:17 INFO BlockManagerMaster: Registered BlockManager BlockManagerId(driver, exp-1-01.expanse.sdsc.edu, 38295, None)
22/11/08 16:45:17 INFO BlockManager: Initialized BlockManager: BlockManagerId(driver, exp-1-01.expanse.sdsc.edu, 38295, None)
22/11/08 16:45:18 INFO MemoryStore: Block broadcast_0 stored as values in memory (estimated size 175.9 KiB, free 434.2 MiB)
22/11/08 16:45:18 INFO MemoryStore: Block broadcast_0_piece0 stored as bytes in memory (estimated size 27.1 KiB, free 434.2 MiB)
22/11/08 16:45:18 INFO BlockManagerInfo: Added broadcast_0_piece0 in memory on exp-1-01.expanse.sdsc.edu:38295 (size: 27.1 KiB, free: 434.4 MiB)
22/11/08 16:45:18 INFO SparkContext: Created broadcast 0 from textFile at Graph.scala:23
22/11/08 16:45:19 INFO FileInputFormat: Total input files to process : 1
22/11/08 16:45:19 INFO SparkContext: Starting job: foreach at Graph.scala:26
22/11/08 16:45:19 INFO DAGScheduler: Got job 0 (foreach at Graph.scala:26) with 2 output partitions
22/11/08 16:45:19 INFO DAGScheduler: Final stage: ResultStage 0 (foreach at Graph.scala:26)
22/11/08 16:45:19 INFO DAGScheduler: Parents of final stage: List()
22/11/08 16:45:19 INFO DAGScheduler: Missing parents: List()
22/11/08 16:45:19 INFO DAGScheduler: Submitting ResultStage 0 (MapPartitionsRDD[3] at map at Graph.scala:25), which has no missing parents
22/11/08 16:45:19 INFO MemoryStore: Block broadcast_1 stored as values in memory (estimated size 4.6 KiB, free 434.2 MiB)
22/11/08 16:45:19 INFO MemoryStore: Block broadcast_1_piece0 stored as bytes in memory (estimated size 2.6 KiB, free 434.2 MiB)
22/11/08 16:45:19 INFO BlockManagerInfo: Added broadcast_1_piece0 in memory on exp-1-01.expanse.sdsc.edu:38295 (size: 2.6 KiB, free: 434.4 MiB)
22/11/08 16:45:19 INFO SparkContext: Created broadcast 1 from broadcast at DAGScheduler.scala:1388
22/11/08 16:45:19 INFO DAGScheduler: Submitting 2 missing tasks from ResultStage 0 (MapPartitionsRDD[3] at map at Graph.scala:25) (first 15 tasks are for partitions Vector(0, 1))
22/11/08 16:45:19 INFO TaskSchedulerImpl: Adding task set 0.0 with 2 tasks resource profile 0
22/11/08 16:45:19 INFO TaskSetManager: Starting task 0.0 in stage 0.0 (TID 0) (exp-1-01.expanse.sdsc.edu, executor driver, partition 0, PROCESS_LOCAL, 4512 bytes) taskResourceAssignments Map()
22/11/08 16:45:19 INFO TaskSetManager: Starting task 1.0 in stage 0.0 (TID 1) (exp-1-01.expanse.sdsc.edu, executor driver, partition 1, PROCESS_LOCAL, 4512 bytes) taskResourceAssignments Map()
22/11/08 16:45:19 INFO Executor: Running task 1.0 in stage 0.0 (TID 1)
22/11/08 16:45:19 INFO Executor: Running task 0.0 in stage 0.0 (TID 0)
22/11/08 16:45:19 INFO HadoopRDD: Input split: file:/home/pjethwa/project5/small-graph.txt:28+28
22/11/08 16:45:19 INFO HadoopRDD: Input split: file:/home/pjethwa/project5/small-graph.txt:0+28
(3,(3,3,List(2, 1)))
(0,(0,0,List(8, 9)))
(4,(4,4,List(2, 1)))
(8,(8,8,List(0)))
(9,(9,9,List(0)))
(7,(7,7,List(6)))
(2,(2,2,List(4, 3)))
(1,(1,1,List(3, 4, 6)))
(5,(5,5,List(6)))
(6,(6,6,List(5, 7, 1)))
22/11/08 16:45:19 INFO Executor: Finished task 0.0 in stage 0.0 (TID 0). 966 bytes result sent to driver
22/11/08 16:45:19 INFO Executor: Finished task 1.0 in stage 0.0 (TID 1). 966 bytes result sent to driver
22/11/08 16:45:19 INFO TaskSetManager: Finished task 1.0 in stage 0.0 (TID 1) in 295 ms on exp-1-01.expanse.sdsc.edu (executor driver) (1/2)
22/11/08 16:45:19 INFO TaskSetManager: Finished task 0.0 in stage 0.0 (TID 0) in 375 ms on exp-1-01.expanse.sdsc.edu (executor driver) (2/2)
22/11/08 16:45:19 INFO TaskSchedulerImpl: Removed TaskSet 0.0, whose tasks have all completed, from pool 
22/11/08 16:45:19 INFO DAGScheduler: ResultStage 0 (foreach at Graph.scala:26) finished in 0.579 s
22/11/08 16:45:19 INFO DAGScheduler: Job 0 is finished. Cancelling potential speculative or zombie tasks for this job
22/11/08 16:45:19 INFO TaskSchedulerImpl: Killing all running tasks in stage 0: Stage finished
22/11/08 16:45:19 INFO DAGScheduler: Job 0 finished: foreach at Graph.scala:26, took 0.733530 s
22/11/08 16:45:19 INFO BlockManagerInfo: Removed broadcast_1_piece0 on exp-1-01.expanse.sdsc.edu:38295 in memory (size: 2.6 KiB, free: 434.4 MiB)
22/11/08 16:45:20 INFO SparkContext: Starting job: sortBy at Graph.scala:43
22/11/08 16:45:20 INFO DAGScheduler: Registering RDD 3 (map at Graph.scala:25) as input to shuffle 0
22/11/08 16:45:20 INFO DAGScheduler: Registering RDD 4 (flatMap at Graph.scala:33) as input to shuffle 10
22/11/08 16:45:20 INFO DAGScheduler: Registering RDD 3 (map at Graph.scala:25) as input to shuffle 1
22/11/08 16:45:20 INFO DAGScheduler: Registering RDD 10 (flatMap at Graph.scala:33) as input to shuffle 9
22/11/08 16:45:20 INFO DAGScheduler: Registering RDD 3 (map at Graph.scala:25) as input to shuffle 2
22/11/08 16:45:20 INFO DAGScheduler: Registering RDD 16 (flatMap at Graph.scala:33) as input to shuffle 8
22/11/08 16:45:20 INFO DAGScheduler: Registering RDD 22 (flatMap at Graph.scala:33) as input to shuffle 7
22/11/08 16:45:20 INFO DAGScheduler: Registering RDD 3 (map at Graph.scala:25) as input to shuffle 3
22/11/08 16:45:20 INFO DAGScheduler: Registering RDD 28 (flatMap at Graph.scala:33) as input to shuffle 6
22/11/08 16:45:20 INFO DAGScheduler: Registering RDD 3 (map at Graph.scala:25) as input to shuffle 4
22/11/08 16:45:20 INFO DAGScheduler: Registering RDD 34 (map at Graph.scala:41) as input to shuffle 5
22/11/08 16:45:20 INFO DAGScheduler: Got job 1 (sortBy at Graph.scala:43) with 2 output partitions
22/11/08 16:45:20 INFO DAGScheduler: Final stage: ResultStage 12 (sortBy at Graph.scala:43)
22/11/08 16:45:20 INFO DAGScheduler: Parents of final stage: List(ShuffleMapStage 11)
22/11/08 16:45:20 INFO DAGScheduler: Missing parents: List(ShuffleMapStage 11)
22/11/08 16:45:20 INFO DAGScheduler: Submitting ShuffleMapStage 5 (MapPartitionsRDD[3] at map at Graph.scala:25), which has no missing parents
22/11/08 16:45:20 INFO MemoryStore: Block broadcast_2 stored as values in memory (estimated size 5.9 KiB, free 434.2 MiB)
22/11/08 16:45:20 INFO MemoryStore: Block broadcast_2_piece0 stored as bytes in memory (estimated size 3.4 KiB, free 434.2 MiB)
22/11/08 16:45:20 INFO BlockManagerInfo: Added broadcast_2_piece0 in memory on exp-1-01.expanse.sdsc.edu:38295 (size: 3.4 KiB, free: 434.4 MiB)
22/11/08 16:45:20 INFO SparkContext: Created broadcast 2 from broadcast at DAGScheduler.scala:1388
22/11/08 16:45:20 INFO DAGScheduler: Submitting 2 missing tasks from ShuffleMapStage 5 (MapPartitionsRDD[3] at map at Graph.scala:25) (first 15 tasks are for partitions Vector(0, 1))
22/11/08 16:45:20 INFO TaskSchedulerImpl: Adding task set 5.0 with 2 tasks resource profile 0
22/11/08 16:45:20 INFO TaskSetManager: Starting task 0.0 in stage 5.0 (TID 2) (exp-1-01.expanse.sdsc.edu, executor driver, partition 0, PROCESS_LOCAL, 4501 bytes) taskResourceAssignments Map()
22/11/08 16:45:20 INFO TaskSetManager: Starting task 1.0 in stage 5.0 (TID 3) (exp-1-01.expanse.sdsc.edu, executor driver, partition 1, PROCESS_LOCAL, 4501 bytes) taskResourceAssignments Map()
22/11/08 16:45:20 INFO Executor: Running task 0.0 in stage 5.0 (TID 2)
22/11/08 16:45:20 INFO Executor: Running task 1.0 in stage 5.0 (TID 3)
22/11/08 16:45:20 INFO DAGScheduler: Submitting ShuffleMapStage 3 (MapPartitionsRDD[3] at map at Graph.scala:25), which has no missing parents
22/11/08 16:45:20 INFO HadoopRDD: Input split: file:/home/pjethwa/project5/small-graph.txt:28+28
22/11/08 16:45:20 INFO HadoopRDD: Input split: file:/home/pjethwa/project5/small-graph.txt:0+28
22/11/08 16:45:20 INFO MemoryStore: Block broadcast_3 stored as values in memory (estimated size 5.9 KiB, free 434.2 MiB)
22/11/08 16:45:20 INFO MemoryStore: Block broadcast_3_piece0 stored as bytes in memory (estimated size 3.4 KiB, free 434.2 MiB)
22/11/08 16:45:20 INFO BlockManagerInfo: Added broadcast_3_piece0 in memory on exp-1-01.expanse.sdsc.edu:38295 (size: 3.4 KiB, free: 434.4 MiB)
22/11/08 16:45:20 INFO SparkContext: Created broadcast 3 from broadcast at DAGScheduler.scala:1388
22/11/08 16:45:20 INFO DAGScheduler: Submitting 2 missing tasks from ShuffleMapStage 3 (MapPartitionsRDD[3] at map at Graph.scala:25) (first 15 tasks are for partitions Vector(0, 1))
22/11/08 16:45:20 INFO TaskSchedulerImpl: Adding task set 3.0 with 2 tasks resource profile 0
22/11/08 16:45:20 INFO DAGScheduler: Submitting ShuffleMapStage 1 (MapPartitionsRDD[3] at map at Graph.scala:25), which has no missing parents
22/11/08 16:45:20 INFO MemoryStore: Block broadcast_4 stored as values in memory (estimated size 5.9 KiB, free 434.2 MiB)
22/11/08 16:45:20 INFO MemoryStore: Block broadcast_4_piece0 stored as bytes in memory (estimated size 3.4 KiB, free 434.2 MiB)
22/11/08 16:45:20 INFO BlockManagerInfo: Added broadcast_4_piece0 in memory on exp-1-01.expanse.sdsc.edu:38295 (size: 3.4 KiB, free: 434.4 MiB)
22/11/08 16:45:20 INFO SparkContext: Created broadcast 4 from broadcast at DAGScheduler.scala:1388
22/11/08 16:45:20 INFO DAGScheduler: Submitting 2 missing tasks from ShuffleMapStage 1 (MapPartitionsRDD[3] at map at Graph.scala:25) (first 15 tasks are for partitions Vector(0, 1))
22/11/08 16:45:20 INFO TaskSchedulerImpl: Adding task set 1.0 with 2 tasks resource profile 0
22/11/08 16:45:20 INFO Executor: Finished task 0.0 in stage 5.0 (TID 2). 1132 bytes result sent to driver
22/11/08 16:45:20 INFO DAGScheduler: Submitting ShuffleMapStage 2 (MapPartitionsRDD[4] at flatMap at Graph.scala:33), which has no missing parents
22/11/08 16:45:20 INFO Executor: Finished task 1.0 in stage 5.0 (TID 3). 1132 bytes result sent to driver
22/11/08 16:45:20 INFO TaskSetManager: Starting task 0.0 in stage 1.0 (TID 4) (exp-1-01.expanse.sdsc.edu, executor driver, partition 0, PROCESS_LOCAL, 4501 bytes) taskResourceAssignments Map()
22/11/08 16:45:20 INFO Executor: Running task 0.0 in stage 1.0 (TID 4)
22/11/08 16:45:20 INFO HadoopRDD: Input split: file:/home/pjethwa/project5/small-graph.txt:0+28
22/11/08 16:45:20 INFO Executor: Finished task 0.0 in stage 1.0 (TID 4). 1132 bytes result sent to driver
22/11/08 16:45:20 INFO TaskSetManager: Starting task 1.0 in stage 1.0 (TID 5) (exp-1-01.expanse.sdsc.edu, executor driver, partition 1, PROCESS_LOCAL, 4501 bytes) taskResourceAssignments Map()
22/11/08 16:45:20 INFO TaskSetManager: Finished task 0.0 in stage 5.0 (TID 2) in 90 ms on exp-1-01.expanse.sdsc.edu (executor driver) (1/2)
22/11/08 16:45:20 INFO Executor: Running task 1.0 in stage 1.0 (TID 5)
22/11/08 16:45:20 INFO TaskSetManager: Starting task 0.0 in stage 3.0 (TID 6) (exp-1-01.expanse.sdsc.edu, executor driver, partition 0, PROCESS_LOCAL, 4501 bytes) taskResourceAssignments Map()
22/11/08 16:45:20 INFO Executor: Running task 0.0 in stage 3.0 (TID 6)
22/11/08 16:45:20 INFO HadoopRDD: Input split: file:/home/pjethwa/project5/small-graph.txt:0+28
22/11/08 16:45:20 INFO TaskSetManager: Finished task 0.0 in stage 1.0 (TID 4) in 42 ms on exp-1-01.expanse.sdsc.edu (executor driver) (1/2)
22/11/08 16:45:20 INFO TaskSetManager: Finished task 1.0 in stage 5.0 (TID 3) in 117 ms on exp-1-01.expanse.sdsc.edu (executor driver) (2/2)
22/11/08 16:45:20 INFO TaskSchedulerImpl: Removed TaskSet 5.0, whose tasks have all completed, from pool 
22/11/08 16:45:20 INFO HadoopRDD: Input split: file:/home/pjethwa/project5/small-graph.txt:28+28
22/11/08 16:45:20 INFO Executor: Finished task 0.0 in stage 3.0 (TID 6). 1132 bytes result sent to driver
22/11/08 16:45:20 INFO TaskSetManager: Starting task 1.0 in stage 3.0 (TID 7) (exp-1-01.expanse.sdsc.edu, executor driver, partition 1, PROCESS_LOCAL, 4501 bytes) taskResourceAssignments Map()
22/11/08 16:45:20 INFO Executor: Finished task 1.0 in stage 1.0 (TID 5). 1132 bytes result sent to driver
22/11/08 16:45:20 INFO TaskSetManager: Finished task 0.0 in stage 3.0 (TID 6) in 36 ms on exp-1-01.expanse.sdsc.edu (executor driver) (1/2)
22/11/08 16:45:20 INFO MemoryStore: Block broadcast_5 stored as values in memory (estimated size 6.8 KiB, free 434.2 MiB)
22/11/08 16:45:20 INFO Executor: Running task 1.0 in stage 3.0 (TID 7)
22/11/08 16:45:20 INFO MemoryStore: Block broadcast_5_piece0 stored as bytes in memory (estimated size 4.0 KiB, free 434.2 MiB)
22/11/08 16:45:20 INFO BlockManagerInfo: Added broadcast_5_piece0 in memory on exp-1-01.expanse.sdsc.edu:38295 (size: 4.0 KiB, free: 434.4 MiB)
22/11/08 16:45:20 INFO TaskSetManager: Finished task 1.0 in stage 1.0 (TID 5) in 64 ms on exp-1-01.expanse.sdsc.edu (executor driver) (2/2)
22/11/08 16:45:20 INFO TaskSchedulerImpl: Removed TaskSet 1.0, whose tasks have all completed, from pool 
22/11/08 16:45:20 INFO SparkContext: Created broadcast 5 from broadcast at DAGScheduler.scala:1388
22/11/08 16:45:20 INFO DAGScheduler: Submitting 2 missing tasks from ShuffleMapStage 2 (MapPartitionsRDD[4] at flatMap at Graph.scala:33) (first 15 tasks are for partitions Vector(0, 1))
22/11/08 16:45:20 INFO TaskSchedulerImpl: Adding task set 2.0 with 2 tasks resource profile 0
22/11/08 16:45:20 INFO TaskSetManager: Starting task 0.0 in stage 2.0 (TID 8) (exp-1-01.expanse.sdsc.edu, executor driver, partition 0, PROCESS_LOCAL, 4501 bytes) taskResourceAssignments Map()
22/11/08 16:45:20 INFO Executor: Running task 0.0 in stage 2.0 (TID 8)
22/11/08 16:45:20 INFO HadoopRDD: Input split: file:/home/pjethwa/project5/small-graph.txt:28+28
22/11/08 16:45:20 INFO DAGScheduler: Submitting ShuffleMapStage 8 (MapPartitionsRDD[3] at map at Graph.scala:25), which has no missing parents
22/11/08 16:45:20 INFO Executor: Finished task 1.0 in stage 3.0 (TID 7). 1132 bytes result sent to driver
22/11/08 16:45:20 INFO TaskSetManager: Starting task 1.0 in stage 2.0 (TID 9) (exp-1-01.expanse.sdsc.edu, executor driver, partition 1, PROCESS_LOCAL, 4501 bytes) taskResourceAssignments Map()
22/11/08 16:45:20 INFO TaskSetManager: Finished task 1.0 in stage 3.0 (TID 7) in 51 ms on exp-1-01.expanse.sdsc.edu (executor driver) (2/2)
22/11/08 16:45:20 INFO TaskSchedulerImpl: Removed TaskSet 3.0, whose tasks have all completed, from pool 
22/11/08 16:45:20 INFO MemoryStore: Block broadcast_6 stored as values in memory (estimated size 5.9 KiB, free 434.2 MiB)
22/11/08 16:45:20 INFO MemoryStore: Block broadcast_6_piece0 stored as bytes in memory (estimated size 3.4 KiB, free 434.2 MiB)
22/11/08 16:45:20 INFO BlockManagerInfo: Added broadcast_6_piece0 in memory on exp-1-01.expanse.sdsc.edu:38295 (size: 3.4 KiB, free: 434.4 MiB)
22/11/08 16:45:20 INFO SparkContext: Created broadcast 6 from broadcast at DAGScheduler.scala:1388
22/11/08 16:45:20 INFO DAGScheduler: Submitting 2 missing tasks from ShuffleMapStage 8 (MapPartitionsRDD[3] at map at Graph.scala:25) (first 15 tasks are for partitions Vector(0, 1))
22/11/08 16:45:20 INFO TaskSchedulerImpl: Adding task set 8.0 with 2 tasks resource profile 0
22/11/08 16:45:20 INFO DAGScheduler: Submitting ShuffleMapStage 10 (MapPartitionsRDD[3] at map at Graph.scala:25), which has no missing parents
22/11/08 16:45:20 INFO MemoryStore: Block broadcast_7 stored as values in memory (estimated size 5.9 KiB, free 434.1 MiB)
22/11/08 16:45:20 INFO MemoryStore: Block broadcast_7_piece0 stored as bytes in memory (estimated size 3.4 KiB, free 434.1 MiB)
22/11/08 16:45:20 INFO BlockManagerInfo: Added broadcast_7_piece0 in memory on exp-1-01.expanse.sdsc.edu:38295 (size: 3.4 KiB, free: 434.4 MiB)
22/11/08 16:45:20 INFO SparkContext: Created broadcast 7 from broadcast at DAGScheduler.scala:1388
22/11/08 16:45:20 INFO DAGScheduler: Submitting 2 missing tasks from ShuffleMapStage 10 (MapPartitionsRDD[3] at map at Graph.scala:25) (first 15 tasks are for partitions Vector(0, 1))
22/11/08 16:45:20 INFO TaskSchedulerImpl: Adding task set 10.0 with 2 tasks resource profile 0
22/11/08 16:45:20 INFO DAGScheduler: ShuffleMapStage 5 (map at Graph.scala:25) finished in 0.252 s
22/11/08 16:45:20 INFO DAGScheduler: looking for newly runnable stages
22/11/08 16:45:20 INFO DAGScheduler: running: Set(ShuffleMapStage 1, ShuffleMapStage 2, ShuffleMapStage 3, ShuffleMapStage 10, ShuffleMapStage 8)
22/11/08 16:45:20 INFO DAGScheduler: waiting: Set(ResultStage 12, ShuffleMapStage 9, ShuffleMapStage 6, ShuffleMapStage 7, ShuffleMapStage 4, ShuffleMapStage 11)
22/11/08 16:45:20 INFO DAGScheduler: failed: Set()
22/11/08 16:45:20 INFO Executor: Running task 1.0 in stage 2.0 (TID 9)
22/11/08 16:45:20 INFO HadoopRDD: Input split: file:/home/pjethwa/project5/small-graph.txt:0+28
22/11/08 16:45:20 INFO DAGScheduler: ShuffleMapStage 1 (map at Graph.scala:25) finished in 0.253 s
22/11/08 16:45:20 INFO HadoopRDD: Input split: file:/home/pjethwa/project5/small-graph.txt:28+28
22/11/08 16:45:20 INFO DAGScheduler: looking for newly runnable stages
22/11/08 16:45:20 INFO DAGScheduler: running: Set(ShuffleMapStage 2, ShuffleMapStage 3, ShuffleMapStage 10, ShuffleMapStage 8)
22/11/08 16:45:20 INFO DAGScheduler: waiting: Set(ResultStage 12, ShuffleMapStage 9, ShuffleMapStage 6, ShuffleMapStage 7, ShuffleMapStage 4, ShuffleMapStage 11)
22/11/08 16:45:20 INFO DAGScheduler: failed: Set()
22/11/08 16:45:20 INFO DAGScheduler: ShuffleMapStage 3 (map at Graph.scala:25) finished in 0.283 s
22/11/08 16:45:20 INFO DAGScheduler: looking for newly runnable stages
22/11/08 16:45:20 INFO DAGScheduler: running: Set(ShuffleMapStage 2, ShuffleMapStage 10, ShuffleMapStage 8)
22/11/08 16:45:20 INFO DAGScheduler: waiting: Set(ResultStage 12, ShuffleMapStage 9, ShuffleMapStage 6, ShuffleMapStage 7, ShuffleMapStage 4, ShuffleMapStage 11)
22/11/08 16:45:20 INFO DAGScheduler: failed: Set()
22/11/08 16:45:21 INFO Executor: Finished task 0.0 in stage 2.0 (TID 8). 1304 bytes result sent to driver
22/11/08 16:45:21 INFO TaskSetManager: Starting task 0.0 in stage 8.0 (TID 10) (exp-1-01.expanse.sdsc.edu, executor driver, partition 0, PROCESS_LOCAL, 4501 bytes) taskResourceAssignments Map()
22/11/08 16:45:21 INFO TaskSetManager: Finished task 0.0 in stage 2.0 (TID 8) in 200 ms on exp-1-01.expanse.sdsc.edu (executor driver) (1/2)
22/11/08 16:45:21 INFO Executor: Running task 0.0 in stage 8.0 (TID 10)
22/11/08 16:45:21 INFO Executor: Finished task 1.0 in stage 2.0 (TID 9). 1261 bytes result sent to driver
22/11/08 16:45:21 INFO TaskSetManager: Starting task 1.0 in stage 8.0 (TID 11) (exp-1-01.expanse.sdsc.edu, executor driver, partition 1, PROCESS_LOCAL, 4501 bytes) taskResourceAssignments Map()
22/11/08 16:45:21 INFO TaskSetManager: Finished task 1.0 in stage 2.0 (TID 9) in 195 ms on exp-1-01.expanse.sdsc.edu (executor driver) (2/2)
22/11/08 16:45:21 INFO TaskSchedulerImpl: Removed TaskSet 2.0, whose tasks have all completed, from pool 
22/11/08 16:45:21 INFO DAGScheduler: ShuffleMapStage 2 (flatMap at Graph.scala:33) finished in 0.313 s
22/11/08 16:45:21 INFO DAGScheduler: looking for newly runnable stages
22/11/08 16:45:21 INFO DAGScheduler: running: Set(ShuffleMapStage 10, ShuffleMapStage 8)
22/11/08 16:45:21 INFO DAGScheduler: waiting: Set(ResultStage 12, ShuffleMapStage 9, ShuffleMapStage 6, ShuffleMapStage 7, ShuffleMapStage 4, ShuffleMapStage 11)
22/11/08 16:45:21 INFO DAGScheduler: failed: Set()
22/11/08 16:45:21 INFO HadoopRDD: Input split: file:/home/pjethwa/project5/small-graph.txt:0+28
22/11/08 16:45:21 INFO Executor: Running task 1.0 in stage 8.0 (TID 11)
22/11/08 16:45:21 INFO DAGScheduler: Submitting ShuffleMapStage 4 (MapPartitionsRDD[10] at flatMap at Graph.scala:33), which has no missing parents
22/11/08 16:45:21 INFO Executor: Finished task 0.0 in stage 8.0 (TID 10). 1132 bytes result sent to driver
22/11/08 16:45:21 INFO TaskSetManager: Starting task 0.0 in stage 10.0 (TID 12) (exp-1-01.expanse.sdsc.edu, executor driver, partition 0, PROCESS_LOCAL, 4501 bytes) taskResourceAssignments Map()
22/11/08 16:45:21 INFO TaskSetManager: Finished task 0.0 in stage 8.0 (TID 10) in 29 ms on exp-1-01.expanse.sdsc.edu (executor driver) (1/2)
22/11/08 16:45:21 INFO HadoopRDD: Input split: file:/home/pjethwa/project5/small-graph.txt:28+28
22/11/08 16:45:21 INFO Executor: Running task 0.0 in stage 10.0 (TID 12)
22/11/08 16:45:21 INFO Executor: Finished task 1.0 in stage 8.0 (TID 11). 1132 bytes result sent to driver
22/11/08 16:45:21 INFO TaskSetManager: Starting task 1.0 in stage 10.0 (TID 13) (exp-1-01.expanse.sdsc.edu, executor driver, partition 1, PROCESS_LOCAL, 4501 bytes) taskResourceAssignments Map()
22/11/08 16:45:21 INFO TaskSetManager: Finished task 1.0 in stage 8.0 (TID 11) in 36 ms on exp-1-01.expanse.sdsc.edu (executor driver) (2/2)
22/11/08 16:45:21 INFO TaskSchedulerImpl: Removed TaskSet 8.0, whose tasks have all completed, from pool 
22/11/08 16:45:21 INFO Executor: Running task 1.0 in stage 10.0 (TID 13)
22/11/08 16:45:21 INFO HadoopRDD: Input split: file:/home/pjethwa/project5/small-graph.txt:28+28
22/11/08 16:45:21 INFO Executor: Finished task 1.0 in stage 10.0 (TID 13). 1132 bytes result sent to driver
22/11/08 16:45:21 INFO TaskSetManager: Finished task 1.0 in stage 10.0 (TID 13) in 22 ms on exp-1-01.expanse.sdsc.edu (executor driver) (1/2)
22/11/08 16:45:21 INFO HadoopRDD: Input split: file:/home/pjethwa/project5/small-graph.txt:0+28
22/11/08 16:45:21 INFO MemoryStore: Block broadcast_8 stored as values in memory (estimated size 6.7 KiB, free 434.1 MiB)
22/11/08 16:45:21 INFO MemoryStore: Block broadcast_8_piece0 stored as bytes in memory (estimated size 3.8 KiB, free 434.1 MiB)
22/11/08 16:45:21 INFO BlockManagerInfo: Added broadcast_8_piece0 in memory on exp-1-01.expanse.sdsc.edu:38295 (size: 3.8 KiB, free: 434.3 MiB)
22/11/08 16:45:21 INFO SparkContext: Created broadcast 8 from broadcast at DAGScheduler.scala:1388
22/11/08 16:45:21 INFO DAGScheduler: Submitting 2 missing tasks from ShuffleMapStage 4 (MapPartitionsRDD[10] at flatMap at Graph.scala:33) (first 15 tasks are for partitions Vector(0, 1))
22/11/08 16:45:21 INFO TaskSchedulerImpl: Adding task set 4.0 with 2 tasks resource profile 0
22/11/08 16:45:21 INFO Executor: Finished task 0.0 in stage 10.0 (TID 12). 1132 bytes result sent to driver
22/11/08 16:45:21 INFO DAGScheduler: ShuffleMapStage 8 (map at Graph.scala:25) finished in 0.295 s
22/11/08 16:45:21 INFO DAGScheduler: looking for newly runnable stages
22/11/08 16:45:21 INFO DAGScheduler: running: Set(ShuffleMapStage 10, ShuffleMapStage 4)
22/11/08 16:45:21 INFO DAGScheduler: waiting: Set(ResultStage 12, ShuffleMapStage 9, ShuffleMapStage 6, ShuffleMapStage 7, ShuffleMapStage 11)
22/11/08 16:45:21 INFO DAGScheduler: failed: Set()
22/11/08 16:45:21 INFO TaskSetManager: Starting task 0.0 in stage 4.0 (TID 14) (exp-1-01.expanse.sdsc.edu, executor driver, partition 0, NODE_LOCAL, 4477 bytes) taskResourceAssignments Map()
22/11/08 16:45:21 INFO TaskSetManager: Starting task 1.0 in stage 4.0 (TID 15) (exp-1-01.expanse.sdsc.edu, executor driver, partition 1, NODE_LOCAL, 4477 bytes) taskResourceAssignments Map()
22/11/08 16:45:21 INFO TaskSetManager: Finished task 0.0 in stage 10.0 (TID 12) in 83 ms on exp-1-01.expanse.sdsc.edu (executor driver) (2/2)
22/11/08 16:45:21 INFO TaskSchedulerImpl: Removed TaskSet 10.0, whose tasks have all completed, from pool 
22/11/08 16:45:21 INFO Executor: Running task 0.0 in stage 4.0 (TID 14)
22/11/08 16:45:21 INFO DAGScheduler: ShuffleMapStage 10 (map at Graph.scala:25) finished in 0.263 s
22/11/08 16:45:21 INFO DAGScheduler: looking for newly runnable stages
22/11/08 16:45:21 INFO DAGScheduler: running: Set(ShuffleMapStage 4)
22/11/08 16:45:21 INFO DAGScheduler: waiting: Set(ResultStage 12, ShuffleMapStage 9, ShuffleMapStage 6, ShuffleMapStage 7, ShuffleMapStage 11)
22/11/08 16:45:21 INFO DAGScheduler: failed: Set()
22/11/08 16:45:21 INFO Executor: Running task 1.0 in stage 4.0 (TID 15)
22/11/08 16:45:21 INFO ShuffleBlockFetcherIterator: Getting 2 (114.0 B) non-empty blocks including 2 (114.0 B) local and 0 (0.0 B) host-local and 0 (0.0 B) remote blocks
22/11/08 16:45:21 INFO ShuffleBlockFetcherIterator: Getting 2 (120.0 B) non-empty blocks including 2 (120.0 B) local and 0 (0.0 B) host-local and 0 (0.0 B) remote blocks
22/11/08 16:45:21 INFO ShuffleBlockFetcherIterator: Started 0 remote fetches in 12 ms
22/11/08 16:45:21 INFO ShuffleBlockFetcherIterator: Started 0 remote fetches in 18 ms
22/11/08 16:45:21 INFO ShuffleBlockFetcherIterator: Getting 2 (736.0 B) non-empty blocks including 2 (736.0 B) local and 0 (0.0 B) host-local and 0 (0.0 B) remote blocks
22/11/08 16:45:21 INFO ShuffleBlockFetcherIterator: Started 0 remote fetches in 1 ms
22/11/08 16:45:21 INFO ShuffleBlockFetcherIterator: Getting 2 (702.0 B) non-empty blocks including 2 (702.0 B) local and 0 (0.0 B) host-local and 0 (0.0 B) remote blocks
22/11/08 16:45:21 INFO ShuffleBlockFetcherIterator: Started 0 remote fetches in 1 ms
22/11/08 16:45:21 INFO Executor: Finished task 1.0 in stage 4.0 (TID 15). 1476 bytes result sent to driver
22/11/08 16:45:21 INFO TaskSetManager: Finished task 1.0 in stage 4.0 (TID 15) in 184 ms on exp-1-01.expanse.sdsc.edu (executor driver) (1/2)
22/11/08 16:45:21 INFO Executor: Finished task 0.0 in stage 4.0 (TID 14). 1476 bytes result sent to driver
22/11/08 16:45:21 INFO TaskSetManager: Finished task 0.0 in stage 4.0 (TID 14) in 196 ms on exp-1-01.expanse.sdsc.edu (executor driver) (2/2)
22/11/08 16:45:21 INFO TaskSchedulerImpl: Removed TaskSet 4.0, whose tasks have all completed, from pool 
22/11/08 16:45:21 INFO DAGScheduler: ShuffleMapStage 4 (flatMap at Graph.scala:33) finished in 0.268 s
22/11/08 16:45:21 INFO DAGScheduler: looking for newly runnable stages
22/11/08 16:45:21 INFO DAGScheduler: running: Set()
22/11/08 16:45:21 INFO DAGScheduler: waiting: Set(ResultStage 12, ShuffleMapStage 9, ShuffleMapStage 6, ShuffleMapStage 7, ShuffleMapStage 11)
22/11/08 16:45:21 INFO DAGScheduler: failed: Set()
22/11/08 16:45:21 INFO DAGScheduler: Submitting ShuffleMapStage 6 (MapPartitionsRDD[16] at flatMap at Graph.scala:33), which has no missing parents
22/11/08 16:45:21 INFO MemoryStore: Block broadcast_9 stored as values in memory (estimated size 6.7 KiB, free 434.1 MiB)
22/11/08 16:45:21 INFO MemoryStore: Block broadcast_9_piece0 stored as bytes in memory (estimated size 3.8 KiB, free 434.1 MiB)
22/11/08 16:45:21 INFO BlockManagerInfo: Added broadcast_9_piece0 in memory on exp-1-01.expanse.sdsc.edu:38295 (size: 3.8 KiB, free: 434.3 MiB)
22/11/08 16:45:21 INFO SparkContext: Created broadcast 9 from broadcast at DAGScheduler.scala:1388
22/11/08 16:45:21 INFO DAGScheduler: Submitting 2 missing tasks from ShuffleMapStage 6 (MapPartitionsRDD[16] at flatMap at Graph.scala:33) (first 15 tasks are for partitions Vector(0, 1))
22/11/08 16:45:21 INFO TaskSchedulerImpl: Adding task set 6.0 with 2 tasks resource profile 0
22/11/08 16:45:21 INFO TaskSetManager: Starting task 0.0 in stage 6.0 (TID 16) (exp-1-01.expanse.sdsc.edu, executor driver, partition 0, NODE_LOCAL, 4477 bytes) taskResourceAssignments Map()
22/11/08 16:45:21 INFO TaskSetManager: Starting task 1.0 in stage 6.0 (TID 17) (exp-1-01.expanse.sdsc.edu, executor driver, partition 1, NODE_LOCAL, 4477 bytes) taskResourceAssignments Map()
22/11/08 16:45:21 INFO Executor: Running task 1.0 in stage 6.0 (TID 17)
22/11/08 16:45:21 INFO Executor: Running task 0.0 in stage 6.0 (TID 16)
22/11/08 16:45:21 INFO ShuffleBlockFetcherIterator: Getting 2 (132.0 B) non-empty blocks including 2 (132.0 B) local and 0 (0.0 B) host-local and 0 (0.0 B) remote blocks
22/11/08 16:45:21 INFO ShuffleBlockFetcherIterator: Started 0 remote fetches in 0 ms
22/11/08 16:45:21 INFO ShuffleBlockFetcherIterator: Getting 2 (702.0 B) non-empty blocks including 2 (702.0 B) local and 0 (0.0 B) host-local and 0 (0.0 B) remote blocks
22/11/08 16:45:21 INFO ShuffleBlockFetcherIterator: Started 0 remote fetches in 0 ms
22/11/08 16:45:21 INFO ShuffleBlockFetcherIterator: Getting 2 (126.0 B) non-empty blocks including 2 (126.0 B) local and 0 (0.0 B) host-local and 0 (0.0 B) remote blocks
22/11/08 16:45:21 INFO ShuffleBlockFetcherIterator: Started 0 remote fetches in 1 ms
22/11/08 16:45:21 INFO ShuffleBlockFetcherIterator: Getting 2 (736.0 B) non-empty blocks including 2 (736.0 B) local and 0 (0.0 B) host-local and 0 (0.0 B) remote blocks
22/11/08 16:45:21 INFO ShuffleBlockFetcherIterator: Started 0 remote fetches in 1 ms
22/11/08 16:45:21 INFO Executor: Finished task 1.0 in stage 6.0 (TID 17). 1476 bytes result sent to driver
22/11/08 16:45:21 INFO TaskSetManager: Finished task 1.0 in stage 6.0 (TID 17) in 36 ms on exp-1-01.expanse.sdsc.edu (executor driver) (1/2)
22/11/08 16:45:21 INFO Executor: Finished task 0.0 in stage 6.0 (TID 16). 1476 bytes result sent to driver
22/11/08 16:45:21 INFO TaskSetManager: Finished task 0.0 in stage 6.0 (TID 16) in 44 ms on exp-1-01.expanse.sdsc.edu (executor driver) (2/2)
22/11/08 16:45:21 INFO TaskSchedulerImpl: Removed TaskSet 6.0, whose tasks have all completed, from pool 
22/11/08 16:45:21 INFO DAGScheduler: ShuffleMapStage 6 (flatMap at Graph.scala:33) finished in 0.066 s
22/11/08 16:45:21 INFO DAGScheduler: looking for newly runnable stages
22/11/08 16:45:21 INFO DAGScheduler: running: Set()
22/11/08 16:45:21 INFO DAGScheduler: waiting: Set(ResultStage 12, ShuffleMapStage 9, ShuffleMapStage 7, ShuffleMapStage 11)
22/11/08 16:45:21 INFO DAGScheduler: failed: Set()
22/11/08 16:45:21 INFO DAGScheduler: Submitting ShuffleMapStage 7 (MapPartitionsRDD[22] at flatMap at Graph.scala:33), which has no missing parents
22/11/08 16:45:21 INFO MemoryStore: Block broadcast_10 stored as values in memory (estimated size 6.7 KiB, free 434.1 MiB)
22/11/08 16:45:21 INFO MemoryStore: Block broadcast_10_piece0 stored as bytes in memory (estimated size 3.8 KiB, free 434.1 MiB)
22/11/08 16:45:21 INFO BlockManagerInfo: Added broadcast_10_piece0 in memory on exp-1-01.expanse.sdsc.edu:38295 (size: 3.8 KiB, free: 434.3 MiB)
22/11/08 16:45:21 INFO SparkContext: Created broadcast 10 from broadcast at DAGScheduler.scala:1388
22/11/08 16:45:21 INFO DAGScheduler: Submitting 2 missing tasks from ShuffleMapStage 7 (MapPartitionsRDD[22] at flatMap at Graph.scala:33) (first 15 tasks are for partitions Vector(0, 1))
22/11/08 16:45:21 INFO TaskSchedulerImpl: Adding task set 7.0 with 2 tasks resource profile 0
22/11/08 16:45:21 INFO TaskSetManager: Starting task 0.0 in stage 7.0 (TID 18) (exp-1-01.expanse.sdsc.edu, executor driver, partition 0, NODE_LOCAL, 4477 bytes) taskResourceAssignments Map()
22/11/08 16:45:21 INFO TaskSetManager: Starting task 1.0 in stage 7.0 (TID 19) (exp-1-01.expanse.sdsc.edu, executor driver, partition 1, NODE_LOCAL, 4477 bytes) taskResourceAssignments Map()
22/11/08 16:45:21 INFO Executor: Running task 1.0 in stage 7.0 (TID 19)
22/11/08 16:45:21 INFO ShuffleBlockFetcherIterator: Getting 2 (132.0 B) non-empty blocks including 2 (132.0 B) local and 0 (0.0 B) host-local and 0 (0.0 B) remote blocks
22/11/08 16:45:21 INFO ShuffleBlockFetcherIterator: Started 0 remote fetches in 0 ms
22/11/08 16:45:21 INFO ShuffleBlockFetcherIterator: Getting 2 (702.0 B) non-empty blocks including 2 (702.0 B) local and 0 (0.0 B) host-local and 0 (0.0 B) remote blocks
22/11/08 16:45:21 INFO ShuffleBlockFetcherIterator: Started 0 remote fetches in 0 ms
22/11/08 16:45:21 INFO Executor: Running task 0.0 in stage 7.0 (TID 18)
22/11/08 16:45:21 INFO ShuffleBlockFetcherIterator: Getting 2 (126.0 B) non-empty blocks including 2 (126.0 B) local and 0 (0.0 B) host-local and 0 (0.0 B) remote blocks
22/11/08 16:45:21 INFO ShuffleBlockFetcherIterator: Started 0 remote fetches in 0 ms
22/11/08 16:45:21 INFO Executor: Finished task 1.0 in stage 7.0 (TID 19). 1476 bytes result sent to driver
22/11/08 16:45:21 INFO TaskSetManager: Finished task 1.0 in stage 7.0 (TID 19) in 33 ms on exp-1-01.expanse.sdsc.edu (executor driver) (1/2)
22/11/08 16:45:21 INFO ShuffleBlockFetcherIterator: Getting 2 (736.0 B) non-empty blocks including 2 (736.0 B) local and 0 (0.0 B) host-local and 0 (0.0 B) remote blocks
22/11/08 16:45:21 INFO ShuffleBlockFetcherIterator: Started 0 remote fetches in 0 ms
22/11/08 16:45:21 INFO Executor: Finished task 0.0 in stage 7.0 (TID 18). 1476 bytes result sent to driver
22/11/08 16:45:21 INFO TaskSetManager: Finished task 0.0 in stage 7.0 (TID 18) in 46 ms on exp-1-01.expanse.sdsc.edu (executor driver) (2/2)
22/11/08 16:45:21 INFO TaskSchedulerImpl: Removed TaskSet 7.0, whose tasks have all completed, from pool 
22/11/08 16:45:21 INFO DAGScheduler: ShuffleMapStage 7 (flatMap at Graph.scala:33) finished in 0.059 s
22/11/08 16:45:21 INFO DAGScheduler: looking for newly runnable stages
22/11/08 16:45:21 INFO DAGScheduler: running: Set()
22/11/08 16:45:21 INFO DAGScheduler: waiting: Set(ResultStage 12, ShuffleMapStage 9, ShuffleMapStage 11)
22/11/08 16:45:21 INFO DAGScheduler: failed: Set()
22/11/08 16:45:21 INFO DAGScheduler: Submitting ShuffleMapStage 9 (MapPartitionsRDD[28] at flatMap at Graph.scala:33), which has no missing parents
22/11/08 16:45:21 INFO MemoryStore: Block broadcast_11 stored as values in memory (estimated size 6.7 KiB, free 434.1 MiB)
22/11/08 16:45:21 INFO MemoryStore: Block broadcast_11_piece0 stored as bytes in memory (estimated size 3.8 KiB, free 434.1 MiB)
22/11/08 16:45:21 INFO BlockManagerInfo: Added broadcast_11_piece0 in memory on exp-1-01.expanse.sdsc.edu:38295 (size: 3.8 KiB, free: 434.3 MiB)
22/11/08 16:45:21 INFO SparkContext: Created broadcast 11 from broadcast at DAGScheduler.scala:1388
22/11/08 16:45:21 INFO DAGScheduler: Submitting 2 missing tasks from ShuffleMapStage 9 (MapPartitionsRDD[28] at flatMap at Graph.scala:33) (first 15 tasks are for partitions Vector(0, 1))
22/11/08 16:45:21 INFO TaskSchedulerImpl: Adding task set 9.0 with 2 tasks resource profile 0
22/11/08 16:45:21 INFO TaskSetManager: Starting task 0.0 in stage 9.0 (TID 20) (exp-1-01.expanse.sdsc.edu, executor driver, partition 0, NODE_LOCAL, 4477 bytes) taskResourceAssignments Map()
22/11/08 16:45:21 INFO TaskSetManager: Starting task 1.0 in stage 9.0 (TID 21) (exp-1-01.expanse.sdsc.edu, executor driver, partition 1, NODE_LOCAL, 4477 bytes) taskResourceAssignments Map()
22/11/08 16:45:21 INFO Executor: Running task 1.0 in stage 9.0 (TID 21)
22/11/08 16:45:21 INFO Executor: Running task 0.0 in stage 9.0 (TID 20)
22/11/08 16:45:21 INFO ShuffleBlockFetcherIterator: Getting 2 (132.0 B) non-empty blocks including 2 (132.0 B) local and 0 (0.0 B) host-local and 0 (0.0 B) remote blocks
22/11/08 16:45:21 INFO ShuffleBlockFetcherIterator: Started 0 remote fetches in 0 ms
22/11/08 16:45:21 INFO ShuffleBlockFetcherIterator: Getting 2 (126.0 B) non-empty blocks including 2 (126.0 B) local and 0 (0.0 B) host-local and 0 (0.0 B) remote blocks
22/11/08 16:45:21 INFO ShuffleBlockFetcherIterator: Started 0 remote fetches in 1 ms
22/11/08 16:45:21 INFO ShuffleBlockFetcherIterator: Getting 2 (702.0 B) non-empty blocks including 2 (702.0 B) local and 0 (0.0 B) host-local and 0 (0.0 B) remote blocks
22/11/08 16:45:21 INFO ShuffleBlockFetcherIterator: Started 0 remote fetches in 0 ms
22/11/08 16:45:21 INFO Executor: Finished task 1.0 in stage 9.0 (TID 21). 1476 bytes result sent to driver
22/11/08 16:45:21 INFO TaskSetManager: Finished task 1.0 in stage 9.0 (TID 21) in 40 ms on exp-1-01.expanse.sdsc.edu (executor driver) (1/2)
22/11/08 16:45:21 INFO ShuffleBlockFetcherIterator: Getting 2 (736.0 B) non-empty blocks including 2 (736.0 B) local and 0 (0.0 B) host-local and 0 (0.0 B) remote blocks
22/11/08 16:45:21 INFO ShuffleBlockFetcherIterator: Started 0 remote fetches in 0 ms
22/11/08 16:45:21 INFO Executor: Finished task 0.0 in stage 9.0 (TID 20). 1476 bytes result sent to driver
22/11/08 16:45:21 INFO TaskSetManager: Finished task 0.0 in stage 9.0 (TID 20) in 59 ms on exp-1-01.expanse.sdsc.edu (executor driver) (2/2)
22/11/08 16:45:21 INFO TaskSchedulerImpl: Removed TaskSet 9.0, whose tasks have all completed, from pool 
22/11/08 16:45:21 INFO DAGScheduler: ShuffleMapStage 9 (flatMap at Graph.scala:33) finished in 0.068 s
22/11/08 16:45:21 INFO DAGScheduler: looking for newly runnable stages
22/11/08 16:45:21 INFO DAGScheduler: running: Set()
22/11/08 16:45:21 INFO DAGScheduler: waiting: Set(ResultStage 12, ShuffleMapStage 11)
22/11/08 16:45:21 INFO DAGScheduler: failed: Set()
22/11/08 16:45:21 INFO DAGScheduler: Submitting ShuffleMapStage 11 (MapPartitionsRDD[34] at map at Graph.scala:41), which has no missing parents
22/11/08 16:45:21 INFO MemoryStore: Block broadcast_12 stored as values in memory (estimated size 6.8 KiB, free 434.1 MiB)
22/11/08 16:45:21 INFO MemoryStore: Block broadcast_12_piece0 stored as bytes in memory (estimated size 3.8 KiB, free 434.1 MiB)
22/11/08 16:45:21 INFO BlockManagerInfo: Added broadcast_12_piece0 in memory on exp-1-01.expanse.sdsc.edu:38295 (size: 3.8 KiB, free: 434.3 MiB)
22/11/08 16:45:21 INFO SparkContext: Created broadcast 12 from broadcast at DAGScheduler.scala:1388
22/11/08 16:45:21 INFO DAGScheduler: Submitting 2 missing tasks from ShuffleMapStage 11 (MapPartitionsRDD[34] at map at Graph.scala:41) (first 15 tasks are for partitions Vector(0, 1))
22/11/08 16:45:21 INFO TaskSchedulerImpl: Adding task set 11.0 with 2 tasks resource profile 0
22/11/08 16:45:21 INFO TaskSetManager: Starting task 0.0 in stage 11.0 (TID 22) (exp-1-01.expanse.sdsc.edu, executor driver, partition 0, NODE_LOCAL, 4477 bytes) taskResourceAssignments Map()
22/11/08 16:45:21 INFO TaskSetManager: Starting task 1.0 in stage 11.0 (TID 23) (exp-1-01.expanse.sdsc.edu, executor driver, partition 1, NODE_LOCAL, 4477 bytes) taskResourceAssignments Map()
22/11/08 16:45:21 INFO Executor: Running task 1.0 in stage 11.0 (TID 23)
22/11/08 16:45:21 INFO Executor: Running task 0.0 in stage 11.0 (TID 22)
22/11/08 16:45:21 INFO ShuffleBlockFetcherIterator: Getting 2 (132.0 B) non-empty blocks including 2 (132.0 B) local and 0 (0.0 B) host-local and 0 (0.0 B) remote blocks
22/11/08 16:45:21 INFO ShuffleBlockFetcherIterator: Started 0 remote fetches in 0 ms
22/11/08 16:45:21 INFO ShuffleBlockFetcherIterator: Getting 2 (126.0 B) non-empty blocks including 2 (126.0 B) local and 0 (0.0 B) host-local and 0 (0.0 B) remote blocks
22/11/08 16:45:21 INFO ShuffleBlockFetcherIterator: Started 0 remote fetches in 0 ms
22/11/08 16:45:21 INFO ShuffleBlockFetcherIterator: Getting 2 (702.0 B) non-empty blocks including 2 (702.0 B) local and 0 (0.0 B) host-local and 0 (0.0 B) remote blocks
22/11/08 16:45:21 INFO ShuffleBlockFetcherIterator: Started 0 remote fetches in 0 ms
22/11/08 16:45:21 INFO ShuffleBlockFetcherIterator: Getting 2 (736.0 B) non-empty blocks including 2 (736.0 B) local and 0 (0.0 B) host-local and 0 (0.0 B) remote blocks
22/11/08 16:45:21 INFO ShuffleBlockFetcherIterator: Started 0 remote fetches in 0 ms
22/11/08 16:45:21 INFO Executor: Finished task 1.0 in stage 11.0 (TID 23). 1476 bytes result sent to driver
22/11/08 16:45:21 INFO TaskSetManager: Finished task 1.0 in stage 11.0 (TID 23) in 47 ms on exp-1-01.expanse.sdsc.edu (executor driver) (1/2)
22/11/08 16:45:21 INFO Executor: Finished task 0.0 in stage 11.0 (TID 22). 1476 bytes result sent to driver
22/11/08 16:45:21 INFO TaskSetManager: Finished task 0.0 in stage 11.0 (TID 22) in 61 ms on exp-1-01.expanse.sdsc.edu (executor driver) (2/2)
22/11/08 16:45:21 INFO TaskSchedulerImpl: Removed TaskSet 11.0, whose tasks have all completed, from pool 
22/11/08 16:45:21 INFO DAGScheduler: ShuffleMapStage 11 (map at Graph.scala:41) finished in 0.084 s
22/11/08 16:45:21 INFO DAGScheduler: looking for newly runnable stages
22/11/08 16:45:21 INFO DAGScheduler: running: Set()
22/11/08 16:45:21 INFO DAGScheduler: waiting: Set(ResultStage 12)
22/11/08 16:45:21 INFO DAGScheduler: failed: Set()
22/11/08 16:45:21 INFO DAGScheduler: Submitting ResultStage 12 (MapPartitionsRDD[38] at sortBy at Graph.scala:43), which has no missing parents
22/11/08 16:45:21 INFO MemoryStore: Block broadcast_13 stored as values in memory (estimated size 6.4 KiB, free 434.1 MiB)
22/11/08 16:45:21 INFO MemoryStore: Block broadcast_13_piece0 stored as bytes in memory (estimated size 3.4 KiB, free 434.1 MiB)
22/11/08 16:45:21 INFO BlockManagerInfo: Added broadcast_13_piece0 in memory on exp-1-01.expanse.sdsc.edu:38295 (size: 3.4 KiB, free: 434.3 MiB)
22/11/08 16:45:21 INFO SparkContext: Created broadcast 13 from broadcast at DAGScheduler.scala:1388
22/11/08 16:45:21 INFO DAGScheduler: Submitting 2 missing tasks from ResultStage 12 (MapPartitionsRDD[38] at sortBy at Graph.scala:43) (first 15 tasks are for partitions Vector(0, 1))
22/11/08 16:45:21 INFO TaskSchedulerImpl: Adding task set 12.0 with 2 tasks resource profile 0
22/11/08 16:45:21 INFO TaskSetManager: Starting task 0.0 in stage 12.0 (TID 24) (exp-1-01.expanse.sdsc.edu, executor driver, partition 0, NODE_LOCAL, 4271 bytes) taskResourceAssignments Map()
22/11/08 16:45:21 INFO TaskSetManager: Starting task 1.0 in stage 12.0 (TID 25) (exp-1-01.expanse.sdsc.edu, executor driver, partition 1, NODE_LOCAL, 4271 bytes) taskResourceAssignments Map()
22/11/08 16:45:21 INFO Executor: Running task 1.0 in stage 12.0 (TID 25)
22/11/08 16:45:21 INFO Executor: Running task 0.0 in stage 12.0 (TID 24)
22/11/08 16:45:21 INFO ShuffleBlockFetcherIterator: Getting 2 (98.0 B) non-empty blocks including 2 (98.0 B) local and 0 (0.0 B) host-local and 0 (0.0 B) remote blocks
22/11/08 16:45:21 INFO ShuffleBlockFetcherIterator: Started 0 remote fetches in 2 ms
22/11/08 16:45:21 INFO ShuffleBlockFetcherIterator: Getting 2 (98.0 B) non-empty blocks including 2 (98.0 B) local and 0 (0.0 B) host-local and 0 (0.0 B) remote blocks
22/11/08 16:45:21 INFO ShuffleBlockFetcherIterator: Started 0 remote fetches in 1 ms
22/11/08 16:45:21 INFO Executor: Finished task 1.0 in stage 12.0 (TID 25). 1500 bytes result sent to driver
22/11/08 16:45:21 INFO Executor: Finished task 0.0 in stage 12.0 (TID 24). 1500 bytes result sent to driver
22/11/08 16:45:21 INFO TaskSetManager: Finished task 1.0 in stage 12.0 (TID 25) in 59 ms on exp-1-01.expanse.sdsc.edu (executor driver) (1/2)
22/11/08 16:45:21 INFO TaskSetManager: Finished task 0.0 in stage 12.0 (TID 24) in 71 ms on exp-1-01.expanse.sdsc.edu (executor driver) (2/2)
22/11/08 16:45:21 INFO TaskSchedulerImpl: Removed TaskSet 12.0, whose tasks have all completed, from pool 
22/11/08 16:45:21 INFO DAGScheduler: ResultStage 12 (sortBy at Graph.scala:43) finished in 0.109 s
22/11/08 16:45:21 INFO DAGScheduler: Job 1 is finished. Cancelling potential speculative or zombie tasks for this job
22/11/08 16:45:21 INFO TaskSchedulerImpl: Killing all running tasks in stage 12: Stage finished
22/11/08 16:45:21 INFO DAGScheduler: Job 1 finished: sortBy at Graph.scala:43, took 1.479910 s
22/11/08 16:45:21 INFO SparkContext: Starting job: collect at Graph.scala:43
22/11/08 16:45:21 INFO DAGScheduler: Registering RDD 36 (sortBy at Graph.scala:43) as input to shuffle 11
22/11/08 16:45:21 INFO DAGScheduler: Got job 2 (collect at Graph.scala:43) with 2 output partitions
22/11/08 16:45:21 INFO DAGScheduler: Final stage: ResultStage 25 (collect at Graph.scala:43)
22/11/08 16:45:21 INFO DAGScheduler: Parents of final stage: List(ShuffleMapStage 24)
22/11/08 16:45:21 INFO DAGScheduler: Missing parents: List(ShuffleMapStage 24)
22/11/08 16:45:21 INFO DAGScheduler: Submitting ShuffleMapStage 24 (MapPartitionsRDD[36] at sortBy at Graph.scala:43), which has no missing parents
22/11/08 16:45:21 INFO MemoryStore: Block broadcast_14 stored as values in memory (estimated size 6.3 KiB, free 434.1 MiB)
22/11/08 16:45:21 INFO MemoryStore: Block broadcast_14_piece0 stored as bytes in memory (estimated size 3.6 KiB, free 434.1 MiB)
22/11/08 16:45:21 INFO BlockManagerInfo: Added broadcast_14_piece0 in memory on exp-1-01.expanse.sdsc.edu:38295 (size: 3.6 KiB, free: 434.3 MiB)
22/11/08 16:45:21 INFO SparkContext: Created broadcast 14 from broadcast at DAGScheduler.scala:1388
22/11/08 16:45:21 INFO DAGScheduler: Submitting 2 missing tasks from ShuffleMapStage 24 (MapPartitionsRDD[36] at sortBy at Graph.scala:43) (first 15 tasks are for partitions Vector(0, 1))
22/11/08 16:45:21 INFO TaskSchedulerImpl: Adding task set 24.0 with 2 tasks resource profile 0
22/11/08 16:45:21 INFO TaskSetManager: Starting task 0.0 in stage 24.0 (TID 26) (exp-1-01.expanse.sdsc.edu, executor driver, partition 0, NODE_LOCAL, 4260 bytes) taskResourceAssignments Map()
22/11/08 16:45:21 INFO TaskSetManager: Starting task 1.0 in stage 24.0 (TID 27) (exp-1-01.expanse.sdsc.edu, executor driver, partition 1, NODE_LOCAL, 4260 bytes) taskResourceAssignments Map()
22/11/08 16:45:21 INFO Executor: Running task 0.0 in stage 24.0 (TID 26)
22/11/08 16:45:21 INFO Executor: Running task 1.0 in stage 24.0 (TID 27)
22/11/08 16:45:21 INFO BlockManagerInfo: Removed broadcast_3_piece0 on exp-1-01.expanse.sdsc.edu:38295 in memory (size: 3.4 KiB, free: 434.3 MiB)
22/11/08 16:45:21 INFO ShuffleBlockFetcherIterator: Getting 2 (98.0 B) non-empty blocks including 2 (98.0 B) local and 0 (0.0 B) host-local and 0 (0.0 B) remote blocks
22/11/08 16:45:21 INFO ShuffleBlockFetcherIterator: Started 0 remote fetches in 1 ms
22/11/08 16:45:21 INFO ShuffleBlockFetcherIterator: Getting 2 (98.0 B) non-empty blocks including 2 (98.0 B) local and 0 (0.0 B) host-local and 0 (0.0 B) remote blocks
22/11/08 16:45:21 INFO ShuffleBlockFetcherIterator: Started 0 remote fetches in 33 ms
22/11/08 16:45:21 INFO BlockManagerInfo: Removed broadcast_8_piece0 on exp-1-01.expanse.sdsc.edu:38295 in memory (size: 3.8 KiB, free: 434.3 MiB)
22/11/08 16:45:21 INFO Executor: Finished task 1.0 in stage 24.0 (TID 27). 1476 bytes result sent to driver
22/11/08 16:45:21 INFO TaskSetManager: Finished task 1.0 in stage 24.0 (TID 27) in 116 ms on exp-1-01.expanse.sdsc.edu (executor driver) (1/2)
22/11/08 16:45:21 INFO Executor: Finished task 0.0 in stage 24.0 (TID 26). 1476 bytes result sent to driver
22/11/08 16:45:21 INFO TaskSetManager: Finished task 0.0 in stage 24.0 (TID 26) in 130 ms on exp-1-01.expanse.sdsc.edu (executor driver) (2/2)
22/11/08 16:45:21 INFO TaskSchedulerImpl: Removed TaskSet 24.0, whose tasks have all completed, from pool 
22/11/08 16:45:21 INFO DAGScheduler: ShuffleMapStage 24 (sortBy at Graph.scala:43) finished in 0.181 s
22/11/08 16:45:21 INFO DAGScheduler: looking for newly runnable stages
22/11/08 16:45:21 INFO DAGScheduler: running: Set()
22/11/08 16:45:21 INFO DAGScheduler: waiting: Set(ResultStage 25)
22/11/08 16:45:21 INFO DAGScheduler: failed: Set()
22/11/08 16:45:21 INFO DAGScheduler: Submitting ResultStage 25 (MapPartitionsRDD[40] at sortBy at Graph.scala:43), which has no missing parents
22/11/08 16:45:21 INFO MemoryStore: Block broadcast_15 stored as values in memory (estimated size 4.6 KiB, free 434.1 MiB)
22/11/08 16:45:21 INFO MemoryStore: Block broadcast_15_piece0 stored as bytes in memory (estimated size 2.6 KiB, free 434.1 MiB)
22/11/08 16:45:21 INFO BlockManagerInfo: Added broadcast_15_piece0 in memory on exp-1-01.expanse.sdsc.edu:38295 (size: 2.6 KiB, free: 434.3 MiB)
22/11/08 16:45:21 INFO SparkContext: Created broadcast 15 from broadcast at DAGScheduler.scala:1388
22/11/08 16:45:21 INFO DAGScheduler: Submitting 2 missing tasks from ResultStage 25 (MapPartitionsRDD[40] at sortBy at Graph.scala:43) (first 15 tasks are for partitions Vector(0, 1))
22/11/08 16:45:21 INFO TaskSchedulerImpl: Adding task set 25.0 with 2 tasks resource profile 0
22/11/08 16:45:21 INFO TaskSetManager: Starting task 0.0 in stage 25.0 (TID 28) (exp-1-01.expanse.sdsc.edu, executor driver, partition 0, NODE_LOCAL, 4271 bytes) taskResourceAssignments Map()
22/11/08 16:45:21 INFO TaskSetManager: Starting task 1.0 in stage 25.0 (TID 29) (exp-1-01.expanse.sdsc.edu, executor driver, partition 1, NODE_LOCAL, 4271 bytes) taskResourceAssignments Map()
22/11/08 16:45:21 INFO Executor: Running task 1.0 in stage 25.0 (TID 29)
22/11/08 16:45:21 INFO Executor: Running task 0.0 in stage 25.0 (TID 28)
22/11/08 16:45:22 INFO ShuffleBlockFetcherIterator: Getting 1 (228.0 B) non-empty blocks including 1 (228.0 B) local and 0 (0.0 B) host-local and 0 (0.0 B) remote blocks
22/11/08 16:45:22 INFO ShuffleBlockFetcherIterator: Started 0 remote fetches in 1 ms
22/11/08 16:45:22 INFO BlockManagerInfo: Removed broadcast_4_piece0 on exp-1-01.expanse.sdsc.edu:38295 in memory (size: 3.4 KiB, free: 434.3 MiB)
22/11/08 16:45:22 INFO ShuffleBlockFetcherIterator: Getting 1 (228.0 B) non-empty blocks including 1 (228.0 B) local and 0 (0.0 B) host-local and 0 (0.0 B) remote blocks
22/11/08 16:45:22 INFO ShuffleBlockFetcherIterator: Started 0 remote fetches in 1 ms
22/11/08 16:45:22 INFO Executor: Finished task 0.0 in stage 25.0 (TID 28). 1456 bytes result sent to driver
22/11/08 16:45:22 INFO TaskSetManager: Finished task 0.0 in stage 25.0 (TID 28) in 55 ms on exp-1-01.expanse.sdsc.edu (executor driver) (1/2)
22/11/08 16:45:22 INFO Executor: Finished task 1.0 in stage 25.0 (TID 29). 1456 bytes result sent to driver
22/11/08 16:45:22 INFO TaskSetManager: Finished task 1.0 in stage 25.0 (TID 29) in 67 ms on exp-1-01.expanse.sdsc.edu (executor driver) (2/2)
22/11/08 16:45:22 INFO TaskSchedulerImpl: Removed TaskSet 25.0, whose tasks have all completed, from pool 
22/11/08 16:45:22 INFO DAGScheduler: ResultStage 25 (collect at Graph.scala:43) finished in 0.099 s
22/11/08 16:45:22 INFO DAGScheduler: Job 2 is finished. Cancelling potential speculative or zombie tasks for this job
22/11/08 16:45:22 INFO TaskSchedulerImpl: Killing all running tasks in stage 25: Stage finished
22/11/08 16:45:22 INFO DAGScheduler: Job 2 finished: collect at Graph.scala:43, took 0.309496 s
(0,3)
(1,7)
22/11/08 16:45:22 INFO BlockManagerInfo: Removed broadcast_13_piece0 on exp-1-01.expanse.sdsc.edu:38295 in memory (size: 3.4 KiB, free: 434.3 MiB)
22/11/08 16:45:22 INFO SparkUI: Stopped Spark web UI at http://exp-1-01.expanse.sdsc.edu:4042
22/11/08 16:45:22 INFO MapOutputTrackerMasterEndpoint: MapOutputTrackerMasterEndpoint stopped!
22/11/08 16:45:22 INFO MemoryStore: MemoryStore cleared
22/11/08 16:45:22 INFO BlockManager: BlockManager stopped
22/11/08 16:45:22 INFO BlockManagerMaster: BlockManagerMaster stopped
22/11/08 16:45:22 INFO OutputCommitCoordinator$OutputCommitCoordinatorEndpoint: OutputCommitCoordinator stopped!
22/11/08 16:45:22 INFO SparkContext: Successfully stopped SparkContext
22/11/08 16:45:22 INFO ShutdownHookManager: Shutdown hook called
22/11/08 16:45:22 INFO ShutdownHookManager: Deleting directory /tmp/spark-1f060681-cf7d-4105-b3e0-2990f3e1e253
22/11/08 16:45:22 INFO ShutdownHookManager: Deleting directory /tmp/spark-25f104e3-3ec4-47ca-bcdb-29ad075656d7
